[0.023s] Invoking command in '/home/curro/ROAR/ros2_ws/build/cpp_arduino_comm_usb': CMAKE_PREFIX_PATH=/home/curro/ROAR/ros2_ws/install/roar_gokart_msgs:/home/curro/ROAR/ros2_ws/install/cpp_hello_udp:/home/curro/ROAR/ros2_ws/install/cpp_arduino_comm_usb:/opt/ros/iron CONDA_PROMPT_MODIFIER=(base) /home/curro/anaconda3/bin/cmake --build /home/curro/ROAR/ros2_ws/build/cpp_arduino_comm_usb -- -j8 -l8
[0.081s] -- Found ament_cmake: 2.0.3 (/opt/ros/iron/share/ament_cmake/cmake)
[0.371s] -- Found rclcpp: 21.0.3 (/opt/ros/iron/share/rclcpp/cmake)
[0.424s] -- Found rosidl_generator_c: 4.0.1 (/opt/ros/iron/share/rosidl_generator_c/cmake)
[0.440s] -- Found rosidl_generator_cpp: 4.0.1 (/opt/ros/iron/share/rosidl_generator_cpp/cmake)
[0.464s] -- Using all available rosidl_typesupport_c: rosidl_typesupport_fastrtps_c;rosidl_typesupport_introspection_c
[0.494s] -- Using all available rosidl_typesupport_cpp: rosidl_typesupport_fastrtps_cpp;rosidl_typesupport_introspection_cpp
[0.765s] -- Found rmw_implementation_cmake: 7.1.0 (/opt/ros/iron/share/rmw_implementation_cmake/cmake)
[0.767s] -- Found rmw_fastrtps_cpp: 7.1.1 (/opt/ros/iron/share/rmw_fastrtps_cpp/cmake)
[0.980s] -- Using RMW implementation 'rmw_fastrtps_cpp' as default
[1.275s] -- Found std_msgs: 5.0.0 (/opt/ros/iron/share/std_msgs/cmake)
[1.333s] -- Found roar_gokart_msgs: 0.0.0 (/home/curro/ROAR/ros2_ws/install/roar_gokart_msgs/share/roar_gokart_msgs/cmake)
[1.420s] -- Configuring incomplete, errors occurred!
[1.420s] [31mCMake Error at CMakeLists.txt:18 (find_package):
[1.420s]   By not providing "Findrapidjson.cmake" in CMAKE_MODULE_PATH this project
[1.421s]   has asked CMake to find a package configuration file provided by
[1.421s]   "rapidjson", but CMake did not find one.
[1.421s] 
[1.421s]   Could not find a package configuration file provided by "rapidjson" with
[1.421s]   any of the following names:
[1.421s] 
[1.421s]     rapidjsonConfig.cmake
[1.422s]     rapidjson-config.cmake
[1.422s] 
[1.422s]   Add the installation prefix of "rapidjson" to CMAKE_PREFIX_PATH or set
[1.422s]   "rapidjson_DIR" to a directory containing one of the above files.  If
[1.422s]   "rapidjson" provides a separate development package or SDK, be sure it has
[1.422s]   been installed.
[1.423s] 
[1.423s] [0m
[1.427s] gmake: *** [Makefile:267: cmake_check_build_system] Error 1
[1.435s] Invoked command in '/home/curro/ROAR/ros2_ws/build/cpp_arduino_comm_usb' returned '2': CMAKE_PREFIX_PATH=/home/curro/ROAR/ros2_ws/install/roar_gokart_msgs:/home/curro/ROAR/ros2_ws/install/cpp_hello_udp:/home/curro/ROAR/ros2_ws/install/cpp_arduino_comm_usb:/opt/ros/iron CONDA_PROMPT_MODIFIER=(base) /home/curro/anaconda3/bin/cmake --build /home/curro/ROAR/ros2_ws/build/cpp_arduino_comm_usb -- -j8 -l8
