[0.538s] Invoking command in '/home/curro/ROAR/ros2_ws/src/arduino_comm': AMENT_PREFIX_PATH=/home/curro/ROAR/ros2_ws/install/roar_gokart_msgs:${AMENT_PREFIX_PATH} CMAKE_PREFIX_PATH=/home/curro/ROAR/ros2_ws/install/roar_gokart_msgs CONDA_PROMPT_MODIFIER=(base) LD_LIBRARY_PATH=/home/curro/ROAR/ros2_ws/install/roar_gokart_msgs/lib:${LD_LIBRARY_PATH} PYTHONPATH=/home/curro/ROAR/ros2_ws/build/arduino_comm/prefix_override:/home/curro/ROAR/ros2_ws/install/arduino_comm/lib/python3.10/site-packages:/home/curro/ROAR/ros2_ws/install/roar_gokart_msgs/lib/python3.11/site-packages:${PYTHONPATH} /usr/bin/python3 setup.py egg_info --egg-base ../../build/arduino_comm build --build-base /home/curro/ROAR/ros2_ws/build/arduino_comm/build install --record /home/curro/ROAR/ros2_ws/build/arduino_comm/install.log --single-version-externally-managed
[0.728s] running egg_info
[0.728s] writing ../../build/arduino_comm/arduino_comm.egg-info/PKG-INFO
[0.729s] writing dependency_links to ../../build/arduino_comm/arduino_comm.egg-info/dependency_links.txt
[0.729s] writing entry points to ../../build/arduino_comm/arduino_comm.egg-info/entry_points.txt
[0.729s] writing requirements to ../../build/arduino_comm/arduino_comm.egg-info/requires.txt
[0.729s] writing top-level names to ../../build/arduino_comm/arduino_comm.egg-info/top_level.txt
[0.731s] reading manifest file '../../build/arduino_comm/arduino_comm.egg-info/SOURCES.txt'
[0.732s] writing manifest file '../../build/arduino_comm/arduino_comm.egg-info/SOURCES.txt'
[0.732s] running build
[0.732s] running build_py
[0.732s] running install
[0.732s] /usr/lib/python3/dist-packages/setuptools/command/install.py:34: SetuptoolsDeprecationWarning: setup.py install is deprecated. Use build and pip and other standards-based tools.
[0.732s]   warnings.warn(
[0.732s] running install_lib
[0.733s] running install_data
[0.734s] running install_egg_info
[0.735s] removing '/home/curro/ROAR/ros2_ws/install/arduino_comm/lib/python3.10/site-packages/arduino_comm-0.0.0-py3.10.egg-info' (and everything under it)
[0.735s] Copying ../../build/arduino_comm/arduino_comm.egg-info to /home/curro/ROAR/ros2_ws/install/arduino_comm/lib/python3.10/site-packages/arduino_comm-0.0.0-py3.10.egg-info
[0.736s] running install_scripts
[0.756s] Installing arduino_comm_node script to /home/curro/ROAR/ros2_ws/install/arduino_comm/lib/arduino_comm
[0.756s] writing list of installed files to '/home/curro/ROAR/ros2_ws/build/arduino_comm/install.log'
[0.792s] Invoked command in '/home/curro/ROAR/ros2_ws/src/arduino_comm' returned '0': AMENT_PREFIX_PATH=/home/curro/ROAR/ros2_ws/install/roar_gokart_msgs:${AMENT_PREFIX_PATH} CMAKE_PREFIX_PATH=/home/curro/ROAR/ros2_ws/install/roar_gokart_msgs CONDA_PROMPT_MODIFIER=(base) LD_LIBRARY_PATH=/home/curro/ROAR/ros2_ws/install/roar_gokart_msgs/lib:${LD_LIBRARY_PATH} PYTHONPATH=/home/curro/ROAR/ros2_ws/build/arduino_comm/prefix_override:/home/curro/ROAR/ros2_ws/install/arduino_comm/lib/python3.10/site-packages:/home/curro/ROAR/ros2_ws/install/roar_gokart_msgs/lib/python3.11/site-packages:${PYTHONPATH} /usr/bin/python3 setup.py egg_info --egg-base ../../build/arduino_comm build --build-base /home/curro/ROAR/ros2_ws/build/arduino_comm/build install --record /home/curro/ROAR/ros2_ws/build/arduino_comm/install.log --single-version-externally-managed
