[0.009s] Invoking command in '/home/curro/ROAR/ros2_ws/build/cpp_arduino_comm': CMAKE_PREFIX_PATH=/home/curro/ROAR/ros2_ws/install/roar_gokart_msgs:/home/curro/ROAR/ros2_ws/install/cpp_hello_udp:/home/curro/ROAR/ros2_ws/install/cpp_arduino_comm_usb:/home/curro/ROAR/ros2_ws/install/arduino_comm:/opt/ros/iron CONDA_PROMPT_MODIFIER=(base) /home/curro/anaconda3/bin/cmake /home/curro/ROAR/ros2_ws/src/cpp_arduino_comm -DCMAKE_INSTALL_PREFIX=/home/curro/ROAR/ros2_ws/install/cpp_arduino_comm
[0.076s] -- The C compiler identification is GNU 11.4.0
[0.126s] -- The CXX compiler identification is GNU 11.4.0
[0.144s] -- Detecting C compiler ABI info
[0.211s] -- Detecting C compiler ABI info - done
[0.222s] -- Check for working C compiler: /usr/bin/cc - skipped
[0.222s] -- Detecting C compile features
[0.222s] -- Detecting C compile features - done
[0.230s] -- Detecting CXX compiler ABI info
[0.313s] -- Detecting CXX compiler ABI info - done
[0.323s] -- Check for working CXX compiler: /usr/bin/c++ - skipped
[0.324s] -- Detecting CXX compile features
[0.324s] -- Detecting CXX compile features - done
[0.326s] -- Found ament_cmake: 2.0.3 (/opt/ros/iron/share/ament_cmake/cmake)
[0.761s] -- Found Python3: /home/curro/anaconda3/bin/python3.11 (found version "3.11.4") found components: Interpreter 
[0.865s] -- Found rclcpp: 21.0.3 (/opt/ros/iron/share/rclcpp/cmake)
[0.907s] -- Found rosidl_generator_c: 4.0.1 (/opt/ros/iron/share/rosidl_generator_c/cmake)
[0.920s] -- Found rosidl_generator_cpp: 4.0.1 (/opt/ros/iron/share/rosidl_generator_cpp/cmake)
[0.938s] -- Using all available rosidl_typesupport_c: rosidl_typesupport_fastrtps_c;rosidl_typesupport_introspection_c
[0.960s] -- Using all available rosidl_typesupport_cpp: rosidl_typesupport_fastrtps_cpp;rosidl_typesupport_introspection_cpp
[1.132s] -- Found rmw_implementation_cmake: 7.1.0 (/opt/ros/iron/share/rmw_implementation_cmake/cmake)
[1.135s] -- Found rmw_fastrtps_cpp: 7.1.1 (/opt/ros/iron/share/rmw_fastrtps_cpp/cmake)
[1.244s] -- Found OpenSSL: /usr/lib/x86_64-linux-gnu/libcrypto.so (found version "3.0.2")  
[1.273s] -- Found FastRTPS: /opt/ros/iron/include  
[1.323s] -- Using RMW implementation 'rmw_fastrtps_cpp' as default
[1.518s] -- Found std_msgs: 5.0.0 (/opt/ros/iron/share/std_msgs/cmake)
[1.556s] -- Found roar_gokart_msgs: 0.0.0 (/home/curro/ROAR/ros2_ws/install/roar_gokart_msgs/share/roar_gokart_msgs/cmake)
[1.604s] -- Found ament_lint_auto: 0.14.2 (/opt/ros/iron/share/ament_lint_auto/cmake)
[1.699s] -- Added test 'cppcheck' to perform static code analysis on C / C++ code
[1.699s] -- Configured cppcheck include dirs: /home/curro/ROAR/ros2_ws/src/cpp_arduino_comm/include;$<BUILD_INTERFACE:/home/curro/ROAR/ros2_ws/src/cpp_arduino_comm/include>
[1.699s] -- Configured cppcheck exclude dirs and/or files: 
[1.700s] -- Added test 'lint_cmake' to check CMake code style
[1.701s] -- Added test 'uncrustify' to check C / C++ code style
[1.701s] -- Configured uncrustify additional arguments: 
[1.701s] -- Added test 'xmllint' to check XML markup files
[1.703s] -- Configuring done (1.7s)
[1.714s] -- Generating done (0.0s)
[1.716s] -- Build files have been written to: /home/curro/ROAR/ros2_ws/build/cpp_arduino_comm
[1.738s] Invoked command in '/home/curro/ROAR/ros2_ws/build/cpp_arduino_comm' returned '0': CMAKE_PREFIX_PATH=/home/curro/ROAR/ros2_ws/install/roar_gokart_msgs:/home/curro/ROAR/ros2_ws/install/cpp_hello_udp:/home/curro/ROAR/ros2_ws/install/cpp_arduino_comm_usb:/home/curro/ROAR/ros2_ws/install/arduino_comm:/opt/ros/iron CONDA_PROMPT_MODIFIER=(base) /home/curro/anaconda3/bin/cmake /home/curro/ROAR/ros2_ws/src/cpp_arduino_comm -DCMAKE_INSTALL_PREFIX=/home/curro/ROAR/ros2_ws/install/cpp_arduino_comm
[1.740s] Invoking command in '/home/curro/ROAR/ros2_ws/build/cpp_arduino_comm': CMAKE_PREFIX_PATH=/home/curro/ROAR/ros2_ws/install/roar_gokart_msgs:/home/curro/ROAR/ros2_ws/install/cpp_hello_udp:/home/curro/ROAR/ros2_ws/install/cpp_arduino_comm_usb:/home/curro/ROAR/ros2_ws/install/arduino_comm:/opt/ros/iron CONDA_PROMPT_MODIFIER=(base) /home/curro/anaconda3/bin/cmake --build /home/curro/ROAR/ros2_ws/build/cpp_arduino_comm -- -j8 -l8
[1.816s] [ 50%] [32mBuilding CXX object CMakeFiles/arduino_comm_node.dir/src/arduino_comm_node.cpp.o[0m
[8.592s] [100%] [32m[1mLinking CXX executable arduino_comm_node[0m
[8.974s] [100%] Built target arduino_comm_node
[8.996s] Invoked command in '/home/curro/ROAR/ros2_ws/build/cpp_arduino_comm' returned '0': CMAKE_PREFIX_PATH=/home/curro/ROAR/ros2_ws/install/roar_gokart_msgs:/home/curro/ROAR/ros2_ws/install/cpp_hello_udp:/home/curro/ROAR/ros2_ws/install/cpp_arduino_comm_usb:/home/curro/ROAR/ros2_ws/install/arduino_comm:/opt/ros/iron CONDA_PROMPT_MODIFIER=(base) /home/curro/anaconda3/bin/cmake --build /home/curro/ROAR/ros2_ws/build/cpp_arduino_comm -- -j8 -l8
[9.074s] Invoking command in '/home/curro/ROAR/ros2_ws/build/cpp_arduino_comm': CMAKE_PREFIX_PATH=/home/curro/ROAR/ros2_ws/install/roar_gokart_msgs:/home/curro/ROAR/ros2_ws/install/cpp_hello_udp:/home/curro/ROAR/ros2_ws/install/cpp_arduino_comm_usb:/home/curro/ROAR/ros2_ws/install/arduino_comm:/opt/ros/iron CONDA_PROMPT_MODIFIER=(base) /home/curro/anaconda3/bin/cmake --install /home/curro/ROAR/ros2_ws/build/cpp_arduino_comm
[9.125s] -- Install configuration: ""
[9.126s] -- Installing: /home/curro/ROAR/ros2_ws/install/cpp_arduino_comm/lib/cpp_arduino_comm/arduino_comm_node
[9.135s] -- Set runtime path of "/home/curro/ROAR/ros2_ws/install/cpp_arduino_comm/lib/cpp_arduino_comm/arduino_comm_node" to ""
[9.136s] -- Installing: /home/curro/ROAR/ros2_ws/install/cpp_arduino_comm/share/ament_index/resource_index/package_run_dependencies/cpp_arduino_comm
[9.136s] -- Installing: /home/curro/ROAR/ros2_ws/install/cpp_arduino_comm/share/ament_index/resource_index/parent_prefix_path/cpp_arduino_comm
[9.136s] -- Installing: /home/curro/ROAR/ros2_ws/install/cpp_arduino_comm/share/cpp_arduino_comm/environment/ament_prefix_path.sh
[9.137s] -- Installing: /home/curro/ROAR/ros2_ws/install/cpp_arduino_comm/share/cpp_arduino_comm/environment/ament_prefix_path.dsv
[9.137s] -- Installing: /home/curro/ROAR/ros2_ws/install/cpp_arduino_comm/share/cpp_arduino_comm/environment/path.sh
[9.137s] -- Installing: /home/curro/ROAR/ros2_ws/install/cpp_arduino_comm/share/cpp_arduino_comm/environment/path.dsv
[9.137s] -- Installing: /home/curro/ROAR/ros2_ws/install/cpp_arduino_comm/share/cpp_arduino_comm/local_setup.bash
[9.138s] -- Installing: /home/curro/ROAR/ros2_ws/install/cpp_arduino_comm/share/cpp_arduino_comm/local_setup.sh
[9.138s] -- Installing: /home/curro/ROAR/ros2_ws/install/cpp_arduino_comm/share/cpp_arduino_comm/local_setup.zsh
[9.138s] -- Installing: /home/curro/ROAR/ros2_ws/install/cpp_arduino_comm/share/cpp_arduino_comm/local_setup.dsv
[9.138s] -- Installing: /home/curro/ROAR/ros2_ws/install/cpp_arduino_comm/share/cpp_arduino_comm/package.dsv
[9.138s] -- Installing: /home/curro/ROAR/ros2_ws/install/cpp_arduino_comm/share/ament_index/resource_index/packages/cpp_arduino_comm
[9.138s] -- Installing: /home/curro/ROAR/ros2_ws/install/cpp_arduino_comm/share/cpp_arduino_comm/cmake/cpp_arduino_commConfig.cmake
[9.139s] -- Installing: /home/curro/ROAR/ros2_ws/install/cpp_arduino_comm/share/cpp_arduino_comm/cmake/cpp_arduino_commConfig-version.cmake
[9.139s] -- Installing: /home/curro/ROAR/ros2_ws/install/cpp_arduino_comm/share/cpp_arduino_comm/package.xml
[9.147s] Invoked command in '/home/curro/ROAR/ros2_ws/build/cpp_arduino_comm' returned '0': CMAKE_PREFIX_PATH=/home/curro/ROAR/ros2_ws/install/roar_gokart_msgs:/home/curro/ROAR/ros2_ws/install/cpp_hello_udp:/home/curro/ROAR/ros2_ws/install/cpp_arduino_comm_usb:/home/curro/ROAR/ros2_ws/install/arduino_comm:/opt/ros/iron CONDA_PROMPT_MODIFIER=(base) /home/curro/anaconda3/bin/cmake --install /home/curro/ROAR/ros2_ws/build/cpp_arduino_comm
