[0.010s] Invoking command in '/home/curro/ROAR/ros2_ws/build/roar_gokart_msgs': CMAKE_PREFIX_PATH=${CMAKE_PREFIX_PATH}:/opt/ros/iron CONDA_PROMPT_MODIFIER=(base) /home/curro/anaconda3/bin/cmake /home/curro/ROAR/ros2_ws/src/roar_gokart_msgs -DCMAKE_INSTALL_PREFIX=/home/curro/ROAR/ros2_ws/install/roar_gokart_msgs
[0.097s] -- The C compiler identification is GNU 11.4.0
[0.148s] -- The CXX compiler identification is GNU 11.4.0
[0.164s] -- Detecting C compiler ABI info
[0.227s] -- Detecting C compiler ABI info - done
[0.254s] -- Check for working C compiler: /usr/bin/cc - skipped
[0.254s] -- Detecting C compile features
[0.255s] -- Detecting C compile features - done
[0.268s] -- Detecting CXX compiler ABI info
[0.350s] -- Detecting CXX compiler ABI info - done
[0.361s] -- Check for working CXX compiler: /usr/bin/c++ - skipped
[0.361s] -- Detecting CXX compile features
[0.361s] -- Detecting CXX compile features - done
[0.363s] -- Found ament_cmake: 2.0.3 (/opt/ros/iron/share/ament_cmake/cmake)
[0.953s] -- Found Python3: /home/curro/anaconda3/bin/python3.11 (found version "3.11.4") found components: Interpreter 
[1.061s] -- Found std_msgs: 5.0.0 (/opt/ros/iron/share/std_msgs/cmake)
[1.118s] -- Found rosidl_generator_c: 4.0.1 (/opt/ros/iron/share/rosidl_generator_c/cmake)
[1.131s] -- Found rosidl_generator_cpp: 4.0.1 (/opt/ros/iron/share/rosidl_generator_cpp/cmake)
[1.150s] -- Using all available rosidl_typesupport_c: rosidl_typesupport_fastrtps_c;rosidl_typesupport_introspection_c
[1.171s] -- Using all available rosidl_typesupport_cpp: rosidl_typesupport_fastrtps_cpp;rosidl_typesupport_introspection_cpp
[1.244s] -- Found rosidl_default_generators: 1.5.0 (/opt/ros/iron/share/rosidl_default_generators/cmake)
[1.259s] -- Found rosidl_adapter: 4.0.1 (/opt/ros/iron/share/rosidl_adapter/cmake)
[2.184s] -- Found ament_cmake_ros: 0.11.2 (/opt/ros/iron/share/ament_cmake_ros/cmake)
[3.460s] -- Using all available rosidl_typesupport_c: rosidl_typesupport_fastrtps_c;rosidl_typesupport_introspection_c
[3.979s] -- Using all available rosidl_typesupport_cpp: rosidl_typesupport_fastrtps_cpp;rosidl_typesupport_introspection_cpp
[3.994s] [33mCMake Warning (dev) at /opt/ros/iron/share/rosidl_generator_py/cmake/rosidl_generator_py_generate_interfaces.cmake:20 (find_package):
[3.994s]   Policy CMP0148 is not set: The FindPythonInterp and FindPythonLibs modules
[3.994s]   are removed.  Run "cmake --help-policy CMP0148" for policy details.  Use
[3.994s]   the cmake_policy command to set the policy and suppress this warning.
[3.994s] 
[3.994s] Call Stack (most recent call first):
[3.995s]   /opt/ros/iron/share/ament_cmake_core/cmake/core/ament_execute_extensions.cmake:48 (include)
[3.995s]   /opt/ros/iron/share/rosidl_cmake/cmake/rosidl_generate_interfaces.cmake:316 (ament_execute_extensions)
[3.995s]   CMakeLists.txt:9 (rosidl_generate_interfaces)
[3.995s] This warning is for project developers.  Use -Wno-dev to suppress it.
[3.995s] [0m
[4.029s] -- Found PythonInterp: /home/curro/anaconda3/bin/python3 (found suitable version "3.11.4", minimum required is "3.6") 
[4.033s] -- Found python_cmake_module: 0.10.2 (/opt/ros/iron/share/python_cmake_module/cmake)
[4.034s] [33mCMake Warning (dev) at /opt/ros/iron/share/python_cmake_module/cmake/Modules/FindPythonExtra.cmake:52 (find_package):
[4.034s]   Policy CMP0148 is not set: The FindPythonInterp and FindPythonLibs modules
[4.034s]   are removed.  Run "cmake --help-policy CMP0148" for policy details.  Use
[4.034s]   the cmake_policy command to set the policy and suppress this warning.
[4.034s] 
[4.035s] Call Stack (most recent call first):
[4.035s]   /opt/ros/iron/share/rosidl_generator_py/cmake/rosidl_generator_py_generate_interfaces.cmake:23 (find_package)
[4.035s]   /opt/ros/iron/share/ament_cmake_core/cmake/core/ament_execute_extensions.cmake:48 (include)
[4.035s]   /opt/ros/iron/share/rosidl_cmake/cmake/rosidl_generate_interfaces.cmake:316 (ament_execute_extensions)
[4.035s]   CMakeLists.txt:9 (rosidl_generate_interfaces)
[4.035s] This warning is for project developers.  Use -Wno-dev to suppress it.
[4.035s] [0m
[4.071s] [33mCMake Warning (dev) at /opt/ros/iron/share/python_cmake_module/cmake/Modules/FindPythonExtra.cmake:140 (find_package):
[4.071s]   Policy CMP0148 is not set: The FindPythonInterp and FindPythonLibs modules
[4.071s]   are removed.  Run "cmake --help-policy CMP0148" for policy details.  Use
[4.071s]   the cmake_policy command to set the policy and suppress this warning.
[4.071s] 
[4.071s] Call Stack (most recent call first):
[4.071s]   /opt/ros/iron/share/rosidl_generator_py/cmake/rosidl_generator_py_generate_interfaces.cmake:23 (find_package)
[4.072s]   /opt/ros/iron/share/ament_cmake_core/cmake/core/ament_execute_extensions.cmake:48 (include)
[4.072s]   /opt/ros/iron/share/rosidl_cmake/cmake/rosidl_generate_interfaces.cmake:316 (ament_execute_extensions)
[4.072s]   CMakeLists.txt:9 (rosidl_generate_interfaces)
[4.072s] This warning is for project developers.  Use -Wno-dev to suppress it.
[4.072s] [0m
[4.076s] -- Found PythonLibs: /home/curro/anaconda3/lib/libpython3.11.so (found suitable version "3.11.4", minimum required is "3.5") 
[4.077s] -- Using PYTHON_EXECUTABLE: /home/curro/anaconda3/bin/python3
[4.077s] -- Using PYTHON_INCLUDE_DIRS: /home/curro/anaconda3/include/python3.11
[4.077s] -- Using PYTHON_LIBRARIES: /home/curro/anaconda3/lib/libpython3.11.so
[4.116s] -- Found PythonExtra: .so  
[4.363s] -- Using numpy include directory: /home/curro/anaconda3/lib/python3.11/site-packages/numpy/core/include
[4.380s] -- Configuring done (4.3s)
[4.425s] -- Generating done (0.0s)
[4.427s] -- Build files have been written to: /home/curro/ROAR/ros2_ws/build/roar_gokart_msgs
[4.439s] Invoked command in '/home/curro/ROAR/ros2_ws/build/roar_gokart_msgs' returned '0': CMAKE_PREFIX_PATH=${CMAKE_PREFIX_PATH}:/opt/ros/iron CONDA_PROMPT_MODIFIER=(base) /home/curro/anaconda3/bin/cmake /home/curro/ROAR/ros2_ws/src/roar_gokart_msgs -DCMAKE_INSTALL_PREFIX=/home/curro/ROAR/ros2_ws/install/roar_gokart_msgs
[4.441s] Invoking command in '/home/curro/ROAR/ros2_ws/build/roar_gokart_msgs': CMAKE_PREFIX_PATH=${CMAKE_PREFIX_PATH}:/opt/ros/iron CONDA_PROMPT_MODIFIER=(base) /home/curro/anaconda3/bin/cmake --build /home/curro/ROAR/ros2_ws/build/roar_gokart_msgs -- -j8 -l8
[4.495s] [  1%] [34m[1mGenerating type hashes for ROS interfaces[0m
[4.496s] [  1%] Built target ament_cmake_python_copy_roar_gokart_msgs
[4.703s] [  1%] Built target roar_gokart_msgs__rosidl_generator_type_description
[4.708s] [  3%] [34m[1mGenerating C code for ROS interfaces[0m
[4.708s] running egg_info
[4.709s] creating roar_gokart_msgs.egg-info
[4.709s] writing roar_gokart_msgs.egg-info/PKG-INFO
[4.709s] writing dependency_links to roar_gokart_msgs.egg-info/dependency_links.txt
[4.709s] writing top-level names to roar_gokart_msgs.egg-info/top_level.txt
[4.710s] writing manifest file 'roar_gokart_msgs.egg-info/SOURCES.txt'
[4.712s] [  5%] [34m[1mGenerating C++ code for ROS interfaces[0m
[4.723s] reading manifest file 'roar_gokart_msgs.egg-info/SOURCES.txt'
[4.724s] writing manifest file 'roar_gokart_msgs.egg-info/SOURCES.txt'
[4.775s] [  5%] Built target ament_cmake_python_build_roar_gokart_msgs_egg
[5.005s] [  5%] Built target roar_gokart_msgs__cpp
[5.051s] [  7%] [32mBuilding C object CMakeFiles/roar_gokart_msgs__rosidl_generator_c.dir/rosidl_generator_c/roar_gokart_msgs/msg/detail/vehicle_status__functions.c.o[0m
[5.051s] [  9%] [32mBuilding C object CMakeFiles/roar_gokart_msgs__rosidl_generator_c.dir/rosidl_generator_c/roar_gokart_msgs/msg/detail/ego_vehicle_control__type_support.c.o[0m
[5.051s] [ 11%] [32mBuilding C object CMakeFiles/roar_gokart_msgs__rosidl_generator_c.dir/rosidl_generator_c/roar_gokart_msgs/msg/detail/ego_vehicle_control__description.c.o[0m
[5.052s] [ 12%] [32mBuilding C object CMakeFiles/roar_gokart_msgs__rosidl_generator_c.dir/rosidl_generator_c/roar_gokart_msgs/msg/detail/actuation__description.c.o[0m
[5.052s] [ 14%] [32mBuilding C object CMakeFiles/roar_gokart_msgs__rosidl_generator_c.dir/rosidl_generator_c/roar_gokart_msgs/msg/detail/ego_vehicle_control__functions.c.o[0m
[5.052s] [ 16%] [32mBuilding C object CMakeFiles/roar_gokart_msgs__rosidl_generator_c.dir/rosidl_generator_c/roar_gokart_msgs/msg/detail/vehicle_status__description.c.o[0m
[5.053s] [ 18%] [32mBuilding C object CMakeFiles/roar_gokart_msgs__rosidl_generator_c.dir/rosidl_generator_c/roar_gokart_msgs/msg/detail/vehicle_status__type_support.c.o[0m
[5.054s] [ 20%] [32mBuilding C object CMakeFiles/roar_gokart_msgs__rosidl_generator_c.dir/rosidl_generator_c/roar_gokart_msgs/msg/detail/actuation__functions.c.o[0m
[5.082s] [ 22%] [32mBuilding C object CMakeFiles/roar_gokart_msgs__rosidl_generator_c.dir/rosidl_generator_c/roar_gokart_msgs/msg/detail/actuation__type_support.c.o[0m
[5.122s] [ 24%] [32m[1mLinking C shared library libroar_gokart_msgs__rosidl_generator_c.so[0m
[5.148s] [ 24%] Built target roar_gokart_msgs__rosidl_generator_c
[5.152s] [ 25%] [34m[1mGenerating C++ type support dispatch for ROS interfaces[0m
[5.152s] [ 29%] [34m[1mGenerating C introspection for ROS interfaces[0m
[5.153s] [ 29%] [34m[1mGenerating C type support dispatch for ROS interfaces[0m
[5.153s] [ 31%] [34m[1mGenerating C type support for eProsima Fast-RTPS[0m
[5.153s] [ 33%] [34m[1mGenerating C++ type support for eProsima Fast-RTPS[0m
[5.155s] [ 35%] [34m[1mGenerating C++ introspection for ROS interfaces[0m
[5.451s] [ 37%] [32mBuilding CXX object CMakeFiles/roar_gokart_msgs__rosidl_typesupport_c.dir/rosidl_typesupport_c/roar_gokart_msgs/msg/ego_vehicle_control__type_support.cpp.o[0m
[5.453s] [ 40%] [32mBuilding CXX object CMakeFiles/roar_gokart_msgs__rosidl_typesupport_c.dir/rosidl_typesupport_c/roar_gokart_msgs/msg/vehicle_status__type_support.cpp.o[0m
[5.453s] [ 40%] [32mBuilding CXX object CMakeFiles/roar_gokart_msgs__rosidl_typesupport_c.dir/rosidl_typesupport_c/roar_gokart_msgs/msg/actuation__type_support.cpp.o[0m
[5.464s] [ 42%] [32mBuilding CXX object CMakeFiles/roar_gokart_msgs__rosidl_typesupport_cpp.dir/rosidl_typesupport_cpp/roar_gokart_msgs/msg/ego_vehicle_control__type_support.cpp.o[0m
[5.500s] [ 44%] [32m[1mLinking CXX shared library libroar_gokart_msgs__rosidl_typesupport_c.so[0m
[5.502s] [ 46%] [32mBuilding CXX object CMakeFiles/roar_gokart_msgs__rosidl_typesupport_cpp.dir/rosidl_typesupport_cpp/roar_gokart_msgs/msg/vehicle_status__type_support.cpp.o[0m
[5.504s] [ 48%] [32mBuilding C object CMakeFiles/roar_gokart_msgs__rosidl_typesupport_introspection_c.dir/rosidl_typesupport_introspection_c/roar_gokart_msgs/msg/detail/ego_vehicle_control__type_support.c.o[0m
[5.504s] [ 50%] [32mBuilding CXX object CMakeFiles/roar_gokart_msgs__rosidl_typesupport_introspection_cpp.dir/rosidl_typesupport_introspection_cpp/roar_gokart_msgs/msg/detail/ego_vehicle_control__type_support.cpp.o[0m
[5.506s] [ 51%] [32mBuilding C object CMakeFiles/roar_gokart_msgs__rosidl_typesupport_introspection_c.dir/rosidl_typesupport_introspection_c/roar_gokart_msgs/msg/detail/vehicle_status__type_support.c.o[0m
[5.508s] [ 53%] [32mBuilding CXX object CMakeFiles/roar_gokart_msgs__rosidl_typesupport_fastrtps_c.dir/rosidl_typesupport_fastrtps_c/roar_gokart_msgs/msg/detail/ego_vehicle_control__type_support_c.cpp.o[0m
[5.516s] [ 55%] [32mBuilding CXX object CMakeFiles/roar_gokart_msgs__rosidl_typesupport_fastrtps_cpp.dir/rosidl_typesupport_fastrtps_cpp/roar_gokart_msgs/msg/detail/dds_fastrtps/ego_vehicle_control__type_support.cpp.o[0m
[5.537s] [ 55%] Built target roar_gokart_msgs__rosidl_typesupport_c
[5.545s] [ 57%] [32mBuilding CXX object CMakeFiles/roar_gokart_msgs__rosidl_typesupport_fastrtps_cpp.dir/rosidl_typesupport_fastrtps_cpp/roar_gokart_msgs/msg/detail/dds_fastrtps/vehicle_status__type_support.cpp.o[0m
[5.545s] [ 59%] [32mBuilding CXX object CMakeFiles/roar_gokart_msgs__rosidl_typesupport_introspection_cpp.dir/rosidl_typesupport_introspection_cpp/roar_gokart_msgs/msg/detail/vehicle_status__type_support.cpp.o[0m
[5.549s] [ 61%] [32mBuilding C object CMakeFiles/roar_gokart_msgs__rosidl_typesupport_introspection_c.dir/rosidl_typesupport_introspection_c/roar_gokart_msgs/msg/detail/actuation__type_support.c.o[0m
[5.581s] [ 62%] [32m[1mLinking C shared library libroar_gokart_msgs__rosidl_typesupport_introspection_c.so[0m
[5.666s] [ 62%] Built target roar_gokart_msgs__rosidl_typesupport_introspection_c
[5.702s] [ 64%] [32mBuilding CXX object CMakeFiles/roar_gokart_msgs__rosidl_typesupport_fastrtps_cpp.dir/rosidl_typesupport_fastrtps_cpp/roar_gokart_msgs/msg/detail/dds_fastrtps/actuation__type_support.cpp.o[0m
[5.908s] [ 66%] [32mBuilding CXX object CMakeFiles/roar_gokart_msgs__rosidl_typesupport_cpp.dir/rosidl_typesupport_cpp/roar_gokart_msgs/msg/actuation__type_support.cpp.o[0m
[5.927s] [ 68%] [32mBuilding CXX object CMakeFiles/roar_gokart_msgs__rosidl_typesupport_introspection_cpp.dir/rosidl_typesupport_introspection_cpp/roar_gokart_msgs/msg/detail/actuation__type_support.cpp.o[0m
[5.941s] [ 70%] [32mBuilding CXX object CMakeFiles/roar_gokart_msgs__rosidl_typesupport_fastrtps_c.dir/rosidl_typesupport_fastrtps_c/roar_gokart_msgs/msg/detail/vehicle_status__type_support_c.cpp.o[0m
[6.018s] [ 72%] [32mBuilding CXX object CMakeFiles/roar_gokart_msgs__rosidl_typesupport_fastrtps_c.dir/rosidl_typesupport_fastrtps_c/roar_gokart_msgs/msg/detail/actuation__type_support_c.cpp.o[0m
[6.310s] [ 74%] [32m[1mLinking CXX shared library libroar_gokart_msgs__rosidl_typesupport_introspection_cpp.so[0m
[6.321s] [ 75%] [32m[1mLinking CXX shared library libroar_gokart_msgs__rosidl_typesupport_fastrtps_cpp.so[0m
[6.327s] [ 77%] [32m[1mLinking CXX shared library libroar_gokart_msgs__rosidl_typesupport_cpp.so[0m
[6.354s] [ 79%] [32m[1mLinking CXX shared library libroar_gokart_msgs__rosidl_typesupport_fastrtps_c.so[0m
[6.358s] [ 79%] Built target roar_gokart_msgs__rosidl_typesupport_cpp
[6.395s] [ 79%] Built target roar_gokart_msgs__rosidl_typesupport_introspection_cpp
[6.426s] [ 79%] Built target roar_gokart_msgs__rosidl_typesupport_fastrtps_cpp
[6.444s] [ 79%] Built target roar_gokart_msgs__rosidl_typesupport_fastrtps_c
[6.453s] [ 79%] Built target roar_gokart_msgs
[6.463s] [ 81%] [34m[1mGenerating Python code for ROS interfaces[0m
[6.852s] [ 81%] Built target roar_gokart_msgs__py
[6.864s] [ 83%] [32mBuilding C object CMakeFiles/roar_gokart_msgs__rosidl_generator_py.dir/rosidl_generator_py/roar_gokart_msgs/msg/_actuation_s.c.o[0m
[6.864s] [ 85%] [32mBuilding C object CMakeFiles/roar_gokart_msgs__rosidl_generator_py.dir/rosidl_generator_py/roar_gokart_msgs/msg/_ego_vehicle_control_s.c.o[0m
[6.865s] [ 87%] [32mBuilding C object CMakeFiles/roar_gokart_msgs__rosidl_generator_py.dir/rosidl_generator_py/roar_gokart_msgs/msg/_vehicle_status_s.c.o[0m
[6.981s] [ 88%] [32m[1mLinking C shared library rosidl_generator_py/roar_gokart_msgs/libroar_gokart_msgs__rosidl_generator_py.so[0m
[7.007s] [ 88%] Built target roar_gokart_msgs__rosidl_generator_py
[7.016s] [ 92%] [32mBuilding C object CMakeFiles/roar_gokart_msgs__rosidl_typesupport_fastrtps_c__pyext.dir/rosidl_generator_py/roar_gokart_msgs/_roar_gokart_msgs_s.ep.rosidl_typesupport_fastrtps_c.c.o[0m
[7.016s] [ 92%] [32mBuilding C object CMakeFiles/roar_gokart_msgs__rosidl_typesupport_c__pyext.dir/rosidl_generator_py/roar_gokart_msgs/_roar_gokart_msgs_s.ep.rosidl_typesupport_c.c.o[0m
[7.016s] [ 94%] [32mBuilding C object CMakeFiles/roar_gokart_msgs__rosidl_typesupport_introspection_c__pyext.dir/rosidl_generator_py/roar_gokart_msgs/_roar_gokart_msgs_s.ep.rosidl_typesupport_introspection_c.c.o[0m
[7.101s] [ 98%] [32m[1mLinking C shared library rosidl_generator_py/roar_gokart_msgs/roar_gokart_msgs_s__rosidl_typesupport_introspection_c.cpython-311-x86_64-linux-gnu.so[0m
[7.101s] [ 98%] [32m[1mLinking C shared library rosidl_generator_py/roar_gokart_msgs/roar_gokart_msgs_s__rosidl_typesupport_fastrtps_c.cpython-311-x86_64-linux-gnu.so[0m
[7.101s] [100%] [32m[1mLinking C shared library rosidl_generator_py/roar_gokart_msgs/roar_gokart_msgs_s__rosidl_typesupport_c.cpython-311-x86_64-linux-gnu.so[0m
[7.124s] [100%] Built target roar_gokart_msgs__rosidl_typesupport_introspection_c__pyext
[7.125s] [100%] Built target roar_gokart_msgs__rosidl_typesupport_fastrtps_c__pyext
[7.125s] [100%] Built target roar_gokart_msgs__rosidl_typesupport_c__pyext
[7.134s] Invoked command in '/home/curro/ROAR/ros2_ws/build/roar_gokart_msgs' returned '0': CMAKE_PREFIX_PATH=${CMAKE_PREFIX_PATH}:/opt/ros/iron CONDA_PROMPT_MODIFIER=(base) /home/curro/anaconda3/bin/cmake --build /home/curro/ROAR/ros2_ws/build/roar_gokart_msgs -- -j8 -l8
[7.261s] Invoking command in '/home/curro/ROAR/ros2_ws/build/roar_gokart_msgs': CMAKE_PREFIX_PATH=${CMAKE_PREFIX_PATH}:/opt/ros/iron CONDA_PROMPT_MODIFIER=(base) /home/curro/anaconda3/bin/cmake --install /home/curro/ROAR/ros2_ws/build/roar_gokart_msgs
[7.285s] -- Install configuration: ""
[7.286s] -- Installing: /home/curro/ROAR/ros2_ws/install/roar_gokart_msgs/share/ament_index/resource_index/rosidl_interfaces/roar_gokart_msgs
[7.286s] -- Installing: /home/curro/ROAR/ros2_ws/install/roar_gokart_msgs/share/roar_gokart_msgs/msg/EgoVehicleControl.json
[7.286s] -- Installing: /home/curro/ROAR/ros2_ws/install/roar_gokart_msgs/share/roar_gokart_msgs/msg/VehicleStatus.json
[7.286s] -- Installing: /home/curro/ROAR/ros2_ws/install/roar_gokart_msgs/share/roar_gokart_msgs/msg/Actuation.json
[7.286s] -- Installing: /home/curro/ROAR/ros2_ws/install/roar_gokart_msgs/include/roar_gokart_msgs/roar_gokart_msgs
[7.286s] -- Installing: /home/curro/ROAR/ros2_ws/install/roar_gokart_msgs/include/roar_gokart_msgs/roar_gokart_msgs/msg
[7.286s] -- Installing: /home/curro/ROAR/ros2_ws/install/roar_gokart_msgs/include/roar_gokart_msgs/roar_gokart_msgs/msg/ego_vehicle_control.h
[7.286s] -- Installing: /home/curro/ROAR/ros2_ws/install/roar_gokart_msgs/include/roar_gokart_msgs/roar_gokart_msgs/msg/actuation.h
[7.286s] -- Installing: /home/curro/ROAR/ros2_ws/install/roar_gokart_msgs/include/roar_gokart_msgs/roar_gokart_msgs/msg/vehicle_status.h
[7.286s] -- Installing: /home/curro/ROAR/ros2_ws/install/roar_gokart_msgs/include/roar_gokart_msgs/roar_gokart_msgs/msg/detail
[7.286s] -- Installing: /home/curro/ROAR/ros2_ws/install/roar_gokart_msgs/include/roar_gokart_msgs/roar_gokart_msgs/msg/detail/ego_vehicle_control__struct.h
[7.287s] -- Installing: /home/curro/ROAR/ros2_ws/install/roar_gokart_msgs/include/roar_gokart_msgs/roar_gokart_msgs/msg/detail/vehicle_status__type_support.h
[7.287s] -- Installing: /home/curro/ROAR/ros2_ws/install/roar_gokart_msgs/include/roar_gokart_msgs/roar_gokart_msgs/msg/detail/vehicle_status__functions.c
[7.287s] -- Installing: /home/curro/ROAR/ros2_ws/install/roar_gokart_msgs/include/roar_gokart_msgs/roar_gokart_msgs/msg/detail/ego_vehicle_control__functions.c
[7.287s] -- Installing: /home/curro/ROAR/ros2_ws/install/roar_gokart_msgs/include/roar_gokart_msgs/roar_gokart_msgs/msg/detail/vehicle_status__type_support.c
[7.287s] -- Installing: /home/curro/ROAR/ros2_ws/install/roar_gokart_msgs/include/roar_gokart_msgs/roar_gokart_msgs/msg/detail/vehicle_status__description.c
[7.287s] -- Installing: /home/curro/ROAR/ros2_ws/install/roar_gokart_msgs/include/roar_gokart_msgs/roar_gokart_msgs/msg/detail/ego_vehicle_control__functions.h
[7.287s] -- Installing: /home/curro/ROAR/ros2_ws/install/roar_gokart_msgs/include/roar_gokart_msgs/roar_gokart_msgs/msg/detail/ego_vehicle_control__description.c
[7.287s] -- Installing: /home/curro/ROAR/ros2_ws/install/roar_gokart_msgs/include/roar_gokart_msgs/roar_gokart_msgs/msg/detail/vehicle_status__struct.h
[7.287s] -- Installing: /home/curro/ROAR/ros2_ws/install/roar_gokart_msgs/include/roar_gokart_msgs/roar_gokart_msgs/msg/detail/actuation__description.c
[7.287s] -- Installing: /home/curro/ROAR/ros2_ws/install/roar_gokart_msgs/include/roar_gokart_msgs/roar_gokart_msgs/msg/detail/actuation__type_support.c
[7.287s] -- Installing: /home/curro/ROAR/ros2_ws/install/roar_gokart_msgs/include/roar_gokart_msgs/roar_gokart_msgs/msg/detail/ego_vehicle_control__type_support.c
[7.287s] -- Installing: /home/curro/ROAR/ros2_ws/install/roar_gokart_msgs/include/roar_gokart_msgs/roar_gokart_msgs/msg/detail/actuation__functions.c
[7.287s] -- Installing: /home/curro/ROAR/ros2_ws/install/roar_gokart_msgs/include/roar_gokart_msgs/roar_gokart_msgs/msg/detail/vehicle_status__functions.h
[7.287s] -- Installing: /home/curro/ROAR/ros2_ws/install/roar_gokart_msgs/include/roar_gokart_msgs/roar_gokart_msgs/msg/detail/actuation__type_support.h
[7.287s] -- Installing: /home/curro/ROAR/ros2_ws/install/roar_gokart_msgs/include/roar_gokart_msgs/roar_gokart_msgs/msg/detail/actuation__struct.h
[7.287s] -- Installing: /home/curro/ROAR/ros2_ws/install/roar_gokart_msgs/include/roar_gokart_msgs/roar_gokart_msgs/msg/detail/actuation__functions.h
[7.287s] -- Installing: /home/curro/ROAR/ros2_ws/install/roar_gokart_msgs/include/roar_gokart_msgs/roar_gokart_msgs/msg/detail/ego_vehicle_control__type_support.h
[7.288s] -- Installing: /home/curro/ROAR/ros2_ws/install/roar_gokart_msgs/include/roar_gokart_msgs/roar_gokart_msgs/msg/rosidl_generator_c__visibility_control.h
[7.288s] -- Installing: /home/curro/ROAR/ros2_ws/install/roar_gokart_msgs/share/roar_gokart_msgs/environment/library_path.sh
[7.288s] -- Installing: /home/curro/ROAR/ros2_ws/install/roar_gokart_msgs/share/roar_gokart_msgs/environment/library_path.dsv
[7.288s] -- Installing: /home/curro/ROAR/ros2_ws/install/roar_gokart_msgs/lib/libroar_gokart_msgs__rosidl_generator_c.so
[7.288s] -- Set runtime path of "/home/curro/ROAR/ros2_ws/install/roar_gokart_msgs/lib/libroar_gokart_msgs__rosidl_generator_c.so" to ""
[7.288s] -- Up-to-date: /home/curro/ROAR/ros2_ws/install/roar_gokart_msgs/include/roar_gokart_msgs/roar_gokart_msgs
[7.288s] -- Up-to-date: /home/curro/ROAR/ros2_ws/install/roar_gokart_msgs/include/roar_gokart_msgs/roar_gokart_msgs/msg
[7.288s] -- Up-to-date: /home/curro/ROAR/ros2_ws/install/roar_gokart_msgs/include/roar_gokart_msgs/roar_gokart_msgs/msg/detail
[7.288s] -- Installing: /home/curro/ROAR/ros2_ws/install/roar_gokart_msgs/include/roar_gokart_msgs/roar_gokart_msgs/msg/detail/vehicle_status__rosidl_typesupport_fastrtps_c.h
[7.288s] -- Installing: /home/curro/ROAR/ros2_ws/install/roar_gokart_msgs/include/roar_gokart_msgs/roar_gokart_msgs/msg/detail/ego_vehicle_control__rosidl_typesupport_fastrtps_c.h
[7.288s] -- Installing: /home/curro/ROAR/ros2_ws/install/roar_gokart_msgs/include/roar_gokart_msgs/roar_gokart_msgs/msg/detail/actuation__rosidl_typesupport_fastrtps_c.h
[7.288s] -- Installing: /home/curro/ROAR/ros2_ws/install/roar_gokart_msgs/include/roar_gokart_msgs/roar_gokart_msgs/msg/rosidl_typesupport_fastrtps_c__visibility_control.h
[7.288s] -- Installing: /home/curro/ROAR/ros2_ws/install/roar_gokart_msgs/lib/libroar_gokart_msgs__rosidl_typesupport_fastrtps_c.so
[7.288s] -- Set runtime path of "/home/curro/ROAR/ros2_ws/install/roar_gokart_msgs/lib/libroar_gokart_msgs__rosidl_typesupport_fastrtps_c.so" to ""
[7.289s] -- Up-to-date: /home/curro/ROAR/ros2_ws/install/roar_gokart_msgs/include/roar_gokart_msgs/roar_gokart_msgs
[7.289s] -- Up-to-date: /home/curro/ROAR/ros2_ws/install/roar_gokart_msgs/include/roar_gokart_msgs/roar_gokart_msgs/msg
[7.289s] -- Installing: /home/curro/ROAR/ros2_ws/install/roar_gokart_msgs/include/roar_gokart_msgs/roar_gokart_msgs/msg/vehicle_status.hpp
[7.289s] -- Up-to-date: /home/curro/ROAR/ros2_ws/install/roar_gokart_msgs/include/roar_gokart_msgs/roar_gokart_msgs/msg/detail
[7.289s] -- Installing: /home/curro/ROAR/ros2_ws/install/roar_gokart_msgs/include/roar_gokart_msgs/roar_gokart_msgs/msg/detail/actuation__traits.hpp
[7.289s] -- Installing: /home/curro/ROAR/ros2_ws/install/roar_gokart_msgs/include/roar_gokart_msgs/roar_gokart_msgs/msg/detail/actuation__struct.hpp
[7.289s] -- Installing: /home/curro/ROAR/ros2_ws/install/roar_gokart_msgs/include/roar_gokart_msgs/roar_gokart_msgs/msg/detail/vehicle_status__struct.hpp
[7.289s] -- Installing: /home/curro/ROAR/ros2_ws/install/roar_gokart_msgs/include/roar_gokart_msgs/roar_gokart_msgs/msg/detail/vehicle_status__traits.hpp
[7.289s] -- Installing: /home/curro/ROAR/ros2_ws/install/roar_gokart_msgs/include/roar_gokart_msgs/roar_gokart_msgs/msg/detail/actuation__builder.hpp
[7.289s] -- Installing: /home/curro/ROAR/ros2_ws/install/roar_gokart_msgs/include/roar_gokart_msgs/roar_gokart_msgs/msg/detail/ego_vehicle_control__builder.hpp
[7.289s] -- Installing: /home/curro/ROAR/ros2_ws/install/roar_gokart_msgs/include/roar_gokart_msgs/roar_gokart_msgs/msg/detail/vehicle_status__builder.hpp
[7.289s] -- Installing: /home/curro/ROAR/ros2_ws/install/roar_gokart_msgs/include/roar_gokart_msgs/roar_gokart_msgs/msg/detail/ego_vehicle_control__traits.hpp
[7.289s] -- Installing: /home/curro/ROAR/ros2_ws/install/roar_gokart_msgs/include/roar_gokart_msgs/roar_gokart_msgs/msg/detail/ego_vehicle_control__struct.hpp
[7.289s] -- Installing: /home/curro/ROAR/ros2_ws/install/roar_gokart_msgs/include/roar_gokart_msgs/roar_gokart_msgs/msg/ego_vehicle_control.hpp
[7.289s] -- Installing: /home/curro/ROAR/ros2_ws/install/roar_gokart_msgs/include/roar_gokart_msgs/roar_gokart_msgs/msg/actuation.hpp
[7.289s] -- Up-to-date: /home/curro/ROAR/ros2_ws/install/roar_gokart_msgs/include/roar_gokart_msgs/roar_gokart_msgs
[7.289s] -- Up-to-date: /home/curro/ROAR/ros2_ws/install/roar_gokart_msgs/include/roar_gokart_msgs/roar_gokart_msgs/msg
[7.290s] -- Installing: /home/curro/ROAR/ros2_ws/install/roar_gokart_msgs/include/roar_gokart_msgs/roar_gokart_msgs/msg/rosidl_typesupport_fastrtps_cpp__visibility_control.h
[7.290s] -- Up-to-date: /home/curro/ROAR/ros2_ws/install/roar_gokart_msgs/include/roar_gokart_msgs/roar_gokart_msgs/msg/detail
[7.290s] -- Installing: /home/curro/ROAR/ros2_ws/install/roar_gokart_msgs/include/roar_gokart_msgs/roar_gokart_msgs/msg/detail/actuation__rosidl_typesupport_fastrtps_cpp.hpp
[7.290s] -- Installing: /home/curro/ROAR/ros2_ws/install/roar_gokart_msgs/include/roar_gokart_msgs/roar_gokart_msgs/msg/detail/vehicle_status__rosidl_typesupport_fastrtps_cpp.hpp
[7.290s] -- Installing: /home/curro/ROAR/ros2_ws/install/roar_gokart_msgs/include/roar_gokart_msgs/roar_gokart_msgs/msg/detail/dds_fastrtps
[7.290s] -- Installing: /home/curro/ROAR/ros2_ws/install/roar_gokart_msgs/include/roar_gokart_msgs/roar_gokart_msgs/msg/detail/ego_vehicle_control__rosidl_typesupport_fastrtps_cpp.hpp
[7.290s] -- Installing: /home/curro/ROAR/ros2_ws/install/roar_gokart_msgs/lib/libroar_gokart_msgs__rosidl_typesupport_fastrtps_cpp.so
[7.290s] -- Set runtime path of "/home/curro/ROAR/ros2_ws/install/roar_gokart_msgs/lib/libroar_gokart_msgs__rosidl_typesupport_fastrtps_cpp.so" to ""
[7.290s] -- Up-to-date: /home/curro/ROAR/ros2_ws/install/roar_gokart_msgs/include/roar_gokart_msgs/roar_gokart_msgs
[7.290s] -- Up-to-date: /home/curro/ROAR/ros2_ws/install/roar_gokart_msgs/include/roar_gokart_msgs/roar_gokart_msgs/msg
[7.290s] -- Installing: /home/curro/ROAR/ros2_ws/install/roar_gokart_msgs/include/roar_gokart_msgs/roar_gokart_msgs/msg/rosidl_typesupport_introspection_c__visibility_control.h
[7.290s] -- Up-to-date: /home/curro/ROAR/ros2_ws/install/roar_gokart_msgs/include/roar_gokart_msgs/roar_gokart_msgs/msg/detail
[7.290s] -- Installing: /home/curro/ROAR/ros2_ws/install/roar_gokart_msgs/include/roar_gokart_msgs/roar_gokart_msgs/msg/detail/vehicle_status__type_support.c
[7.290s] -- Installing: /home/curro/ROAR/ros2_ws/install/roar_gokart_msgs/include/roar_gokart_msgs/roar_gokart_msgs/msg/detail/actuation__type_support.c
[7.290s] -- Installing: /home/curro/ROAR/ros2_ws/install/roar_gokart_msgs/include/roar_gokart_msgs/roar_gokart_msgs/msg/detail/vehicle_status__rosidl_typesupport_introspection_c.h
[7.290s] -- Installing: /home/curro/ROAR/ros2_ws/install/roar_gokart_msgs/include/roar_gokart_msgs/roar_gokart_msgs/msg/detail/ego_vehicle_control__type_support.c
[7.291s] -- Installing: /home/curro/ROAR/ros2_ws/install/roar_gokart_msgs/include/roar_gokart_msgs/roar_gokart_msgs/msg/detail/actuation__rosidl_typesupport_introspection_c.h
[7.291s] -- Installing: /home/curro/ROAR/ros2_ws/install/roar_gokart_msgs/include/roar_gokart_msgs/roar_gokart_msgs/msg/detail/ego_vehicle_control__rosidl_typesupport_introspection_c.h
[7.291s] -- Installing: /home/curro/ROAR/ros2_ws/install/roar_gokart_msgs/lib/libroar_gokart_msgs__rosidl_typesupport_introspection_c.so
[7.291s] -- Set runtime path of "/home/curro/ROAR/ros2_ws/install/roar_gokart_msgs/lib/libroar_gokart_msgs__rosidl_typesupport_introspection_c.so" to ""
[7.291s] -- Installing: /home/curro/ROAR/ros2_ws/install/roar_gokart_msgs/lib/libroar_gokart_msgs__rosidl_typesupport_c.so
[7.291s] -- Set runtime path of "/home/curro/ROAR/ros2_ws/install/roar_gokart_msgs/lib/libroar_gokart_msgs__rosidl_typesupport_c.so" to ""
[7.291s] -- Up-to-date: /home/curro/ROAR/ros2_ws/install/roar_gokart_msgs/include/roar_gokart_msgs/roar_gokart_msgs
[7.291s] -- Up-to-date: /home/curro/ROAR/ros2_ws/install/roar_gokart_msgs/include/roar_gokart_msgs/roar_gokart_msgs/msg
[7.291s] -- Up-to-date: /home/curro/ROAR/ros2_ws/install/roar_gokart_msgs/include/roar_gokart_msgs/roar_gokart_msgs/msg/detail
[7.291s] -- Installing: /home/curro/ROAR/ros2_ws/install/roar_gokart_msgs/include/roar_gokart_msgs/roar_gokart_msgs/msg/detail/ego_vehicle_control__type_support.cpp
[7.291s] -- Installing: /home/curro/ROAR/ros2_ws/install/roar_gokart_msgs/include/roar_gokart_msgs/roar_gokart_msgs/msg/detail/ego_vehicle_control__rosidl_typesupport_introspection_cpp.hpp
[7.291s] -- Installing: /home/curro/ROAR/ros2_ws/install/roar_gokart_msgs/include/roar_gokart_msgs/roar_gokart_msgs/msg/detail/vehicle_status__type_support.cpp
[7.292s] -- Installing: /home/curro/ROAR/ros2_ws/install/roar_gokart_msgs/include/roar_gokart_msgs/roar_gokart_msgs/msg/detail/actuation__type_support.cpp
[7.292s] -- Installing: /home/curro/ROAR/ros2_ws/install/roar_gokart_msgs/include/roar_gokart_msgs/roar_gokart_msgs/msg/detail/actuation__rosidl_typesupport_introspection_cpp.hpp
[7.292s] -- Installing: /home/curro/ROAR/ros2_ws/install/roar_gokart_msgs/include/roar_gokart_msgs/roar_gokart_msgs/msg/detail/vehicle_status__rosidl_typesupport_introspection_cpp.hpp
[7.292s] -- Installing: /home/curro/ROAR/ros2_ws/install/roar_gokart_msgs/lib/libroar_gokart_msgs__rosidl_typesupport_introspection_cpp.so
[7.292s] -- Set runtime path of "/home/curro/ROAR/ros2_ws/install/roar_gokart_msgs/lib/libroar_gokart_msgs__rosidl_typesupport_introspection_cpp.so" to ""
[7.292s] -- Installing: /home/curro/ROAR/ros2_ws/install/roar_gokart_msgs/lib/libroar_gokart_msgs__rosidl_typesupport_cpp.so
[7.292s] -- Set runtime path of "/home/curro/ROAR/ros2_ws/install/roar_gokart_msgs/lib/libroar_gokart_msgs__rosidl_typesupport_cpp.so" to ""
[7.292s] -- Installing: /home/curro/ROAR/ros2_ws/install/roar_gokart_msgs/share/roar_gokart_msgs/environment/pythonpath.sh
[7.292s] -- Installing: /home/curro/ROAR/ros2_ws/install/roar_gokart_msgs/share/roar_gokart_msgs/environment/pythonpath.dsv
[7.292s] -- Installing: /home/curro/ROAR/ros2_ws/install/roar_gokart_msgs/lib/python3.11/site-packages/roar_gokart_msgs-0.0.0-py3.11.egg-info
[7.292s] -- Installing: /home/curro/ROAR/ros2_ws/install/roar_gokart_msgs/lib/python3.11/site-packages/roar_gokart_msgs-0.0.0-py3.11.egg-info/top_level.txt
[7.292s] -- Installing: /home/curro/ROAR/ros2_ws/install/roar_gokart_msgs/lib/python3.11/site-packages/roar_gokart_msgs-0.0.0-py3.11.egg-info/dependency_links.txt
[7.292s] -- Installing: /home/curro/ROAR/ros2_ws/install/roar_gokart_msgs/lib/python3.11/site-packages/roar_gokart_msgs-0.0.0-py3.11.egg-info/SOURCES.txt
[7.293s] -- Installing: /home/curro/ROAR/ros2_ws/install/roar_gokart_msgs/lib/python3.11/site-packages/roar_gokart_msgs-0.0.0-py3.11.egg-info/PKG-INFO
[7.293s] -- Installing: /home/curro/ROAR/ros2_ws/install/roar_gokart_msgs/lib/python3.11/site-packages/roar_gokart_msgs
[7.293s] -- Installing: /home/curro/ROAR/ros2_ws/install/roar_gokart_msgs/lib/python3.11/site-packages/roar_gokart_msgs/libroar_gokart_msgs__rosidl_generator_py.so
[7.293s] -- Installing: /home/curro/ROAR/ros2_ws/install/roar_gokart_msgs/lib/python3.11/site-packages/roar_gokart_msgs/__init__.py
[7.293s] -- Installing: /home/curro/ROAR/ros2_ws/install/roar_gokart_msgs/lib/python3.11/site-packages/roar_gokart_msgs/_roar_gokart_msgs_s.ep.rosidl_typesupport_c.c
[7.293s] -- Installing: /home/curro/ROAR/ros2_ws/install/roar_gokart_msgs/lib/python3.11/site-packages/roar_gokart_msgs/roar_gokart_msgs_s__rosidl_typesupport_c.cpython-311-x86_64-linux-gnu.so
[7.293s] -- Installing: /home/curro/ROAR/ros2_ws/install/roar_gokart_msgs/lib/python3.11/site-packages/roar_gokart_msgs/msg
[7.293s] -- Installing: /home/curro/ROAR/ros2_ws/install/roar_gokart_msgs/lib/python3.11/site-packages/roar_gokart_msgs/msg/__init__.py
[7.293s] -- Installing: /home/curro/ROAR/ros2_ws/install/roar_gokart_msgs/lib/python3.11/site-packages/roar_gokart_msgs/msg/_ego_vehicle_control.py
[7.293s] -- Installing: /home/curro/ROAR/ros2_ws/install/roar_gokart_msgs/lib/python3.11/site-packages/roar_gokart_msgs/msg/_actuation_s.c
[7.293s] -- Installing: /home/curro/ROAR/ros2_ws/install/roar_gokart_msgs/lib/python3.11/site-packages/roar_gokart_msgs/msg/_vehicle_status.py
[7.293s] -- Installing: /home/curro/ROAR/ros2_ws/install/roar_gokart_msgs/lib/python3.11/site-packages/roar_gokart_msgs/msg/_actuation.py
[7.293s] -- Installing: /home/curro/ROAR/ros2_ws/install/roar_gokart_msgs/lib/python3.11/site-packages/roar_gokart_msgs/msg/_vehicle_status_s.c
[7.293s] -- Installing: /home/curro/ROAR/ros2_ws/install/roar_gokart_msgs/lib/python3.11/site-packages/roar_gokart_msgs/msg/_ego_vehicle_control_s.c
[7.293s] -- Installing: /home/curro/ROAR/ros2_ws/install/roar_gokart_msgs/lib/python3.11/site-packages/roar_gokart_msgs/roar_gokart_msgs_s__rosidl_typesupport_fastrtps_c.cpython-311-x86_64-linux-gnu.so
[7.294s] -- Installing: /home/curro/ROAR/ros2_ws/install/roar_gokart_msgs/lib/python3.11/site-packages/roar_gokart_msgs/_roar_gokart_msgs_s.ep.rosidl_typesupport_fastrtps_c.c
[7.294s] -- Installing: /home/curro/ROAR/ros2_ws/install/roar_gokart_msgs/lib/python3.11/site-packages/roar_gokart_msgs/roar_gokart_msgs_s__rosidl_typesupport_introspection_c.cpython-311-x86_64-linux-gnu.so
[7.294s] -- Installing: /home/curro/ROAR/ros2_ws/install/roar_gokart_msgs/lib/python3.11/site-packages/roar_gokart_msgs/_roar_gokart_msgs_s.ep.rosidl_typesupport_introspection_c.c
[7.336s] Listing '/home/curro/ROAR/ros2_ws/install/roar_gokart_msgs/lib/python3.11/site-packages/roar_gokart_msgs'...
[7.337s] Compiling '/home/curro/ROAR/ros2_ws/install/roar_gokart_msgs/lib/python3.11/site-packages/roar_gokart_msgs/__init__.py'...
[7.337s] Listing '/home/curro/ROAR/ros2_ws/install/roar_gokart_msgs/lib/python3.11/site-packages/roar_gokart_msgs/msg'...
[7.337s] Compiling '/home/curro/ROAR/ros2_ws/install/roar_gokart_msgs/lib/python3.11/site-packages/roar_gokart_msgs/msg/__init__.py'...
[7.337s] Compiling '/home/curro/ROAR/ros2_ws/install/roar_gokart_msgs/lib/python3.11/site-packages/roar_gokart_msgs/msg/_actuation.py'...
[7.337s] Compiling '/home/curro/ROAR/ros2_ws/install/roar_gokart_msgs/lib/python3.11/site-packages/roar_gokart_msgs/msg/_ego_vehicle_control.py'...
[7.337s] Compiling '/home/curro/ROAR/ros2_ws/install/roar_gokart_msgs/lib/python3.11/site-packages/roar_gokart_msgs/msg/_vehicle_status.py'...
[7.342s] -- Installing: /home/curro/ROAR/ros2_ws/install/roar_gokart_msgs/lib/python3.11/site-packages/roar_gokart_msgs/roar_gokart_msgs_s__rosidl_typesupport_fastrtps_c.cpython-311-x86_64-linux-gnu.so
[7.342s] -- Set runtime path of "/home/curro/ROAR/ros2_ws/install/roar_gokart_msgs/lib/python3.11/site-packages/roar_gokart_msgs/roar_gokart_msgs_s__rosidl_typesupport_fastrtps_c.cpython-311-x86_64-linux-gnu.so" to ""
[7.343s] -- Installing: /home/curro/ROAR/ros2_ws/install/roar_gokart_msgs/lib/python3.11/site-packages/roar_gokart_msgs/roar_gokart_msgs_s__rosidl_typesupport_introspection_c.cpython-311-x86_64-linux-gnu.so
[7.343s] -- Set runtime path of "/home/curro/ROAR/ros2_ws/install/roar_gokart_msgs/lib/python3.11/site-packages/roar_gokart_msgs/roar_gokart_msgs_s__rosidl_typesupport_introspection_c.cpython-311-x86_64-linux-gnu.so" to ""
[7.343s] -- Installing: /home/curro/ROAR/ros2_ws/install/roar_gokart_msgs/lib/python3.11/site-packages/roar_gokart_msgs/roar_gokart_msgs_s__rosidl_typesupport_c.cpython-311-x86_64-linux-gnu.so
[7.343s] -- Set runtime path of "/home/curro/ROAR/ros2_ws/install/roar_gokart_msgs/lib/python3.11/site-packages/roar_gokart_msgs/roar_gokart_msgs_s__rosidl_typesupport_c.cpython-311-x86_64-linux-gnu.so" to ""
[7.343s] -- Installing: /home/curro/ROAR/ros2_ws/install/roar_gokart_msgs/lib/libroar_gokart_msgs__rosidl_generator_py.so
[7.344s] -- Set runtime path of "/home/curro/ROAR/ros2_ws/install/roar_gokart_msgs/lib/libroar_gokart_msgs__rosidl_generator_py.so" to ""
[7.344s] -- Installing: /home/curro/ROAR/ros2_ws/install/roar_gokart_msgs/share/roar_gokart_msgs/msg/EgoVehicleControl.idl
[7.344s] -- Installing: /home/curro/ROAR/ros2_ws/install/roar_gokart_msgs/share/roar_gokart_msgs/msg/VehicleStatus.idl
[7.344s] -- Installing: /home/curro/ROAR/ros2_ws/install/roar_gokart_msgs/share/roar_gokart_msgs/msg/Actuation.idl
[7.344s] -- Installing: /home/curro/ROAR/ros2_ws/install/roar_gokart_msgs/share/roar_gokart_msgs/msg/EgoVehicleControl.msg
[7.344s] -- Installing: /home/curro/ROAR/ros2_ws/install/roar_gokart_msgs/share/roar_gokart_msgs/msg/VehicleStatus.msg
[7.344s] -- Installing: /home/curro/ROAR/ros2_ws/install/roar_gokart_msgs/share/roar_gokart_msgs/msg/Actuation.msg
[7.344s] -- Installing: /home/curro/ROAR/ros2_ws/install/roar_gokart_msgs/share/ament_index/resource_index/package_run_dependencies/roar_gokart_msgs
[7.344s] -- Installing: /home/curro/ROAR/ros2_ws/install/roar_gokart_msgs/share/ament_index/resource_index/parent_prefix_path/roar_gokart_msgs
[7.344s] -- Installing: /home/curro/ROAR/ros2_ws/install/roar_gokart_msgs/share/roar_gokart_msgs/environment/ament_prefix_path.sh
[7.345s] -- Installing: /home/curro/ROAR/ros2_ws/install/roar_gokart_msgs/share/roar_gokart_msgs/environment/ament_prefix_path.dsv
[7.345s] -- Installing: /home/curro/ROAR/ros2_ws/install/roar_gokart_msgs/share/roar_gokart_msgs/environment/path.sh
[7.345s] -- Installing: /home/curro/ROAR/ros2_ws/install/roar_gokart_msgs/share/roar_gokart_msgs/environment/path.dsv
[7.345s] -- Installing: /home/curro/ROAR/ros2_ws/install/roar_gokart_msgs/share/roar_gokart_msgs/local_setup.bash
[7.345s] -- Installing: /home/curro/ROAR/ros2_ws/install/roar_gokart_msgs/share/roar_gokart_msgs/local_setup.sh
[7.345s] -- Installing: /home/curro/ROAR/ros2_ws/install/roar_gokart_msgs/share/roar_gokart_msgs/local_setup.zsh
[7.345s] -- Installing: /home/curro/ROAR/ros2_ws/install/roar_gokart_msgs/share/roar_gokart_msgs/local_setup.dsv
[7.345s] -- Installing: /home/curro/ROAR/ros2_ws/install/roar_gokart_msgs/share/roar_gokart_msgs/package.dsv
[7.345s] -- Installing: /home/curro/ROAR/ros2_ws/install/roar_gokart_msgs/share/ament_index/resource_index/packages/roar_gokart_msgs
[7.345s] -- Installing: /home/curro/ROAR/ros2_ws/install/roar_gokart_msgs/share/roar_gokart_msgs/cmake/export_roar_gokart_msgs__rosidl_generator_cExport.cmake
[7.345s] -- Installing: /home/curro/ROAR/ros2_ws/install/roar_gokart_msgs/share/roar_gokart_msgs/cmake/export_roar_gokart_msgs__rosidl_generator_cExport-noconfig.cmake
[7.346s] -- Installing: /home/curro/ROAR/ros2_ws/install/roar_gokart_msgs/share/roar_gokart_msgs/cmake/export_roar_gokart_msgs__rosidl_typesupport_fastrtps_cExport.cmake
[7.346s] -- Installing: /home/curro/ROAR/ros2_ws/install/roar_gokart_msgs/share/roar_gokart_msgs/cmake/export_roar_gokart_msgs__rosidl_typesupport_fastrtps_cExport-noconfig.cmake
[7.346s] -- Installing: /home/curro/ROAR/ros2_ws/install/roar_gokart_msgs/share/roar_gokart_msgs/cmake/export_roar_gokart_msgs__rosidl_generator_cppExport.cmake
[7.346s] -- Installing: /home/curro/ROAR/ros2_ws/install/roar_gokart_msgs/share/roar_gokart_msgs/cmake/export_roar_gokart_msgs__rosidl_typesupport_fastrtps_cppExport.cmake
[7.346s] -- Installing: /home/curro/ROAR/ros2_ws/install/roar_gokart_msgs/share/roar_gokart_msgs/cmake/export_roar_gokart_msgs__rosidl_typesupport_fastrtps_cppExport-noconfig.cmake
[7.346s] -- Installing: /home/curro/ROAR/ros2_ws/install/roar_gokart_msgs/share/roar_gokart_msgs/cmake/roar_gokart_msgs__rosidl_typesupport_introspection_cExport.cmake
[7.346s] -- Installing: /home/curro/ROAR/ros2_ws/install/roar_gokart_msgs/share/roar_gokart_msgs/cmake/roar_gokart_msgs__rosidl_typesupport_introspection_cExport-noconfig.cmake
[7.346s] -- Installing: /home/curro/ROAR/ros2_ws/install/roar_gokart_msgs/share/roar_gokart_msgs/cmake/roar_gokart_msgs__rosidl_typesupport_cExport.cmake
[7.346s] -- Installing: /home/curro/ROAR/ros2_ws/install/roar_gokart_msgs/share/roar_gokart_msgs/cmake/roar_gokart_msgs__rosidl_typesupport_cExport-noconfig.cmake
[7.347s] -- Installing: /home/curro/ROAR/ros2_ws/install/roar_gokart_msgs/share/roar_gokart_msgs/cmake/roar_gokart_msgs__rosidl_typesupport_introspection_cppExport.cmake
[7.347s] -- Installing: /home/curro/ROAR/ros2_ws/install/roar_gokart_msgs/share/roar_gokart_msgs/cmake/roar_gokart_msgs__rosidl_typesupport_introspection_cppExport-noconfig.cmake
[7.347s] -- Installing: /home/curro/ROAR/ros2_ws/install/roar_gokart_msgs/share/roar_gokart_msgs/cmake/roar_gokart_msgs__rosidl_typesupport_cppExport.cmake
[7.347s] -- Installing: /home/curro/ROAR/ros2_ws/install/roar_gokart_msgs/share/roar_gokart_msgs/cmake/roar_gokart_msgs__rosidl_typesupport_cppExport-noconfig.cmake
[7.347s] -- Installing: /home/curro/ROAR/ros2_ws/install/roar_gokart_msgs/share/roar_gokart_msgs/cmake/export_roar_gokart_msgs__rosidl_generator_pyExport.cmake
[7.347s] -- Installing: /home/curro/ROAR/ros2_ws/install/roar_gokart_msgs/share/roar_gokart_msgs/cmake/export_roar_gokart_msgs__rosidl_generator_pyExport-noconfig.cmake
[7.347s] -- Installing: /home/curro/ROAR/ros2_ws/install/roar_gokart_msgs/share/roar_gokart_msgs/cmake/rosidl_cmake-extras.cmake
[7.348s] -- Installing: /home/curro/ROAR/ros2_ws/install/roar_gokart_msgs/share/roar_gokart_msgs/cmake/ament_cmake_export_dependencies-extras.cmake
[7.348s] -- Installing: /home/curro/ROAR/ros2_ws/install/roar_gokart_msgs/share/roar_gokart_msgs/cmake/ament_cmake_export_include_directories-extras.cmake
[7.348s] -- Installing: /home/curro/ROAR/ros2_ws/install/roar_gokart_msgs/share/roar_gokart_msgs/cmake/ament_cmake_export_libraries-extras.cmake
[7.348s] -- Installing: /home/curro/ROAR/ros2_ws/install/roar_gokart_msgs/share/roar_gokart_msgs/cmake/ament_cmake_export_targets-extras.cmake
[7.348s] -- Installing: /home/curro/ROAR/ros2_ws/install/roar_gokart_msgs/share/roar_gokart_msgs/cmake/rosidl_cmake_export_typesupport_targets-extras.cmake
[7.348s] -- Installing: /home/curro/ROAR/ros2_ws/install/roar_gokart_msgs/share/roar_gokart_msgs/cmake/rosidl_cmake_export_typesupport_libraries-extras.cmake
[7.348s] -- Installing: /home/curro/ROAR/ros2_ws/install/roar_gokart_msgs/share/roar_gokart_msgs/cmake/roar_gokart_msgsConfig.cmake
[7.348s] -- Installing: /home/curro/ROAR/ros2_ws/install/roar_gokart_msgs/share/roar_gokart_msgs/cmake/roar_gokart_msgsConfig-version.cmake
[7.348s] -- Installing: /home/curro/ROAR/ros2_ws/install/roar_gokart_msgs/share/roar_gokart_msgs/package.xml
[7.354s] Invoked command in '/home/curro/ROAR/ros2_ws/build/roar_gokart_msgs' returned '0': CMAKE_PREFIX_PATH=${CMAKE_PREFIX_PATH}:/opt/ros/iron CONDA_PROMPT_MODIFIER=(base) /home/curro/anaconda3/bin/cmake --install /home/curro/ROAR/ros2_ws/build/roar_gokart_msgs
