[0.409s] DEBUG:colcon:Command line arguments: ['/usr/bin/colcon', 'build']
[0.410s] DEBUG:colcon:Parsed command line arguments: Namespace(log_base=None, log_level=None, verb_name='build', build_base='build', install_base='install', merge_install=False, symlink_install=False, test_result_base=None, continue_on_error=False, executor='parallel', parallel_workers=8, event_handlers=None, ignore_user_meta=False, metas=['./colcon.meta'], base_paths=['.'], packages_ignore=None, packages_ignore_regex=None, paths=None, packages_up_to=None, packages_up_to_regex=None, packages_above=None, packages_above_and_dependencies=None, packages_above_depth=None, packages_select_by_dep=None, packages_skip_by_dep=None, packages_skip_up_to=None, packages_select_build_failed=False, packages_skip_build_finished=False, packages_select_test_failures=False, packages_skip_test_passed=False, packages_select=None, packages_skip=None, packages_select_regex=None, packages_skip_regex=None, packages_start=None, packages_end=None, allow_overriding=[], cmake_args=None, cmake_target=None, cmake_target_skip_unavailable=False, cmake_clean_cache=False, cmake_clean_first=False, cmake_force_configure=False, ament_cmake_args=None, catkin_cmake_args=None, catkin_skip_building_tests=False, verb_parser=<colcon_defaults.argument_parser.defaults.DefaultArgumentsDecorator object at 0x7fdb0ceeb0a0>, verb_extension=<colcon_core.verb.build.BuildVerb object at 0x7fdb0d72ffd0>, main=<bound method BuildVerb.main of <colcon_core.verb.build.BuildVerb object at 0x7fdb0d72ffd0>>)
[0.465s] Level 1:colcon.colcon_core.package_discovery:discover_packages(colcon_meta) check parameters
[0.466s] Level 1:colcon.colcon_core.package_discovery:discover_packages(recursive) check parameters
[0.466s] Level 1:colcon.colcon_core.package_discovery:discover_packages(ignore) check parameters
[0.466s] Level 1:colcon.colcon_core.package_discovery:discover_packages(path) check parameters
[0.466s] Level 1:colcon.colcon_core.package_discovery:discover_packages(colcon_meta) discover
[0.466s] Level 1:colcon.colcon_core.package_discovery:discover_packages(recursive) discover
[0.466s] INFO:colcon.colcon_core.package_discovery:Crawling recursively for packages in '/home/curro/ROAR/ros2_ws'
[0.466s] Level 1:colcon.colcon_core.package_identification:_identify(.) by extensions ['ignore', 'ignore_ament_install']
[0.466s] Level 1:colcon.colcon_core.package_identification:_identify(.) by extension 'ignore'
[0.466s] Level 1:colcon.colcon_core.package_identification:_identify(.) by extension 'ignore_ament_install'
[0.466s] Level 1:colcon.colcon_core.package_identification:_identify(.) by extensions ['colcon_pkg']
[0.466s] Level 1:colcon.colcon_core.package_identification:_identify(.) by extension 'colcon_pkg'
[0.466s] Level 1:colcon.colcon_core.package_identification:_identify(.) by extensions ['colcon_meta']
[0.467s] Level 1:colcon.colcon_core.package_identification:_identify(.) by extension 'colcon_meta'
[0.467s] Level 1:colcon.colcon_core.package_identification:_identify(.) by extensions ['ros']
[0.467s] Level 1:colcon.colcon_core.package_identification:_identify(.) by extension 'ros'
[0.483s] Level 1:colcon.colcon_core.package_identification:_identify(.) by extensions ['cmake', 'python']
[0.483s] Level 1:colcon.colcon_core.package_identification:_identify(.) by extension 'cmake'
[0.483s] Level 1:colcon.colcon_core.package_identification:_identify(.) by extension 'python'
[0.483s] Level 1:colcon.colcon_core.package_identification:_identify(.) by extensions ['python_setup_py']
[0.483s] Level 1:colcon.colcon_core.package_identification:_identify(.) by extension 'python_setup_py'
[0.483s] Level 1:colcon.colcon_core.package_identification:_identify(build) by extensions ['ignore', 'ignore_ament_install']
[0.483s] Level 1:colcon.colcon_core.package_identification:_identify(build) by extension 'ignore'
[0.483s] Level 1:colcon.colcon_core.package_identification:_identify(build) ignored
[0.483s] Level 1:colcon.colcon_core.package_identification:_identify(install) by extensions ['ignore', 'ignore_ament_install']
[0.484s] Level 1:colcon.colcon_core.package_identification:_identify(install) by extension 'ignore'
[0.484s] Level 1:colcon.colcon_core.package_identification:_identify(install) ignored
[0.484s] Level 1:colcon.colcon_core.package_identification:_identify(log) by extensions ['ignore', 'ignore_ament_install']
[0.484s] Level 1:colcon.colcon_core.package_identification:_identify(log) by extension 'ignore'
[0.484s] Level 1:colcon.colcon_core.package_identification:_identify(log) ignored
[0.484s] Level 1:colcon.colcon_core.package_identification:_identify(src) by extensions ['ignore', 'ignore_ament_install']
[0.484s] Level 1:colcon.colcon_core.package_identification:_identify(src) by extension 'ignore'
[0.484s] Level 1:colcon.colcon_core.package_identification:_identify(src) by extension 'ignore_ament_install'
[0.484s] Level 1:colcon.colcon_core.package_identification:_identify(src) by extensions ['colcon_pkg']
[0.484s] Level 1:colcon.colcon_core.package_identification:_identify(src) by extension 'colcon_pkg'
[0.484s] Level 1:colcon.colcon_core.package_identification:_identify(src) by extensions ['colcon_meta']
[0.484s] Level 1:colcon.colcon_core.package_identification:_identify(src) by extension 'colcon_meta'
[0.484s] Level 1:colcon.colcon_core.package_identification:_identify(src) by extensions ['ros']
[0.484s] Level 1:colcon.colcon_core.package_identification:_identify(src) by extension 'ros'
[0.485s] Level 1:colcon.colcon_core.package_identification:_identify(src) by extensions ['cmake', 'python']
[0.485s] Level 1:colcon.colcon_core.package_identification:_identify(src) by extension 'cmake'
[0.485s] Level 1:colcon.colcon_core.package_identification:_identify(src) by extension 'python'
[0.485s] Level 1:colcon.colcon_core.package_identification:_identify(src) by extensions ['python_setup_py']
[0.485s] Level 1:colcon.colcon_core.package_identification:_identify(src) by extension 'python_setup_py'
[0.485s] Level 1:colcon.colcon_core.package_identification:_identify(src/cpp_arduino_comm_usb) by extensions ['ignore', 'ignore_ament_install']
[0.485s] Level 1:colcon.colcon_core.package_identification:_identify(src/cpp_arduino_comm_usb) by extension 'ignore'
[0.485s] Level 1:colcon.colcon_core.package_identification:_identify(src/cpp_arduino_comm_usb) by extension 'ignore_ament_install'
[0.485s] Level 1:colcon.colcon_core.package_identification:_identify(src/cpp_arduino_comm_usb) by extensions ['colcon_pkg']
[0.485s] Level 1:colcon.colcon_core.package_identification:_identify(src/cpp_arduino_comm_usb) by extension 'colcon_pkg'
[0.485s] Level 1:colcon.colcon_core.package_identification:_identify(src/cpp_arduino_comm_usb) by extensions ['colcon_meta']
[0.485s] Level 1:colcon.colcon_core.package_identification:_identify(src/cpp_arduino_comm_usb) by extension 'colcon_meta'
[0.485s] Level 1:colcon.colcon_core.package_identification:_identify(src/cpp_arduino_comm_usb) by extensions ['ros']
[0.485s] Level 1:colcon.colcon_core.package_identification:_identify(src/cpp_arduino_comm_usb) by extension 'ros'
[0.489s] DEBUG:colcon.colcon_core.package_identification:Package 'src/cpp_arduino_comm_usb' with type 'ros.ament_cmake' and name 'cpp_arduino_comm_usb'
[0.489s] Level 1:colcon.colcon_core.package_identification:_identify(src/cpp_hello_udp) by extensions ['ignore', 'ignore_ament_install']
[0.489s] Level 1:colcon.colcon_core.package_identification:_identify(src/cpp_hello_udp) by extension 'ignore'
[0.489s] Level 1:colcon.colcon_core.package_identification:_identify(src/cpp_hello_udp) by extension 'ignore_ament_install'
[0.489s] Level 1:colcon.colcon_core.package_identification:_identify(src/cpp_hello_udp) by extensions ['colcon_pkg']
[0.489s] Level 1:colcon.colcon_core.package_identification:_identify(src/cpp_hello_udp) by extension 'colcon_pkg'
[0.489s] Level 1:colcon.colcon_core.package_identification:_identify(src/cpp_hello_udp) by extensions ['colcon_meta']
[0.489s] Level 1:colcon.colcon_core.package_identification:_identify(src/cpp_hello_udp) by extension 'colcon_meta'
[0.490s] Level 1:colcon.colcon_core.package_identification:_identify(src/cpp_hello_udp) by extensions ['ros']
[0.490s] Level 1:colcon.colcon_core.package_identification:_identify(src/cpp_hello_udp) by extension 'ros'
[0.490s] DEBUG:colcon.colcon_core.package_identification:Package 'src/cpp_hello_udp' with type 'ros.ament_cmake' and name 'cpp_hello_udp'
[0.490s] Level 1:colcon.colcon_core.package_identification:_identify(src/roar_gokart_msgs) by extensions ['ignore', 'ignore_ament_install']
[0.491s] Level 1:colcon.colcon_core.package_identification:_identify(src/roar_gokart_msgs) by extension 'ignore'
[0.491s] Level 1:colcon.colcon_core.package_identification:_identify(src/roar_gokart_msgs) by extension 'ignore_ament_install'
[0.491s] Level 1:colcon.colcon_core.package_identification:_identify(src/roar_gokart_msgs) by extensions ['colcon_pkg']
[0.491s] Level 1:colcon.colcon_core.package_identification:_identify(src/roar_gokart_msgs) by extension 'colcon_pkg'
[0.491s] Level 1:colcon.colcon_core.package_identification:_identify(src/roar_gokart_msgs) by extensions ['colcon_meta']
[0.491s] Level 1:colcon.colcon_core.package_identification:_identify(src/roar_gokart_msgs) by extension 'colcon_meta'
[0.491s] Level 1:colcon.colcon_core.package_identification:_identify(src/roar_gokart_msgs) by extensions ['ros']
[0.491s] Level 1:colcon.colcon_core.package_identification:_identify(src/roar_gokart_msgs) by extension 'ros'
[0.491s] DEBUG:colcon.colcon_core.package_identification:Package 'src/roar_gokart_msgs' with type 'ros.ament_cmake' and name 'roar_gokart_msgs'
[0.492s] Level 1:colcon.colcon_core.package_discovery:discover_packages(recursive) using defaults
[0.492s] Level 1:colcon.colcon_core.package_discovery:discover_packages(ignore) discover
[0.492s] Level 1:colcon.colcon_core.package_discovery:discover_packages(ignore) using defaults
[0.492s] Level 1:colcon.colcon_core.package_discovery:discover_packages(path) discover
[0.492s] Level 1:colcon.colcon_core.package_discovery:discover_packages(path) using defaults
[0.524s] Level 1:colcon.colcon_core.package_discovery:discover_packages(prefix_path) check parameters
[0.524s] Level 1:colcon.colcon_core.package_discovery:discover_packages(prefix_path) discover
[0.527s] DEBUG:colcon.colcon_installed_package_information.package_discovery:Found 3 installed packages in /home/curro/ROAR/ros2_ws/install
[0.529s] DEBUG:colcon.colcon_installed_package_information.package_discovery:Found 292 installed packages in /opt/ros/iron
[0.531s] Level 1:colcon.colcon_core.package_discovery:discover_packages(prefix_path) using defaults
[0.596s] Level 5:colcon.colcon_core.verb:set package 'roar_gokart_msgs' build argument 'cmake_args' from command line to 'None'
[0.596s] Level 5:colcon.colcon_core.verb:set package 'roar_gokart_msgs' build argument 'cmake_target' from command line to 'None'
[0.596s] Level 5:colcon.colcon_core.verb:set package 'roar_gokart_msgs' build argument 'cmake_target_skip_unavailable' from command line to 'False'
[0.596s] Level 5:colcon.colcon_core.verb:set package 'roar_gokart_msgs' build argument 'cmake_clean_cache' from command line to 'False'
[0.596s] Level 5:colcon.colcon_core.verb:set package 'roar_gokart_msgs' build argument 'cmake_clean_first' from command line to 'False'
[0.596s] Level 5:colcon.colcon_core.verb:set package 'roar_gokart_msgs' build argument 'cmake_force_configure' from command line to 'False'
[0.596s] Level 5:colcon.colcon_core.verb:set package 'roar_gokart_msgs' build argument 'ament_cmake_args' from command line to 'None'
[0.596s] Level 5:colcon.colcon_core.verb:set package 'roar_gokart_msgs' build argument 'catkin_cmake_args' from command line to 'None'
[0.596s] Level 5:colcon.colcon_core.verb:set package 'roar_gokart_msgs' build argument 'catkin_skip_building_tests' from command line to 'False'
[0.596s] DEBUG:colcon.colcon_core.verb:Building package 'roar_gokart_msgs' with the following arguments: {'ament_cmake_args': None, 'build_base': '/home/curro/ROAR/ros2_ws/build/roar_gokart_msgs', 'catkin_cmake_args': None, 'catkin_skip_building_tests': False, 'cmake_args': None, 'cmake_clean_cache': False, 'cmake_clean_first': False, 'cmake_force_configure': False, 'cmake_target': None, 'cmake_target_skip_unavailable': False, 'install_base': '/home/curro/ROAR/ros2_ws/install/roar_gokart_msgs', 'merge_install': False, 'path': '/home/curro/ROAR/ros2_ws/src/roar_gokart_msgs', 'symlink_install': False, 'test_result_base': None}
[0.598s] Level 5:colcon.colcon_core.verb:set package 'cpp_arduino_comm_usb' build argument 'cmake_args' from command line to 'None'
[0.598s] Level 5:colcon.colcon_core.verb:set package 'cpp_arduino_comm_usb' build argument 'cmake_target' from command line to 'None'
[0.598s] Level 5:colcon.colcon_core.verb:set package 'cpp_arduino_comm_usb' build argument 'cmake_target_skip_unavailable' from command line to 'False'
[0.598s] Level 5:colcon.colcon_core.verb:set package 'cpp_arduino_comm_usb' build argument 'cmake_clean_cache' from command line to 'False'
[0.598s] Level 5:colcon.colcon_core.verb:set package 'cpp_arduino_comm_usb' build argument 'cmake_clean_first' from command line to 'False'
[0.598s] Level 5:colcon.colcon_core.verb:set package 'cpp_arduino_comm_usb' build argument 'cmake_force_configure' from command line to 'False'
[0.598s] Level 5:colcon.colcon_core.verb:set package 'cpp_arduino_comm_usb' build argument 'ament_cmake_args' from command line to 'None'
[0.598s] Level 5:colcon.colcon_core.verb:set package 'cpp_arduino_comm_usb' build argument 'catkin_cmake_args' from command line to 'None'
[0.598s] Level 5:colcon.colcon_core.verb:set package 'cpp_arduino_comm_usb' build argument 'catkin_skip_building_tests' from command line to 'False'
[0.598s] DEBUG:colcon.colcon_core.verb:Building package 'cpp_arduino_comm_usb' with the following arguments: {'ament_cmake_args': None, 'build_base': '/home/curro/ROAR/ros2_ws/build/cpp_arduino_comm_usb', 'catkin_cmake_args': None, 'catkin_skip_building_tests': False, 'cmake_args': None, 'cmake_clean_cache': False, 'cmake_clean_first': False, 'cmake_force_configure': False, 'cmake_target': None, 'cmake_target_skip_unavailable': False, 'install_base': '/home/curro/ROAR/ros2_ws/install/cpp_arduino_comm_usb', 'merge_install': False, 'path': '/home/curro/ROAR/ros2_ws/src/cpp_arduino_comm_usb', 'symlink_install': False, 'test_result_base': None}
[0.600s] Level 5:colcon.colcon_core.verb:set package 'cpp_hello_udp' build argument 'cmake_args' from command line to 'None'
[0.600s] Level 5:colcon.colcon_core.verb:set package 'cpp_hello_udp' build argument 'cmake_target' from command line to 'None'
[0.600s] Level 5:colcon.colcon_core.verb:set package 'cpp_hello_udp' build argument 'cmake_target_skip_unavailable' from command line to 'False'
[0.600s] Level 5:colcon.colcon_core.verb:set package 'cpp_hello_udp' build argument 'cmake_clean_cache' from command line to 'False'
[0.600s] Level 5:colcon.colcon_core.verb:set package 'cpp_hello_udp' build argument 'cmake_clean_first' from command line to 'False'
[0.600s] Level 5:colcon.colcon_core.verb:set package 'cpp_hello_udp' build argument 'cmake_force_configure' from command line to 'False'
[0.600s] Level 5:colcon.colcon_core.verb:set package 'cpp_hello_udp' build argument 'ament_cmake_args' from command line to 'None'
[0.600s] Level 5:colcon.colcon_core.verb:set package 'cpp_hello_udp' build argument 'catkin_cmake_args' from command line to 'None'
[0.600s] Level 5:colcon.colcon_core.verb:set package 'cpp_hello_udp' build argument 'catkin_skip_building_tests' from command line to 'False'
[0.600s] DEBUG:colcon.colcon_core.verb:Building package 'cpp_hello_udp' with the following arguments: {'ament_cmake_args': None, 'build_base': '/home/curro/ROAR/ros2_ws/build/cpp_hello_udp', 'catkin_cmake_args': None, 'catkin_skip_building_tests': False, 'cmake_args': None, 'cmake_clean_cache': False, 'cmake_clean_first': False, 'cmake_force_configure': False, 'cmake_target': None, 'cmake_target_skip_unavailable': False, 'install_base': '/home/curro/ROAR/ros2_ws/install/cpp_hello_udp', 'merge_install': False, 'path': '/home/curro/ROAR/ros2_ws/src/cpp_hello_udp', 'symlink_install': False, 'test_result_base': None}
[0.601s] INFO:colcon.colcon_core.executor:Executing jobs using 'parallel' executor
[0.605s] DEBUG:colcon.colcon_parallel_executor.executor.parallel:run_until_complete
[0.606s] INFO:colcon.colcon_ros.task.ament_cmake.build:Building ROS package in '/home/curro/ROAR/ros2_ws/src/roar_gokart_msgs' with build type 'ament_cmake'
[0.606s] INFO:colcon.colcon_cmake.task.cmake.build:Building CMake package in '/home/curro/ROAR/ros2_ws/src/roar_gokart_msgs'
[0.613s] INFO:colcon.colcon_core.plugin_system:Skipping extension 'colcon_core.shell.bat': Not used on non-Windows systems
[0.613s] INFO:colcon.colcon_core.shell:Skip shell extension 'powershell' for command environment: Not usable outside of PowerShell
[0.613s] DEBUG:colcon.colcon_core.shell:Skip shell extension 'dsv' for command environment
[0.632s] DEBUG:colcon.colcon_core.event_handler.log_command:Invoking command in '/home/curro/ROAR/ros2_ws/build/roar_gokart_msgs': CMAKE_PREFIX_PATH=${CMAKE_PREFIX_PATH}:/opt/ros/iron CONDA_PROMPT_MODIFIER=(base) /home/curro/anaconda3/bin/cmake --build /home/curro/ROAR/ros2_ws/build/roar_gokart_msgs -- -j8 -l8
[1.152s] DEBUG:colcon.colcon_core.event_handler.log_command:Invoked command in '/home/curro/ROAR/ros2_ws/build/roar_gokart_msgs' returned '0': CMAKE_PREFIX_PATH=${CMAKE_PREFIX_PATH}:/opt/ros/iron CONDA_PROMPT_MODIFIER=(base) /home/curro/anaconda3/bin/cmake --build /home/curro/ROAR/ros2_ws/build/roar_gokart_msgs -- -j8 -l8
[1.433s] DEBUG:colcon.colcon_core.event_handler.log_command:Invoking command in '/home/curro/ROAR/ros2_ws/build/roar_gokart_msgs': CMAKE_PREFIX_PATH=${CMAKE_PREFIX_PATH}:/opt/ros/iron CONDA_PROMPT_MODIFIER=(base) /home/curro/anaconda3/bin/cmake --install /home/curro/ROAR/ros2_ws/build/roar_gokart_msgs
[1.540s] Level 1:colcon.colcon_core.environment:create_environment_scripts_only(roar_gokart_msgs)
[1.542s] DEBUG:colcon.colcon_core.event_handler.log_command:Invoked command in '/home/curro/ROAR/ros2_ws/build/roar_gokart_msgs' returned '0': CMAKE_PREFIX_PATH=${CMAKE_PREFIX_PATH}:/opt/ros/iron CONDA_PROMPT_MODIFIER=(base) /home/curro/anaconda3/bin/cmake --install /home/curro/ROAR/ros2_ws/build/roar_gokart_msgs
[1.551s] Level 1:colcon.colcon_core.environment:checking '/home/curro/ROAR/ros2_ws/install/roar_gokart_msgs' for CMake module files
[1.552s] Level 1:colcon.colcon_core.environment:checking '/home/curro/ROAR/ros2_ws/install/roar_gokart_msgs' for CMake config files
[1.553s] Level 1:colcon.colcon_core.shell:create_environment_hook('roar_gokart_msgs', 'cmake_prefix_path')
[1.556s] INFO:colcon.colcon_core.shell:Creating environment hook '/home/curro/ROAR/ros2_ws/install/roar_gokart_msgs/share/roar_gokart_msgs/hook/cmake_prefix_path.ps1'
[1.557s] INFO:colcon.colcon_core.shell:Creating environment descriptor '/home/curro/ROAR/ros2_ws/install/roar_gokart_msgs/share/roar_gokart_msgs/hook/cmake_prefix_path.dsv'
[1.558s] INFO:colcon.colcon_core.shell:Creating environment hook '/home/curro/ROAR/ros2_ws/install/roar_gokart_msgs/share/roar_gokart_msgs/hook/cmake_prefix_path.sh'
[1.560s] Level 1:colcon.colcon_core.environment:checking '/home/curro/ROAR/ros2_ws/install/roar_gokart_msgs/lib'
[1.560s] Level 1:colcon.colcon_core.shell:create_environment_hook('roar_gokart_msgs', 'ld_library_path_lib')
[1.563s] INFO:colcon.colcon_core.shell:Creating environment hook '/home/curro/ROAR/ros2_ws/install/roar_gokart_msgs/share/roar_gokart_msgs/hook/ld_library_path_lib.ps1'
[1.564s] INFO:colcon.colcon_core.shell:Creating environment descriptor '/home/curro/ROAR/ros2_ws/install/roar_gokart_msgs/share/roar_gokart_msgs/hook/ld_library_path_lib.dsv'
[1.565s] INFO:colcon.colcon_core.shell:Creating environment hook '/home/curro/ROAR/ros2_ws/install/roar_gokart_msgs/share/roar_gokart_msgs/hook/ld_library_path_lib.sh'
[1.565s] Level 1:colcon.colcon_core.environment:checking '/home/curro/ROAR/ros2_ws/install/roar_gokart_msgs/bin'
[1.566s] Level 1:colcon.colcon_core.environment:checking '/home/curro/ROAR/ros2_ws/install/roar_gokart_msgs/lib/pkgconfig/roar_gokart_msgs.pc'
[1.566s] Level 1:colcon.colcon_core.environment:checking '/home/curro/ROAR/ros2_ws/install/roar_gokart_msgs/lib/python3.10/site-packages'
[1.567s] Level 1:colcon.colcon_core.environment:checking '/home/curro/ROAR/ros2_ws/install/roar_gokart_msgs/bin'
[1.570s] INFO:colcon.colcon_core.shell:Creating package script '/home/curro/ROAR/ros2_ws/install/roar_gokart_msgs/share/roar_gokart_msgs/package.ps1'
[1.572s] INFO:colcon.colcon_core.shell:Creating package descriptor '/home/curro/ROAR/ros2_ws/install/roar_gokart_msgs/share/roar_gokart_msgs/package.dsv'
[1.573s] INFO:colcon.colcon_core.shell:Creating package script '/home/curro/ROAR/ros2_ws/install/roar_gokart_msgs/share/roar_gokart_msgs/package.sh'
[1.574s] INFO:colcon.colcon_core.shell:Creating package script '/home/curro/ROAR/ros2_ws/install/roar_gokart_msgs/share/roar_gokart_msgs/package.bash'
[1.576s] INFO:colcon.colcon_core.shell:Creating package script '/home/curro/ROAR/ros2_ws/install/roar_gokart_msgs/share/roar_gokart_msgs/package.zsh'
[1.578s] Level 1:colcon.colcon_core.environment:create_file_with_runtime_dependencies(/home/curro/ROAR/ros2_ws/install/roar_gokart_msgs/share/colcon-core/packages/roar_gokart_msgs)
[1.793s] Level 1:colcon.colcon_core.environment:create_environment_scripts_only(roar_gokart_msgs)
[1.796s] Level 1:colcon.colcon_core.environment:checking '/home/curro/ROAR/ros2_ws/install/roar_gokart_msgs' for CMake module files
[1.796s] Level 1:colcon.colcon_core.environment:checking '/home/curro/ROAR/ros2_ws/install/roar_gokart_msgs' for CMake config files
[1.797s] Level 1:colcon.colcon_core.shell:create_environment_hook('roar_gokart_msgs', 'cmake_prefix_path')
[1.798s] INFO:colcon.colcon_core.shell:Creating environment hook '/home/curro/ROAR/ros2_ws/install/roar_gokart_msgs/share/roar_gokart_msgs/hook/cmake_prefix_path.ps1'
[1.799s] INFO:colcon.colcon_core.shell:Creating environment descriptor '/home/curro/ROAR/ros2_ws/install/roar_gokart_msgs/share/roar_gokart_msgs/hook/cmake_prefix_path.dsv'
[1.800s] INFO:colcon.colcon_core.shell:Creating environment hook '/home/curro/ROAR/ros2_ws/install/roar_gokart_msgs/share/roar_gokart_msgs/hook/cmake_prefix_path.sh'
[1.802s] Level 1:colcon.colcon_core.environment:checking '/home/curro/ROAR/ros2_ws/install/roar_gokart_msgs/lib'
[1.802s] Level 1:colcon.colcon_core.shell:create_environment_hook('roar_gokart_msgs', 'ld_library_path_lib')
[1.804s] INFO:colcon.colcon_core.shell:Creating environment hook '/home/curro/ROAR/ros2_ws/install/roar_gokart_msgs/share/roar_gokart_msgs/hook/ld_library_path_lib.ps1'
[1.805s] INFO:colcon.colcon_core.shell:Creating environment descriptor '/home/curro/ROAR/ros2_ws/install/roar_gokart_msgs/share/roar_gokart_msgs/hook/ld_library_path_lib.dsv'
[1.806s] INFO:colcon.colcon_core.shell:Creating environment hook '/home/curro/ROAR/ros2_ws/install/roar_gokart_msgs/share/roar_gokart_msgs/hook/ld_library_path_lib.sh'
[1.807s] Level 1:colcon.colcon_core.environment:checking '/home/curro/ROAR/ros2_ws/install/roar_gokart_msgs/bin'
[1.807s] Level 1:colcon.colcon_core.environment:checking '/home/curro/ROAR/ros2_ws/install/roar_gokart_msgs/lib/pkgconfig/roar_gokart_msgs.pc'
[1.808s] Level 1:colcon.colcon_core.environment:checking '/home/curro/ROAR/ros2_ws/install/roar_gokart_msgs/lib/python3.10/site-packages'
[1.809s] Level 1:colcon.colcon_core.environment:checking '/home/curro/ROAR/ros2_ws/install/roar_gokart_msgs/bin'
[1.811s] INFO:colcon.colcon_core.shell:Creating package script '/home/curro/ROAR/ros2_ws/install/roar_gokart_msgs/share/roar_gokart_msgs/package.ps1'
[1.812s] INFO:colcon.colcon_core.shell:Creating package descriptor '/home/curro/ROAR/ros2_ws/install/roar_gokart_msgs/share/roar_gokart_msgs/package.dsv'
[1.813s] INFO:colcon.colcon_core.shell:Creating package script '/home/curro/ROAR/ros2_ws/install/roar_gokart_msgs/share/roar_gokart_msgs/package.sh'
[1.815s] INFO:colcon.colcon_core.shell:Creating package script '/home/curro/ROAR/ros2_ws/install/roar_gokart_msgs/share/roar_gokart_msgs/package.bash'
[1.817s] INFO:colcon.colcon_core.shell:Creating package script '/home/curro/ROAR/ros2_ws/install/roar_gokart_msgs/share/roar_gokart_msgs/package.zsh'
[1.818s] Level 1:colcon.colcon_core.environment:create_file_with_runtime_dependencies(/home/curro/ROAR/ros2_ws/install/roar_gokart_msgs/share/colcon-core/packages/roar_gokart_msgs)
[1.820s] INFO:colcon.colcon_ros.task.ament_cmake.build:Building ROS package in '/home/curro/ROAR/ros2_ws/src/cpp_arduino_comm_usb' with build type 'ament_cmake'
[1.821s] INFO:colcon.colcon_cmake.task.cmake.build:Building CMake package in '/home/curro/ROAR/ros2_ws/src/cpp_arduino_comm_usb'
[1.823s] INFO:colcon.colcon_core.shell:Skip shell extension 'powershell' for command environment: Not usable outside of PowerShell
[1.823s] DEBUG:colcon.colcon_core.shell:Skip shell extension 'dsv' for command environment
[1.830s] INFO:colcon.colcon_ros.task.ament_cmake.build:Building ROS package in '/home/curro/ROAR/ros2_ws/src/cpp_hello_udp' with build type 'ament_cmake'
[1.831s] INFO:colcon.colcon_cmake.task.cmake.build:Building CMake package in '/home/curro/ROAR/ros2_ws/src/cpp_hello_udp'
[1.833s] INFO:colcon.colcon_core.shell:Skip shell extension 'powershell' for command environment: Not usable outside of PowerShell
[1.833s] DEBUG:colcon.colcon_core.shell:Skip shell extension 'dsv' for command environment
[1.844s] DEBUG:colcon.colcon_core.event_handler.log_command:Invoking command in '/home/curro/ROAR/ros2_ws/build/cpp_arduino_comm_usb': CMAKE_PREFIX_PATH=/home/curro/ROAR/ros2_ws/install/roar_gokart_msgs:/home/curro/ROAR/ros2_ws/install/cpp_hello_udp:/home/curro/ROAR/ros2_ws/install/cpp_arduino_comm_usb:/opt/ros/iron CONDA_PROMPT_MODIFIER=(base) /home/curro/anaconda3/bin/cmake --build /home/curro/ROAR/ros2_ws/build/cpp_arduino_comm_usb -- -j8 -l8
[1.849s] DEBUG:colcon.colcon_core.event_handler.log_command:Invoking command in '/home/curro/ROAR/ros2_ws/build/cpp_hello_udp': CMAKE_PREFIX_PATH=/home/curro/ROAR/ros2_ws/install/roar_gokart_msgs:/home/curro/ROAR/ros2_ws/install/cpp_hello_udp:/home/curro/ROAR/ros2_ws/install/cpp_arduino_comm_usb:/opt/ros/iron CONDA_PROMPT_MODIFIER=(base) /home/curro/anaconda3/bin/cmake --build /home/curro/ROAR/ros2_ws/build/cpp_hello_udp -- -j8 -l8
[1.933s] DEBUG:colcon.colcon_core.event_handler.log_command:Invoked command in '/home/curro/ROAR/ros2_ws/build/cpp_hello_udp' returned '0': CMAKE_PREFIX_PATH=/home/curro/ROAR/ros2_ws/install/roar_gokart_msgs:/home/curro/ROAR/ros2_ws/install/cpp_hello_udp:/home/curro/ROAR/ros2_ws/install/cpp_arduino_comm_usb:/opt/ros/iron CONDA_PROMPT_MODIFIER=(base) /home/curro/anaconda3/bin/cmake --build /home/curro/ROAR/ros2_ws/build/cpp_hello_udp -- -j8 -l8
[1.943s] DEBUG:colcon.colcon_core.event_handler.log_command:Invoked command in '/home/curro/ROAR/ros2_ws/build/cpp_arduino_comm_usb' returned '0': CMAKE_PREFIX_PATH=/home/curro/ROAR/ros2_ws/install/roar_gokart_msgs:/home/curro/ROAR/ros2_ws/install/cpp_hello_udp:/home/curro/ROAR/ros2_ws/install/cpp_arduino_comm_usb:/opt/ros/iron CONDA_PROMPT_MODIFIER=(base) /home/curro/anaconda3/bin/cmake --build /home/curro/ROAR/ros2_ws/build/cpp_arduino_comm_usb -- -j8 -l8
[1.998s] DEBUG:colcon.colcon_core.event_handler.log_command:Invoking command in '/home/curro/ROAR/ros2_ws/build/cpp_hello_udp': CMAKE_PREFIX_PATH=/home/curro/ROAR/ros2_ws/install/roar_gokart_msgs:/home/curro/ROAR/ros2_ws/install/cpp_hello_udp:/home/curro/ROAR/ros2_ws/install/cpp_arduino_comm_usb:/opt/ros/iron CONDA_PROMPT_MODIFIER=(base) /home/curro/anaconda3/bin/cmake --install /home/curro/ROAR/ros2_ws/build/cpp_hello_udp
[2.007s] DEBUG:colcon.colcon_core.event_handler.log_command:Invoking command in '/home/curro/ROAR/ros2_ws/build/cpp_arduino_comm_usb': CMAKE_PREFIX_PATH=/home/curro/ROAR/ros2_ws/install/roar_gokart_msgs:/home/curro/ROAR/ros2_ws/install/cpp_hello_udp:/home/curro/ROAR/ros2_ws/install/cpp_arduino_comm_usb:/opt/ros/iron CONDA_PROMPT_MODIFIER=(base) /home/curro/anaconda3/bin/cmake --install /home/curro/ROAR/ros2_ws/build/cpp_arduino_comm_usb
[2.043s] Level 1:colcon.colcon_core.environment:create_environment_scripts_only(cpp_hello_udp)
[2.044s] DEBUG:colcon.colcon_core.event_handler.log_command:Invoked command in '/home/curro/ROAR/ros2_ws/build/cpp_hello_udp' returned '0': CMAKE_PREFIX_PATH=/home/curro/ROAR/ros2_ws/install/roar_gokart_msgs:/home/curro/ROAR/ros2_ws/install/cpp_hello_udp:/home/curro/ROAR/ros2_ws/install/cpp_arduino_comm_usb:/opt/ros/iron CONDA_PROMPT_MODIFIER=(base) /home/curro/anaconda3/bin/cmake --install /home/curro/ROAR/ros2_ws/build/cpp_hello_udp
[2.046s] Level 1:colcon.colcon_core.environment:checking '/home/curro/ROAR/ros2_ws/install/cpp_hello_udp' for CMake module files
[2.049s] Level 1:colcon.colcon_core.environment:checking '/home/curro/ROAR/ros2_ws/install/cpp_hello_udp' for CMake config files
[2.049s] Level 1:colcon.colcon_core.shell:create_environment_hook('cpp_hello_udp', 'cmake_prefix_path')
[2.050s] INFO:colcon.colcon_core.shell:Creating environment hook '/home/curro/ROAR/ros2_ws/install/cpp_hello_udp/share/cpp_hello_udp/hook/cmake_prefix_path.ps1'
[2.051s] INFO:colcon.colcon_core.shell:Creating environment descriptor '/home/curro/ROAR/ros2_ws/install/cpp_hello_udp/share/cpp_hello_udp/hook/cmake_prefix_path.dsv'
[2.051s] INFO:colcon.colcon_core.shell:Creating environment hook '/home/curro/ROAR/ros2_ws/install/cpp_hello_udp/share/cpp_hello_udp/hook/cmake_prefix_path.sh'
[2.052s] Level 1:colcon.colcon_core.environment:checking '/home/curro/ROAR/ros2_ws/install/cpp_hello_udp/lib'
[2.052s] Level 1:colcon.colcon_core.environment:checking '/home/curro/ROAR/ros2_ws/install/cpp_hello_udp/bin'
[2.052s] Level 1:colcon.colcon_core.environment:checking '/home/curro/ROAR/ros2_ws/install/cpp_hello_udp/lib/pkgconfig/cpp_hello_udp.pc'
[2.052s] Level 1:colcon.colcon_core.environment:checking '/home/curro/ROAR/ros2_ws/install/cpp_hello_udp/lib/python3.10/site-packages'
[2.053s] Level 1:colcon.colcon_core.environment:checking '/home/curro/ROAR/ros2_ws/install/cpp_hello_udp/bin'
[2.054s] INFO:colcon.colcon_core.shell:Creating package script '/home/curro/ROAR/ros2_ws/install/cpp_hello_udp/share/cpp_hello_udp/package.ps1'
[2.055s] INFO:colcon.colcon_core.shell:Creating package descriptor '/home/curro/ROAR/ros2_ws/install/cpp_hello_udp/share/cpp_hello_udp/package.dsv'
[2.055s] INFO:colcon.colcon_core.shell:Creating package script '/home/curro/ROAR/ros2_ws/install/cpp_hello_udp/share/cpp_hello_udp/package.sh'
[2.056s] INFO:colcon.colcon_core.shell:Creating package script '/home/curro/ROAR/ros2_ws/install/cpp_hello_udp/share/cpp_hello_udp/package.bash'
[2.056s] INFO:colcon.colcon_core.shell:Creating package script '/home/curro/ROAR/ros2_ws/install/cpp_hello_udp/share/cpp_hello_udp/package.zsh'
[2.056s] Level 1:colcon.colcon_core.environment:create_file_with_runtime_dependencies(/home/curro/ROAR/ros2_ws/install/cpp_hello_udp/share/colcon-core/packages/cpp_hello_udp)
[2.058s] Level 1:colcon.colcon_core.environment:create_environment_scripts_only(cpp_arduino_comm_usb)
[2.061s] Level 1:colcon.colcon_core.environment:checking '/home/curro/ROAR/ros2_ws/install/cpp_arduino_comm_usb' for CMake module files
[2.062s] DEBUG:colcon.colcon_core.event_handler.log_command:Invoked command in '/home/curro/ROAR/ros2_ws/build/cpp_arduino_comm_usb' returned '0': CMAKE_PREFIX_PATH=/home/curro/ROAR/ros2_ws/install/roar_gokart_msgs:/home/curro/ROAR/ros2_ws/install/cpp_hello_udp:/home/curro/ROAR/ros2_ws/install/cpp_arduino_comm_usb:/opt/ros/iron CONDA_PROMPT_MODIFIER=(base) /home/curro/anaconda3/bin/cmake --install /home/curro/ROAR/ros2_ws/build/cpp_arduino_comm_usb
[2.062s] Level 1:colcon.colcon_core.environment:checking '/home/curro/ROAR/ros2_ws/install/cpp_arduino_comm_usb' for CMake config files
[2.062s] Level 1:colcon.colcon_core.shell:create_environment_hook('cpp_arduino_comm_usb', 'cmake_prefix_path')
[2.064s] INFO:colcon.colcon_core.shell:Creating environment hook '/home/curro/ROAR/ros2_ws/install/cpp_arduino_comm_usb/share/cpp_arduino_comm_usb/hook/cmake_prefix_path.ps1'
[2.065s] INFO:colcon.colcon_core.shell:Creating environment descriptor '/home/curro/ROAR/ros2_ws/install/cpp_arduino_comm_usb/share/cpp_arduino_comm_usb/hook/cmake_prefix_path.dsv'
[2.065s] INFO:colcon.colcon_core.shell:Creating environment hook '/home/curro/ROAR/ros2_ws/install/cpp_arduino_comm_usb/share/cpp_arduino_comm_usb/hook/cmake_prefix_path.sh'
[2.066s] Level 1:colcon.colcon_core.environment:checking '/home/curro/ROAR/ros2_ws/install/cpp_arduino_comm_usb/lib'
[2.066s] Level 1:colcon.colcon_core.environment:checking '/home/curro/ROAR/ros2_ws/install/cpp_arduino_comm_usb/bin'
[2.066s] Level 1:colcon.colcon_core.environment:checking '/home/curro/ROAR/ros2_ws/install/cpp_arduino_comm_usb/lib/pkgconfig/cpp_arduino_comm_usb.pc'
[2.066s] Level 1:colcon.colcon_core.environment:checking '/home/curro/ROAR/ros2_ws/install/cpp_arduino_comm_usb/lib/python3.10/site-packages'
[2.066s] Level 1:colcon.colcon_core.environment:checking '/home/curro/ROAR/ros2_ws/install/cpp_arduino_comm_usb/bin'
[2.068s] INFO:colcon.colcon_core.shell:Creating package script '/home/curro/ROAR/ros2_ws/install/cpp_arduino_comm_usb/share/cpp_arduino_comm_usb/package.ps1'
[2.068s] INFO:colcon.colcon_core.shell:Creating package descriptor '/home/curro/ROAR/ros2_ws/install/cpp_arduino_comm_usb/share/cpp_arduino_comm_usb/package.dsv'
[2.069s] INFO:colcon.colcon_core.shell:Creating package script '/home/curro/ROAR/ros2_ws/install/cpp_arduino_comm_usb/share/cpp_arduino_comm_usb/package.sh'
[2.069s] INFO:colcon.colcon_core.shell:Creating package script '/home/curro/ROAR/ros2_ws/install/cpp_arduino_comm_usb/share/cpp_arduino_comm_usb/package.bash'
[2.070s] INFO:colcon.colcon_core.shell:Creating package script '/home/curro/ROAR/ros2_ws/install/cpp_arduino_comm_usb/share/cpp_arduino_comm_usb/package.zsh'
[2.070s] Level 1:colcon.colcon_core.environment:create_file_with_runtime_dependencies(/home/curro/ROAR/ros2_ws/install/cpp_arduino_comm_usb/share/colcon-core/packages/cpp_arduino_comm_usb)
[2.117s] Level 1:colcon.colcon_core.environment:create_environment_scripts_only(cpp_hello_udp)
[2.119s] Level 1:colcon.colcon_core.environment:checking '/home/curro/ROAR/ros2_ws/install/cpp_hello_udp' for CMake module files
[2.120s] Level 1:colcon.colcon_core.environment:checking '/home/curro/ROAR/ros2_ws/install/cpp_hello_udp' for CMake config files
[2.120s] Level 1:colcon.colcon_core.shell:create_environment_hook('cpp_hello_udp', 'cmake_prefix_path')
[2.122s] INFO:colcon.colcon_core.shell:Creating environment hook '/home/curro/ROAR/ros2_ws/install/cpp_hello_udp/share/cpp_hello_udp/hook/cmake_prefix_path.ps1'
[2.123s] INFO:colcon.colcon_core.shell:Creating environment descriptor '/home/curro/ROAR/ros2_ws/install/cpp_hello_udp/share/cpp_hello_udp/hook/cmake_prefix_path.dsv'
[2.123s] INFO:colcon.colcon_core.shell:Creating environment hook '/home/curro/ROAR/ros2_ws/install/cpp_hello_udp/share/cpp_hello_udp/hook/cmake_prefix_path.sh'
[2.123s] Level 1:colcon.colcon_core.environment:checking '/home/curro/ROAR/ros2_ws/install/cpp_hello_udp/lib'
[2.124s] Level 1:colcon.colcon_core.environment:checking '/home/curro/ROAR/ros2_ws/install/cpp_hello_udp/bin'
[2.124s] Level 1:colcon.colcon_core.environment:checking '/home/curro/ROAR/ros2_ws/install/cpp_hello_udp/lib/pkgconfig/cpp_hello_udp.pc'
[2.124s] Level 1:colcon.colcon_core.environment:checking '/home/curro/ROAR/ros2_ws/install/cpp_hello_udp/lib/python3.10/site-packages'
[2.124s] Level 1:colcon.colcon_core.environment:checking '/home/curro/ROAR/ros2_ws/install/cpp_hello_udp/bin'
[2.126s] INFO:colcon.colcon_core.shell:Creating package script '/home/curro/ROAR/ros2_ws/install/cpp_hello_udp/share/cpp_hello_udp/package.ps1'
[2.127s] INFO:colcon.colcon_core.shell:Creating package descriptor '/home/curro/ROAR/ros2_ws/install/cpp_hello_udp/share/cpp_hello_udp/package.dsv'
[2.127s] INFO:colcon.colcon_core.shell:Creating package script '/home/curro/ROAR/ros2_ws/install/cpp_hello_udp/share/cpp_hello_udp/package.sh'
[2.128s] INFO:colcon.colcon_core.shell:Creating package script '/home/curro/ROAR/ros2_ws/install/cpp_hello_udp/share/cpp_hello_udp/package.bash'
[2.128s] INFO:colcon.colcon_core.shell:Creating package script '/home/curro/ROAR/ros2_ws/install/cpp_hello_udp/share/cpp_hello_udp/package.zsh'
[2.129s] Level 1:colcon.colcon_core.environment:create_file_with_runtime_dependencies(/home/curro/ROAR/ros2_ws/install/cpp_hello_udp/share/colcon-core/packages/cpp_hello_udp)
[2.132s] Level 1:colcon.colcon_core.environment:create_environment_scripts_only(cpp_arduino_comm_usb)
[2.135s] Level 1:colcon.colcon_core.environment:checking '/home/curro/ROAR/ros2_ws/install/cpp_arduino_comm_usb' for CMake module files
[2.135s] Level 1:colcon.colcon_core.environment:checking '/home/curro/ROAR/ros2_ws/install/cpp_arduino_comm_usb' for CMake config files
[2.136s] Level 1:colcon.colcon_core.shell:create_environment_hook('cpp_arduino_comm_usb', 'cmake_prefix_path')
[2.137s] INFO:colcon.colcon_core.shell:Creating environment hook '/home/curro/ROAR/ros2_ws/install/cpp_arduino_comm_usb/share/cpp_arduino_comm_usb/hook/cmake_prefix_path.ps1'
[2.137s] INFO:colcon.colcon_core.shell:Creating environment descriptor '/home/curro/ROAR/ros2_ws/install/cpp_arduino_comm_usb/share/cpp_arduino_comm_usb/hook/cmake_prefix_path.dsv'
[2.138s] INFO:colcon.colcon_core.shell:Creating environment hook '/home/curro/ROAR/ros2_ws/install/cpp_arduino_comm_usb/share/cpp_arduino_comm_usb/hook/cmake_prefix_path.sh'
[2.138s] Level 1:colcon.colcon_core.environment:checking '/home/curro/ROAR/ros2_ws/install/cpp_arduino_comm_usb/lib'
[2.138s] Level 1:colcon.colcon_core.environment:checking '/home/curro/ROAR/ros2_ws/install/cpp_arduino_comm_usb/bin'
[2.138s] Level 1:colcon.colcon_core.environment:checking '/home/curro/ROAR/ros2_ws/install/cpp_arduino_comm_usb/lib/pkgconfig/cpp_arduino_comm_usb.pc'
[2.139s] Level 1:colcon.colcon_core.environment:checking '/home/curro/ROAR/ros2_ws/install/cpp_arduino_comm_usb/lib/python3.10/site-packages'
[2.139s] Level 1:colcon.colcon_core.environment:checking '/home/curro/ROAR/ros2_ws/install/cpp_arduino_comm_usb/bin'
[2.141s] INFO:colcon.colcon_core.shell:Creating package script '/home/curro/ROAR/ros2_ws/install/cpp_arduino_comm_usb/share/cpp_arduino_comm_usb/package.ps1'
[2.141s] INFO:colcon.colcon_core.shell:Creating package descriptor '/home/curro/ROAR/ros2_ws/install/cpp_arduino_comm_usb/share/cpp_arduino_comm_usb/package.dsv'
[2.142s] INFO:colcon.colcon_core.shell:Creating package script '/home/curro/ROAR/ros2_ws/install/cpp_arduino_comm_usb/share/cpp_arduino_comm_usb/package.sh'
[2.142s] INFO:colcon.colcon_core.shell:Creating package script '/home/curro/ROAR/ros2_ws/install/cpp_arduino_comm_usb/share/cpp_arduino_comm_usb/package.bash'
[2.143s] INFO:colcon.colcon_core.shell:Creating package script '/home/curro/ROAR/ros2_ws/install/cpp_arduino_comm_usb/share/cpp_arduino_comm_usb/package.zsh'
[2.143s] Level 1:colcon.colcon_core.environment:create_file_with_runtime_dependencies(/home/curro/ROAR/ros2_ws/install/cpp_arduino_comm_usb/share/colcon-core/packages/cpp_arduino_comm_usb)
[2.144s] DEBUG:colcon.colcon_parallel_executor.executor.parallel:closing loop
[2.144s] DEBUG:colcon.colcon_parallel_executor.executor.parallel:loop closed
[2.144s] DEBUG:colcon.colcon_parallel_executor.executor.parallel:run_until_complete finished with '0'
[2.144s] DEBUG:colcon.colcon_core.event_reactor:joining thread
[2.152s] INFO:colcon.colcon_core.plugin_system:Skipping extension 'colcon_notification.desktop_notification.terminal_notifier': Not used on non-Darwin systems
[2.152s] INFO:colcon.colcon_core.plugin_system:Skipping extension 'colcon_notification.desktop_notification.win32': Not used on non-Windows systems
[2.152s] INFO:colcon.colcon_notification.desktop_notification:Sending desktop notification using 'notify2'
[2.167s] DEBUG:colcon.colcon_core.event_reactor:joined thread
[2.169s] INFO:colcon.colcon_core.shell:Creating prefix script '/home/curro/ROAR/ros2_ws/install/local_setup.ps1'
[2.170s] INFO:colcon.colcon_core.shell:Creating prefix util module '/home/curro/ROAR/ros2_ws/install/_local_setup_util_ps1.py'
[2.172s] INFO:colcon.colcon_core.shell:Creating prefix chain script '/home/curro/ROAR/ros2_ws/install/setup.ps1'
[2.174s] INFO:colcon.colcon_core.shell:Creating prefix script '/home/curro/ROAR/ros2_ws/install/local_setup.sh'
[2.175s] INFO:colcon.colcon_core.shell:Creating prefix util module '/home/curro/ROAR/ros2_ws/install/_local_setup_util_sh.py'
[2.175s] INFO:colcon.colcon_core.shell:Creating prefix chain script '/home/curro/ROAR/ros2_ws/install/setup.sh'
[2.177s] INFO:colcon.colcon_core.shell:Creating prefix script '/home/curro/ROAR/ros2_ws/install/local_setup.bash'
[2.178s] INFO:colcon.colcon_core.shell:Creating prefix chain script '/home/curro/ROAR/ros2_ws/install/setup.bash'
[2.180s] INFO:colcon.colcon_core.shell:Creating prefix script '/home/curro/ROAR/ros2_ws/install/local_setup.zsh'
[2.181s] INFO:colcon.colcon_core.shell:Creating prefix chain script '/home/curro/ROAR/ros2_ws/install/setup.zsh'
