[0.011s] Invoking command in '/home/curro/ROAR/ros2_ws/build/cpp_hello_udp': CMAKE_PREFIX_PATH=/opt/ros/iron CONDA_PROMPT_MODIFIER=(base) /home/curro/anaconda3/bin/cmake --build /home/curro/ROAR/ros2_ws/build/cpp_hello_udp -- -j8 -l8
[0.074s] -- Found ament_cmake: 2.0.3 (/opt/ros/iron/share/ament_cmake/cmake)
[0.273s] -- Found rclcpp: 21.0.3 (/opt/ros/iron/share/rclcpp/cmake)
[0.306s] -- Found rosidl_generator_c: 4.0.1 (/opt/ros/iron/share/rosidl_generator_c/cmake)
[0.316s] -- Found rosidl_generator_cpp: 4.0.1 (/opt/ros/iron/share/rosidl_generator_cpp/cmake)
[0.330s] -- Using all available rosidl_typesupport_c: rosidl_typesupport_fastrtps_c;rosidl_typesupport_introspection_c
[0.349s] -- Using all available rosidl_typesupport_cpp: rosidl_typesupport_fastrtps_cpp;rosidl_typesupport_introspection_cpp
[0.513s] -- Found rmw_implementation_cmake: 7.1.0 (/opt/ros/iron/share/rmw_implementation_cmake/cmake)
[0.514s] -- Found rmw_fastrtps_cpp: 7.1.1 (/opt/ros/iron/share/rmw_fastrtps_cpp/cmake)
[0.646s] -- Using RMW implementation 'rmw_fastrtps_cpp' as default
[0.828s] -- Found std_msgs: 5.0.0 (/opt/ros/iron/share/std_msgs/cmake)
[0.863s] -- Found roar_gokart_msgs: 0.0.0 (/home/curro/ROAR/ros2_ws/install/roar_gokart_msgs/share/roar_gokart_msgs/cmake)
[0.907s] -- Found ament_lint_auto: 0.14.2 (/opt/ros/iron/share/ament_lint_auto/cmake)
[0.989s] -- Added test 'cppcheck' to perform static code analysis on C / C++ code
[0.989s] -- Configured cppcheck include dirs: /home/curro/ROAR/ros2_ws/src/cpp_hello_udp/include;$<BUILD_INTERFACE:/home/curro/ROAR/ros2_ws/src/cpp_hello_udp/include>
[0.989s] -- Configured cppcheck exclude dirs and/or files: 
[0.989s] -- Added test 'lint_cmake' to check CMake code style
[0.990s] -- Added test 'uncrustify' to check C / C++ code style
[0.990s] -- Configured uncrustify additional arguments: 
[0.990s] -- Added test 'xmllint' to check XML markup files
[0.991s] -- Configuring done (0.9s)
[1.001s] -- Generating done (0.0s)
[1.003s] -- Build files have been written to: /home/curro/ROAR/ros2_ws/build/cpp_hello_udp
[1.037s] [ 50%] [32mBuilding CXX object CMakeFiles/hello.dir/src/hello.cpp.o[0m
[3.717s] [100%] [32m[1mLinking CXX executable hello[0m
[3.833s] [100%] Built target hello
[3.853s] Invoked command in '/home/curro/ROAR/ros2_ws/build/cpp_hello_udp' returned '0': CMAKE_PREFIX_PATH=/opt/ros/iron CONDA_PROMPT_MODIFIER=(base) /home/curro/anaconda3/bin/cmake --build /home/curro/ROAR/ros2_ws/build/cpp_hello_udp -- -j8 -l8
[3.926s] Invoking command in '/home/curro/ROAR/ros2_ws/build/cpp_hello_udp': CMAKE_PREFIX_PATH=/opt/ros/iron CONDA_PROMPT_MODIFIER=(base) /home/curro/anaconda3/bin/cmake --install /home/curro/ROAR/ros2_ws/build/cpp_hello_udp
[3.949s] -- Install configuration: ""
[3.949s] -- Installing: /home/curro/ROAR/ros2_ws/install/cpp_hello_udp/lib/cpp_hello_udp/hello
[3.949s] -- Set runtime path of "/home/curro/ROAR/ros2_ws/install/cpp_hello_udp/lib/cpp_hello_udp/hello" to ""
[3.949s] -- Up-to-date: /home/curro/ROAR/ros2_ws/install/cpp_hello_udp/share/ament_index/resource_index/package_run_dependencies/cpp_hello_udp
[3.949s] -- Installing: /home/curro/ROAR/ros2_ws/install/cpp_hello_udp/share/ament_index/resource_index/parent_prefix_path/cpp_hello_udp
[3.949s] -- Installing: /home/curro/ROAR/ros2_ws/install/cpp_hello_udp/share/cpp_hello_udp/environment/ament_prefix_path.sh
[3.950s] -- Up-to-date: /home/curro/ROAR/ros2_ws/install/cpp_hello_udp/share/cpp_hello_udp/environment/ament_prefix_path.dsv
[3.950s] -- Installing: /home/curro/ROAR/ros2_ws/install/cpp_hello_udp/share/cpp_hello_udp/environment/path.sh
[3.950s] -- Up-to-date: /home/curro/ROAR/ros2_ws/install/cpp_hello_udp/share/cpp_hello_udp/environment/path.dsv
[3.950s] -- Up-to-date: /home/curro/ROAR/ros2_ws/install/cpp_hello_udp/share/cpp_hello_udp/local_setup.bash
[3.950s] -- Up-to-date: /home/curro/ROAR/ros2_ws/install/cpp_hello_udp/share/cpp_hello_udp/local_setup.sh
[3.950s] -- Up-to-date: /home/curro/ROAR/ros2_ws/install/cpp_hello_udp/share/cpp_hello_udp/local_setup.zsh
[3.950s] -- Up-to-date: /home/curro/ROAR/ros2_ws/install/cpp_hello_udp/share/cpp_hello_udp/local_setup.dsv
[3.950s] -- Up-to-date: /home/curro/ROAR/ros2_ws/install/cpp_hello_udp/share/cpp_hello_udp/package.dsv
[3.950s] -- Up-to-date: /home/curro/ROAR/ros2_ws/install/cpp_hello_udp/share/ament_index/resource_index/packages/cpp_hello_udp
[3.950s] -- Up-to-date: /home/curro/ROAR/ros2_ws/install/cpp_hello_udp/share/cpp_hello_udp/cmake/cpp_hello_udpConfig.cmake
[3.951s] -- Up-to-date: /home/curro/ROAR/ros2_ws/install/cpp_hello_udp/share/cpp_hello_udp/cmake/cpp_hello_udpConfig-version.cmake
[3.951s] -- Up-to-date: /home/curro/ROAR/ros2_ws/install/cpp_hello_udp/share/cpp_hello_udp/package.xml
[3.955s] Invoked command in '/home/curro/ROAR/ros2_ws/build/cpp_hello_udp' returned '0': CMAKE_PREFIX_PATH=/opt/ros/iron CONDA_PROMPT_MODIFIER=(base) /home/curro/anaconda3/bin/cmake --install /home/curro/ROAR/ros2_ws/build/cpp_hello_udp
