[0.012s] Invoking command in '/home/curro/ROAR/ros2_ws/build/arduino_comm_cpp': AMENT_PREFIX_PATH=/home/curro/ROAR/ros2_ws/install/roar_gokart_msgs:${AMENT_PREFIX_PATH} CMAKE_PREFIX_PATH=/home/curro/ROAR/ros2_ws/install/roar_gokart_msgs:/opt/ros/iron CONDA_PROMPT_MODIFIER=(base) LD_LIBRARY_PATH=/home/curro/ROAR/ros2_ws/install/roar_gokart_msgs/lib:${LD_LIBRARY_PATH} PYTHONPATH=/home/curro/ROAR/ros2_ws/install/roar_gokart_msgs/lib/python3.11/site-packages:${PYTHONPATH} /home/curro/anaconda3/bin/cmake --build /home/curro/ROAR/ros2_ws/build/arduino_comm_cpp -- -j8 -l8
[0.099s] [100%] Built target arduino_comm_node
[0.114s] Invoked command in '/home/curro/ROAR/ros2_ws/build/arduino_comm_cpp' returned '0': AMENT_PREFIX_PATH=/home/curro/ROAR/ros2_ws/install/roar_gokart_msgs:${AMENT_PREFIX_PATH} CMAKE_PREFIX_PATH=/home/curro/ROAR/ros2_ws/install/roar_gokart_msgs:/opt/ros/iron CONDA_PROMPT_MODIFIER=(base) LD_LIBRARY_PATH=/home/curro/ROAR/ros2_ws/install/roar_gokart_msgs/lib:${LD_LIBRARY_PATH} PYTHONPATH=/home/curro/ROAR/ros2_ws/install/roar_gokart_msgs/lib/python3.11/site-packages:${PYTHONPATH} /home/curro/anaconda3/bin/cmake --build /home/curro/ROAR/ros2_ws/build/arduino_comm_cpp -- -j8 -l8
[0.182s] Invoking command in '/home/curro/ROAR/ros2_ws/build/arduino_comm_cpp': AMENT_PREFIX_PATH=/home/curro/ROAR/ros2_ws/install/roar_gokart_msgs:${AMENT_PREFIX_PATH} CMAKE_PREFIX_PATH=/home/curro/ROAR/ros2_ws/install/roar_gokart_msgs:/opt/ros/iron CONDA_PROMPT_MODIFIER=(base) LD_LIBRARY_PATH=/home/curro/ROAR/ros2_ws/install/roar_gokart_msgs/lib:${LD_LIBRARY_PATH} PYTHONPATH=/home/curro/ROAR/ros2_ws/install/roar_gokart_msgs/lib/python3.11/site-packages:${PYTHONPATH} /home/curro/anaconda3/bin/cmake --install /home/curro/ROAR/ros2_ws/build/arduino_comm_cpp
[0.217s] -- Install configuration: ""
[0.217s] -- Up-to-date: /home/curro/ROAR/ros2_ws/install/arduino_comm_cpp/lib/arduino_comm_cpp/arduino_comm_node
[0.217s] -- Up-to-date: /home/curro/ROAR/ros2_ws/install/arduino_comm_cpp/share/ament_index/resource_index/package_run_dependencies/arduino_comm_cpp
[0.217s] -- Up-to-date: /home/curro/ROAR/ros2_ws/install/arduino_comm_cpp/share/ament_index/resource_index/parent_prefix_path/arduino_comm_cpp
[0.217s] -- Up-to-date: /home/curro/ROAR/ros2_ws/install/arduino_comm_cpp/share/arduino_comm_cpp/environment/ament_prefix_path.sh
[0.218s] -- Up-to-date: /home/curro/ROAR/ros2_ws/install/arduino_comm_cpp/share/arduino_comm_cpp/environment/ament_prefix_path.dsv
[0.218s] -- Up-to-date: /home/curro/ROAR/ros2_ws/install/arduino_comm_cpp/share/arduino_comm_cpp/environment/path.sh
[0.218s] -- Up-to-date: /home/curro/ROAR/ros2_ws/install/arduino_comm_cpp/share/arduino_comm_cpp/environment/path.dsv
[0.218s] -- Up-to-date: /home/curro/ROAR/ros2_ws/install/arduino_comm_cpp/share/arduino_comm_cpp/local_setup.bash
[0.218s] -- Up-to-date: /home/curro/ROAR/ros2_ws/install/arduino_comm_cpp/share/arduino_comm_cpp/local_setup.sh
[0.218s] -- Up-to-date: /home/curro/ROAR/ros2_ws/install/arduino_comm_cpp/share/arduino_comm_cpp/local_setup.zsh
[0.219s] -- Up-to-date: /home/curro/ROAR/ros2_ws/install/arduino_comm_cpp/share/arduino_comm_cpp/local_setup.dsv
[0.219s] -- Installing: /home/curro/ROAR/ros2_ws/install/arduino_comm_cpp/share/arduino_comm_cpp/package.dsv
[0.219s] -- Up-to-date: /home/curro/ROAR/ros2_ws/install/arduino_comm_cpp/share/ament_index/resource_index/packages/arduino_comm_cpp
[0.219s] -- Up-to-date: /home/curro/ROAR/ros2_ws/install/arduino_comm_cpp/share/arduino_comm_cpp/cmake/arduino_comm_cppConfig.cmake
[0.219s] -- Up-to-date: /home/curro/ROAR/ros2_ws/install/arduino_comm_cpp/share/arduino_comm_cpp/cmake/arduino_comm_cppConfig-version.cmake
[0.219s] -- Up-to-date: /home/curro/ROAR/ros2_ws/install/arduino_comm_cpp/share/arduino_comm_cpp/package.xml
[0.229s] Invoked command in '/home/curro/ROAR/ros2_ws/build/arduino_comm_cpp' returned '0': AMENT_PREFIX_PATH=/home/curro/ROAR/ros2_ws/install/roar_gokart_msgs:${AMENT_PREFIX_PATH} CMAKE_PREFIX_PATH=/home/curro/ROAR/ros2_ws/install/roar_gokart_msgs:/opt/ros/iron CONDA_PROMPT_MODIFIER=(base) LD_LIBRARY_PATH=/home/curro/ROAR/ros2_ws/install/roar_gokart_msgs/lib:${LD_LIBRARY_PATH} PYTHONPATH=/home/curro/ROAR/ros2_ws/install/roar_gokart_msgs/lib/python3.11/site-packages:${PYTHONPATH} /home/curro/anaconda3/bin/cmake --install /home/curro/ROAR/ros2_ws/build/arduino_comm_cpp
