[0.543s] Invoking command in '/home/curro/ROAR/ros2_ws/src/arduino_comm': AMENT_PREFIX_PATH=/home/curro/ROAR/ros2_ws/install/roar_gokart_msgs:${AMENT_PREFIX_PATH} CMAKE_PREFIX_PATH=/home/curro/ROAR/ros2_ws/install/roar_gokart_msgs CONDA_PROMPT_MODIFIER=(base) LD_LIBRARY_PATH=/home/curro/ROAR/ros2_ws/install/roar_gokart_msgs/lib:${LD_LIBRARY_PATH} PYTHONPATH=/home/curro/ROAR/ros2_ws/build/arduino_comm/prefix_override:/home/curro/ROAR/ros2_ws/install/arduino_comm/lib/python3.10/site-packages:/home/curro/ROAR/ros2_ws/install/roar_gokart_msgs/lib/python3.11/site-packages:${PYTHONPATH} /usr/bin/python3 setup.py egg_info --egg-base ../../build/arduino_comm build --build-base /home/curro/ROAR/ros2_ws/build/arduino_comm/build install --record /home/curro/ROAR/ros2_ws/build/arduino_comm/install.log --single-version-externally-managed
[0.737s] running egg_info
[0.737s] creating ../../build/arduino_comm/arduino_comm.egg-info
[0.738s] writing ../../build/arduino_comm/arduino_comm.egg-info/PKG-INFO
[0.738s] writing dependency_links to ../../build/arduino_comm/arduino_comm.egg-info/dependency_links.txt
[0.738s] writing entry points to ../../build/arduino_comm/arduino_comm.egg-info/entry_points.txt
[0.738s] writing requirements to ../../build/arduino_comm/arduino_comm.egg-info/requires.txt
[0.738s] writing top-level names to ../../build/arduino_comm/arduino_comm.egg-info/top_level.txt
[0.738s] writing manifest file '../../build/arduino_comm/arduino_comm.egg-info/SOURCES.txt'
[0.740s] reading manifest file '../../build/arduino_comm/arduino_comm.egg-info/SOURCES.txt'
[0.740s] writing manifest file '../../build/arduino_comm/arduino_comm.egg-info/SOURCES.txt'
[0.741s] running build
[0.741s] running build_py
[0.741s] creating /home/curro/ROAR/ros2_ws/build/arduino_comm/build
[0.741s] creating /home/curro/ROAR/ros2_ws/build/arduino_comm/build/lib
[0.741s] creating /home/curro/ROAR/ros2_ws/build/arduino_comm/build/lib/arduino_comm
[0.741s] copying arduino_comm/arduino_comm_node.py -> /home/curro/ROAR/ros2_ws/build/arduino_comm/build/lib/arduino_comm
[0.742s] copying arduino_comm/__init__.py -> /home/curro/ROAR/ros2_ws/build/arduino_comm/build/lib/arduino_comm
[0.742s] running install
[0.742s] running install_lib
[0.742s] /usr/lib/python3/dist-packages/setuptools/command/install.py:34: SetuptoolsDeprecationWarning: setup.py install is deprecated. Use build and pip and other standards-based tools.
[0.742s]   warnings.warn(
[0.742s] creating /home/curro/ROAR/ros2_ws/install/arduino_comm/lib/python3.10/site-packages/arduino_comm
[0.743s] copying /home/curro/ROAR/ros2_ws/build/arduino_comm/build/lib/arduino_comm/arduino_comm_node.py -> /home/curro/ROAR/ros2_ws/install/arduino_comm/lib/python3.10/site-packages/arduino_comm
[0.743s] copying /home/curro/ROAR/ros2_ws/build/arduino_comm/build/lib/arduino_comm/__init__.py -> /home/curro/ROAR/ros2_ws/install/arduino_comm/lib/python3.10/site-packages/arduino_comm
[0.743s] byte-compiling /home/curro/ROAR/ros2_ws/install/arduino_comm/lib/python3.10/site-packages/arduino_comm/arduino_comm_node.py to arduino_comm_node.cpython-310.pyc
[0.745s] byte-compiling /home/curro/ROAR/ros2_ws/install/arduino_comm/lib/python3.10/site-packages/arduino_comm/__init__.py to __init__.cpython-310.pyc
[0.745s] running install_data
[0.746s] creating /home/curro/ROAR/ros2_ws/install/arduino_comm/share/ament_index
[0.746s] creating /home/curro/ROAR/ros2_ws/install/arduino_comm/share/ament_index/resource_index
[0.746s] creating /home/curro/ROAR/ros2_ws/install/arduino_comm/share/ament_index/resource_index/packages
[0.746s] copying resource/arduino_comm -> /home/curro/ROAR/ros2_ws/install/arduino_comm/share/ament_index/resource_index/packages
[0.746s] copying package.xml -> /home/curro/ROAR/ros2_ws/install/arduino_comm/share/arduino_comm
[0.746s] creating /home/curro/ROAR/ros2_ws/install/arduino_comm/share/arduino_comm/launch
[0.747s] copying launch/arduino.launch.py -> /home/curro/ROAR/ros2_ws/install/arduino_comm/share/arduino_comm/launch
[0.747s] running install_egg_info
[0.748s] Copying ../../build/arduino_comm/arduino_comm.egg-info to /home/curro/ROAR/ros2_ws/install/arduino_comm/lib/python3.10/site-packages/arduino_comm-0.0.0-py3.10.egg-info
[0.748s] running install_scripts
[0.768s] Installing arduino_comm_node script to /home/curro/ROAR/ros2_ws/install/arduino_comm/lib/arduino_comm
[0.768s] writing list of installed files to '/home/curro/ROAR/ros2_ws/build/arduino_comm/install.log'
[0.806s] Invoked command in '/home/curro/ROAR/ros2_ws/src/arduino_comm' returned '0': AMENT_PREFIX_PATH=/home/curro/ROAR/ros2_ws/install/roar_gokart_msgs:${AMENT_PREFIX_PATH} CMAKE_PREFIX_PATH=/home/curro/ROAR/ros2_ws/install/roar_gokart_msgs CONDA_PROMPT_MODIFIER=(base) LD_LIBRARY_PATH=/home/curro/ROAR/ros2_ws/install/roar_gokart_msgs/lib:${LD_LIBRARY_PATH} PYTHONPATH=/home/curro/ROAR/ros2_ws/build/arduino_comm/prefix_override:/home/curro/ROAR/ros2_ws/install/arduino_comm/lib/python3.10/site-packages:/home/curro/ROAR/ros2_ws/install/roar_gokart_msgs/lib/python3.11/site-packages:${PYTHONPATH} /usr/bin/python3 setup.py egg_info --egg-base ../../build/arduino_comm build --build-base /home/curro/ROAR/ros2_ws/build/arduino_comm/build install --record /home/curro/ROAR/ros2_ws/build/arduino_comm/install.log --single-version-externally-managed
