[0.236s] DEBUG:colcon:Command line arguments: ['/usr/bin/colcon', 'build']
[0.237s] DEBUG:colcon:Parsed command line arguments: Namespace(log_base=None, log_level=None, verb_name='build', build_base='build', install_base='install', merge_install=False, symlink_install=False, test_result_base=None, continue_on_error=False, executor='parallel', parallel_workers=8, event_handlers=None, ignore_user_meta=False, metas=['./colcon.meta'], base_paths=['.'], packages_ignore=None, packages_ignore_regex=None, paths=None, packages_up_to=None, packages_up_to_regex=None, packages_above=None, packages_above_and_dependencies=None, packages_above_depth=None, packages_select_by_dep=None, packages_skip_by_dep=None, packages_skip_up_to=None, packages_select_build_failed=False, packages_skip_build_finished=False, packages_select_test_failures=False, packages_skip_test_passed=False, packages_select=None, packages_skip=None, packages_select_regex=None, packages_skip_regex=None, packages_start=None, packages_end=None, allow_overriding=[], cmake_args=None, cmake_target=None, cmake_target_skip_unavailable=False, cmake_clean_cache=False, cmake_clean_first=False, cmake_force_configure=False, ament_cmake_args=None, catkin_cmake_args=None, catkin_skip_building_tests=False, verb_parser=<colcon_defaults.argument_parser.defaults.DefaultArgumentsDecorator object at 0x7f59699fee90>, verb_extension=<colcon_core.verb.build.BuildVerb object at 0x7f596a1fd180>, main=<bound method BuildVerb.main of <colcon_core.verb.build.BuildVerb object at 0x7f596a1fd180>>)
[0.263s] Level 1:colcon.colcon_core.package_discovery:discover_packages(colcon_meta) check parameters
[0.263s] Level 1:colcon.colcon_core.package_discovery:discover_packages(recursive) check parameters
[0.263s] Level 1:colcon.colcon_core.package_discovery:discover_packages(ignore) check parameters
[0.263s] Level 1:colcon.colcon_core.package_discovery:discover_packages(path) check parameters
[0.264s] Level 1:colcon.colcon_core.package_discovery:discover_packages(colcon_meta) discover
[0.264s] Level 1:colcon.colcon_core.package_discovery:discover_packages(recursive) discover
[0.264s] INFO:colcon.colcon_core.package_discovery:Crawling recursively for packages in '/home/curro/ROAR/ros2_ws'
[0.264s] Level 1:colcon.colcon_core.package_identification:_identify(.) by extensions ['ignore', 'ignore_ament_install']
[0.264s] Level 1:colcon.colcon_core.package_identification:_identify(.) by extension 'ignore'
[0.264s] Level 1:colcon.colcon_core.package_identification:_identify(.) by extension 'ignore_ament_install'
[0.264s] Level 1:colcon.colcon_core.package_identification:_identify(.) by extensions ['colcon_pkg']
[0.264s] Level 1:colcon.colcon_core.package_identification:_identify(.) by extension 'colcon_pkg'
[0.264s] Level 1:colcon.colcon_core.package_identification:_identify(.) by extensions ['colcon_meta']
[0.264s] Level 1:colcon.colcon_core.package_identification:_identify(.) by extension 'colcon_meta'
[0.264s] Level 1:colcon.colcon_core.package_identification:_identify(.) by extensions ['ros']
[0.264s] Level 1:colcon.colcon_core.package_identification:_identify(.) by extension 'ros'
[0.273s] Level 1:colcon.colcon_core.package_identification:_identify(.) by extensions ['cmake', 'python']
[0.273s] Level 1:colcon.colcon_core.package_identification:_identify(.) by extension 'cmake'
[0.273s] Level 1:colcon.colcon_core.package_identification:_identify(.) by extension 'python'
[0.273s] Level 1:colcon.colcon_core.package_identification:_identify(.) by extensions ['python_setup_py']
[0.273s] Level 1:colcon.colcon_core.package_identification:_identify(.) by extension 'python_setup_py'
[0.273s] Level 1:colcon.colcon_core.package_identification:_identify(build) by extensions ['ignore', 'ignore_ament_install']
[0.273s] Level 1:colcon.colcon_core.package_identification:_identify(build) by extension 'ignore'
[0.273s] Level 1:colcon.colcon_core.package_identification:_identify(build) ignored
[0.273s] Level 1:colcon.colcon_core.package_identification:_identify(install) by extensions ['ignore', 'ignore_ament_install']
[0.273s] Level 1:colcon.colcon_core.package_identification:_identify(install) by extension 'ignore'
[0.273s] Level 1:colcon.colcon_core.package_identification:_identify(install) ignored
[0.273s] Level 1:colcon.colcon_core.package_identification:_identify(log) by extensions ['ignore', 'ignore_ament_install']
[0.273s] Level 1:colcon.colcon_core.package_identification:_identify(log) by extension 'ignore'
[0.273s] Level 1:colcon.colcon_core.package_identification:_identify(log) ignored
[0.274s] Level 1:colcon.colcon_core.package_identification:_identify(src) by extensions ['ignore', 'ignore_ament_install']
[0.274s] Level 1:colcon.colcon_core.package_identification:_identify(src) by extension 'ignore'
[0.274s] Level 1:colcon.colcon_core.package_identification:_identify(src) by extension 'ignore_ament_install'
[0.274s] Level 1:colcon.colcon_core.package_identification:_identify(src) by extensions ['colcon_pkg']
[0.274s] Level 1:colcon.colcon_core.package_identification:_identify(src) by extension 'colcon_pkg'
[0.274s] Level 1:colcon.colcon_core.package_identification:_identify(src) by extensions ['colcon_meta']
[0.274s] Level 1:colcon.colcon_core.package_identification:_identify(src) by extension 'colcon_meta'
[0.274s] Level 1:colcon.colcon_core.package_identification:_identify(src) by extensions ['ros']
[0.274s] Level 1:colcon.colcon_core.package_identification:_identify(src) by extension 'ros'
[0.274s] Level 1:colcon.colcon_core.package_identification:_identify(src) by extensions ['cmake', 'python']
[0.274s] Level 1:colcon.colcon_core.package_identification:_identify(src) by extension 'cmake'
[0.274s] Level 1:colcon.colcon_core.package_identification:_identify(src) by extension 'python'
[0.274s] Level 1:colcon.colcon_core.package_identification:_identify(src) by extensions ['python_setup_py']
[0.274s] Level 1:colcon.colcon_core.package_identification:_identify(src) by extension 'python_setup_py'
[0.274s] Level 1:colcon.colcon_core.package_identification:_identify(src/cpp_arduino_comm_usb) by extensions ['ignore', 'ignore_ament_install']
[0.274s] Level 1:colcon.colcon_core.package_identification:_identify(src/cpp_arduino_comm_usb) by extension 'ignore'
[0.274s] Level 1:colcon.colcon_core.package_identification:_identify(src/cpp_arduino_comm_usb) by extension 'ignore_ament_install'
[0.274s] Level 1:colcon.colcon_core.package_identification:_identify(src/cpp_arduino_comm_usb) by extensions ['colcon_pkg']
[0.274s] Level 1:colcon.colcon_core.package_identification:_identify(src/cpp_arduino_comm_usb) by extension 'colcon_pkg'
[0.274s] Level 1:colcon.colcon_core.package_identification:_identify(src/cpp_arduino_comm_usb) by extensions ['colcon_meta']
[0.274s] Level 1:colcon.colcon_core.package_identification:_identify(src/cpp_arduino_comm_usb) by extension 'colcon_meta'
[0.274s] Level 1:colcon.colcon_core.package_identification:_identify(src/cpp_arduino_comm_usb) by extensions ['ros']
[0.274s] Level 1:colcon.colcon_core.package_identification:_identify(src/cpp_arduino_comm_usb) by extension 'ros'
[0.276s] DEBUG:colcon.colcon_core.package_identification:Package 'src/cpp_arduino_comm_usb' with type 'ros.ament_cmake' and name 'cpp_arduino_comm_usb'
[0.276s] Level 1:colcon.colcon_core.package_identification:_identify(src/cpp_hello_udp) by extensions ['ignore', 'ignore_ament_install']
[0.276s] Level 1:colcon.colcon_core.package_identification:_identify(src/cpp_hello_udp) by extension 'ignore'
[0.277s] Level 1:colcon.colcon_core.package_identification:_identify(src/cpp_hello_udp) by extension 'ignore_ament_install'
[0.277s] Level 1:colcon.colcon_core.package_identification:_identify(src/cpp_hello_udp) by extensions ['colcon_pkg']
[0.277s] Level 1:colcon.colcon_core.package_identification:_identify(src/cpp_hello_udp) by extension 'colcon_pkg'
[0.277s] Level 1:colcon.colcon_core.package_identification:_identify(src/cpp_hello_udp) by extensions ['colcon_meta']
[0.277s] Level 1:colcon.colcon_core.package_identification:_identify(src/cpp_hello_udp) by extension 'colcon_meta'
[0.277s] Level 1:colcon.colcon_core.package_identification:_identify(src/cpp_hello_udp) by extensions ['ros']
[0.277s] Level 1:colcon.colcon_core.package_identification:_identify(src/cpp_hello_udp) by extension 'ros'
[0.277s] DEBUG:colcon.colcon_core.package_identification:Package 'src/cpp_hello_udp' with type 'ros.ament_cmake' and name 'cpp_hello_udp'
[0.277s] Level 1:colcon.colcon_core.package_identification:_identify(src/roar_gokart_msgs) by extensions ['ignore', 'ignore_ament_install']
[0.277s] Level 1:colcon.colcon_core.package_identification:_identify(src/roar_gokart_msgs) by extension 'ignore'
[0.277s] Level 1:colcon.colcon_core.package_identification:_identify(src/roar_gokart_msgs) by extension 'ignore_ament_install'
[0.277s] Level 1:colcon.colcon_core.package_identification:_identify(src/roar_gokart_msgs) by extensions ['colcon_pkg']
[0.277s] Level 1:colcon.colcon_core.package_identification:_identify(src/roar_gokart_msgs) by extension 'colcon_pkg'
[0.278s] Level 1:colcon.colcon_core.package_identification:_identify(src/roar_gokart_msgs) by extensions ['colcon_meta']
[0.278s] Level 1:colcon.colcon_core.package_identification:_identify(src/roar_gokart_msgs) by extension 'colcon_meta'
[0.278s] Level 1:colcon.colcon_core.package_identification:_identify(src/roar_gokart_msgs) by extensions ['ros']
[0.278s] Level 1:colcon.colcon_core.package_identification:_identify(src/roar_gokart_msgs) by extension 'ros'
[0.278s] DEBUG:colcon.colcon_core.package_identification:Package 'src/roar_gokart_msgs' with type 'ros.ament_cmake' and name 'roar_gokart_msgs'
[0.278s] Level 1:colcon.colcon_core.package_discovery:discover_packages(recursive) using defaults
[0.278s] Level 1:colcon.colcon_core.package_discovery:discover_packages(ignore) discover
[0.278s] Level 1:colcon.colcon_core.package_discovery:discover_packages(ignore) using defaults
[0.278s] Level 1:colcon.colcon_core.package_discovery:discover_packages(path) discover
[0.278s] Level 1:colcon.colcon_core.package_discovery:discover_packages(path) using defaults
[0.296s] Level 1:colcon.colcon_core.package_discovery:discover_packages(prefix_path) check parameters
[0.296s] Level 1:colcon.colcon_core.package_discovery:discover_packages(prefix_path) discover
[0.298s] DEBUG:colcon.colcon_installed_package_information.package_discovery:Found 3 installed packages in /home/curro/ROAR/ros2_ws/install
[0.299s] DEBUG:colcon.colcon_installed_package_information.package_discovery:Found 292 installed packages in /opt/ros/iron
[0.300s] Level 1:colcon.colcon_core.package_discovery:discover_packages(prefix_path) using defaults
[0.348s] Level 5:colcon.colcon_core.verb:set package 'roar_gokart_msgs' build argument 'cmake_args' from command line to 'None'
[0.348s] Level 5:colcon.colcon_core.verb:set package 'roar_gokart_msgs' build argument 'cmake_target' from command line to 'None'
[0.348s] Level 5:colcon.colcon_core.verb:set package 'roar_gokart_msgs' build argument 'cmake_target_skip_unavailable' from command line to 'False'
[0.348s] Level 5:colcon.colcon_core.verb:set package 'roar_gokart_msgs' build argument 'cmake_clean_cache' from command line to 'False'
[0.348s] Level 5:colcon.colcon_core.verb:set package 'roar_gokart_msgs' build argument 'cmake_clean_first' from command line to 'False'
[0.348s] Level 5:colcon.colcon_core.verb:set package 'roar_gokart_msgs' build argument 'cmake_force_configure' from command line to 'False'
[0.348s] Level 5:colcon.colcon_core.verb:set package 'roar_gokart_msgs' build argument 'ament_cmake_args' from command line to 'None'
[0.348s] Level 5:colcon.colcon_core.verb:set package 'roar_gokart_msgs' build argument 'catkin_cmake_args' from command line to 'None'
[0.349s] Level 5:colcon.colcon_core.verb:set package 'roar_gokart_msgs' build argument 'catkin_skip_building_tests' from command line to 'False'
[0.349s] DEBUG:colcon.colcon_core.verb:Building package 'roar_gokart_msgs' with the following arguments: {'ament_cmake_args': None, 'build_base': '/home/curro/ROAR/ros2_ws/build/roar_gokart_msgs', 'catkin_cmake_args': None, 'catkin_skip_building_tests': False, 'cmake_args': None, 'cmake_clean_cache': False, 'cmake_clean_first': False, 'cmake_force_configure': False, 'cmake_target': None, 'cmake_target_skip_unavailable': False, 'install_base': '/home/curro/ROAR/ros2_ws/install/roar_gokart_msgs', 'merge_install': False, 'path': '/home/curro/ROAR/ros2_ws/src/roar_gokart_msgs', 'symlink_install': False, 'test_result_base': None}
[0.349s] Level 5:colcon.colcon_core.verb:set package 'cpp_arduino_comm_usb' build argument 'cmake_args' from command line to 'None'
[0.349s] Level 5:colcon.colcon_core.verb:set package 'cpp_arduino_comm_usb' build argument 'cmake_target' from command line to 'None'
[0.349s] Level 5:colcon.colcon_core.verb:set package 'cpp_arduino_comm_usb' build argument 'cmake_target_skip_unavailable' from command line to 'False'
[0.349s] Level 5:colcon.colcon_core.verb:set package 'cpp_arduino_comm_usb' build argument 'cmake_clean_cache' from command line to 'False'
[0.349s] Level 5:colcon.colcon_core.verb:set package 'cpp_arduino_comm_usb' build argument 'cmake_clean_first' from command line to 'False'
[0.349s] Level 5:colcon.colcon_core.verb:set package 'cpp_arduino_comm_usb' build argument 'cmake_force_configure' from command line to 'False'
[0.349s] Level 5:colcon.colcon_core.verb:set package 'cpp_arduino_comm_usb' build argument 'ament_cmake_args' from command line to 'None'
[0.349s] Level 5:colcon.colcon_core.verb:set package 'cpp_arduino_comm_usb' build argument 'catkin_cmake_args' from command line to 'None'
[0.349s] Level 5:colcon.colcon_core.verb:set package 'cpp_arduino_comm_usb' build argument 'catkin_skip_building_tests' from command line to 'False'
[0.350s] DEBUG:colcon.colcon_core.verb:Building package 'cpp_arduino_comm_usb' with the following arguments: {'ament_cmake_args': None, 'build_base': '/home/curro/ROAR/ros2_ws/build/cpp_arduino_comm_usb', 'catkin_cmake_args': None, 'catkin_skip_building_tests': False, 'cmake_args': None, 'cmake_clean_cache': False, 'cmake_clean_first': False, 'cmake_force_configure': False, 'cmake_target': None, 'cmake_target_skip_unavailable': False, 'install_base': '/home/curro/ROAR/ros2_ws/install/cpp_arduino_comm_usb', 'merge_install': False, 'path': '/home/curro/ROAR/ros2_ws/src/cpp_arduino_comm_usb', 'symlink_install': False, 'test_result_base': None}
[0.350s] Level 5:colcon.colcon_core.verb:set package 'cpp_hello_udp' build argument 'cmake_args' from command line to 'None'
[0.350s] Level 5:colcon.colcon_core.verb:set package 'cpp_hello_udp' build argument 'cmake_target' from command line to 'None'
[0.350s] Level 5:colcon.colcon_core.verb:set package 'cpp_hello_udp' build argument 'cmake_target_skip_unavailable' from command line to 'False'
[0.350s] Level 5:colcon.colcon_core.verb:set package 'cpp_hello_udp' build argument 'cmake_clean_cache' from command line to 'False'
[0.350s] Level 5:colcon.colcon_core.verb:set package 'cpp_hello_udp' build argument 'cmake_clean_first' from command line to 'False'
[0.350s] Level 5:colcon.colcon_core.verb:set package 'cpp_hello_udp' build argument 'cmake_force_configure' from command line to 'False'
[0.350s] Level 5:colcon.colcon_core.verb:set package 'cpp_hello_udp' build argument 'ament_cmake_args' from command line to 'None'
[0.350s] Level 5:colcon.colcon_core.verb:set package 'cpp_hello_udp' build argument 'catkin_cmake_args' from command line to 'None'
[0.350s] Level 5:colcon.colcon_core.verb:set package 'cpp_hello_udp' build argument 'catkin_skip_building_tests' from command line to 'False'
[0.350s] DEBUG:colcon.colcon_core.verb:Building package 'cpp_hello_udp' with the following arguments: {'ament_cmake_args': None, 'build_base': '/home/curro/ROAR/ros2_ws/build/cpp_hello_udp', 'catkin_cmake_args': None, 'catkin_skip_building_tests': False, 'cmake_args': None, 'cmake_clean_cache': False, 'cmake_clean_first': False, 'cmake_force_configure': False, 'cmake_target': None, 'cmake_target_skip_unavailable': False, 'install_base': '/home/curro/ROAR/ros2_ws/install/cpp_hello_udp', 'merge_install': False, 'path': '/home/curro/ROAR/ros2_ws/src/cpp_hello_udp', 'symlink_install': False, 'test_result_base': None}
[0.351s] INFO:colcon.colcon_core.executor:Executing jobs using 'parallel' executor
[0.354s] DEBUG:colcon.colcon_parallel_executor.executor.parallel:run_until_complete
[0.354s] INFO:colcon.colcon_ros.task.ament_cmake.build:Building ROS package in '/home/curro/ROAR/ros2_ws/src/roar_gokart_msgs' with build type 'ament_cmake'
[0.354s] INFO:colcon.colcon_cmake.task.cmake.build:Building CMake package in '/home/curro/ROAR/ros2_ws/src/roar_gokart_msgs'
[0.359s] INFO:colcon.colcon_core.plugin_system:Skipping extension 'colcon_core.shell.bat': Not used on non-Windows systems
[0.359s] INFO:colcon.colcon_core.shell:Skip shell extension 'powershell' for command environment: Not usable outside of PowerShell
[0.359s] DEBUG:colcon.colcon_core.shell:Skip shell extension 'dsv' for command environment
[0.371s] DEBUG:colcon.colcon_core.event_handler.log_command:Invoking command in '/home/curro/ROAR/ros2_ws/build/roar_gokart_msgs': CMAKE_PREFIX_PATH=${CMAKE_PREFIX_PATH}:/opt/ros/iron CONDA_PROMPT_MODIFIER=(base) /home/curro/anaconda3/bin/cmake --build /home/curro/ROAR/ros2_ws/build/roar_gokart_msgs -- -j8 -l8
[0.742s] DEBUG:colcon.colcon_core.event_handler.log_command:Invoked command in '/home/curro/ROAR/ros2_ws/build/roar_gokart_msgs' returned '0': CMAKE_PREFIX_PATH=${CMAKE_PREFIX_PATH}:/opt/ros/iron CONDA_PROMPT_MODIFIER=(base) /home/curro/anaconda3/bin/cmake --build /home/curro/ROAR/ros2_ws/build/roar_gokart_msgs -- -j8 -l8
[0.870s] DEBUG:colcon.colcon_core.event_handler.log_command:Invoking command in '/home/curro/ROAR/ros2_ws/build/roar_gokart_msgs': CMAKE_PREFIX_PATH=${CMAKE_PREFIX_PATH}:/opt/ros/iron CONDA_PROMPT_MODIFIER=(base) /home/curro/anaconda3/bin/cmake --install /home/curro/ROAR/ros2_ws/build/roar_gokart_msgs
[0.938s] Level 1:colcon.colcon_core.environment:create_environment_scripts_only(roar_gokart_msgs)
[0.939s] DEBUG:colcon.colcon_core.event_handler.log_command:Invoked command in '/home/curro/ROAR/ros2_ws/build/roar_gokart_msgs' returned '0': CMAKE_PREFIX_PATH=${CMAKE_PREFIX_PATH}:/opt/ros/iron CONDA_PROMPT_MODIFIER=(base) /home/curro/anaconda3/bin/cmake --install /home/curro/ROAR/ros2_ws/build/roar_gokart_msgs
[0.942s] Level 1:colcon.colcon_core.environment:checking '/home/curro/ROAR/ros2_ws/install/roar_gokart_msgs' for CMake module files
[0.942s] Level 1:colcon.colcon_core.environment:checking '/home/curro/ROAR/ros2_ws/install/roar_gokart_msgs' for CMake config files
[0.943s] Level 1:colcon.colcon_core.shell:create_environment_hook('roar_gokart_msgs', 'cmake_prefix_path')
[0.944s] INFO:colcon.colcon_core.shell:Creating environment hook '/home/curro/ROAR/ros2_ws/install/roar_gokart_msgs/share/roar_gokart_msgs/hook/cmake_prefix_path.ps1'
[0.944s] INFO:colcon.colcon_core.shell:Creating environment descriptor '/home/curro/ROAR/ros2_ws/install/roar_gokart_msgs/share/roar_gokart_msgs/hook/cmake_prefix_path.dsv'
[0.944s] INFO:colcon.colcon_core.shell:Creating environment hook '/home/curro/ROAR/ros2_ws/install/roar_gokart_msgs/share/roar_gokart_msgs/hook/cmake_prefix_path.sh'
[0.945s] Level 1:colcon.colcon_core.environment:checking '/home/curro/ROAR/ros2_ws/install/roar_gokart_msgs/lib'
[0.945s] Level 1:colcon.colcon_core.shell:create_environment_hook('roar_gokart_msgs', 'ld_library_path_lib')
[0.946s] INFO:colcon.colcon_core.shell:Creating environment hook '/home/curro/ROAR/ros2_ws/install/roar_gokart_msgs/share/roar_gokart_msgs/hook/ld_library_path_lib.ps1'
[0.946s] INFO:colcon.colcon_core.shell:Creating environment descriptor '/home/curro/ROAR/ros2_ws/install/roar_gokart_msgs/share/roar_gokart_msgs/hook/ld_library_path_lib.dsv'
[0.946s] INFO:colcon.colcon_core.shell:Creating environment hook '/home/curro/ROAR/ros2_ws/install/roar_gokart_msgs/share/roar_gokart_msgs/hook/ld_library_path_lib.sh'
[0.947s] Level 1:colcon.colcon_core.environment:checking '/home/curro/ROAR/ros2_ws/install/roar_gokart_msgs/bin'
[0.947s] Level 1:colcon.colcon_core.environment:checking '/home/curro/ROAR/ros2_ws/install/roar_gokart_msgs/lib/pkgconfig/roar_gokart_msgs.pc'
[0.947s] Level 1:colcon.colcon_core.environment:checking '/home/curro/ROAR/ros2_ws/install/roar_gokart_msgs/lib/python3.10/site-packages'
[0.947s] Level 1:colcon.colcon_core.environment:checking '/home/curro/ROAR/ros2_ws/install/roar_gokart_msgs/bin'
[0.948s] INFO:colcon.colcon_core.shell:Creating package script '/home/curro/ROAR/ros2_ws/install/roar_gokart_msgs/share/roar_gokart_msgs/package.ps1'
[0.949s] INFO:colcon.colcon_core.shell:Creating package descriptor '/home/curro/ROAR/ros2_ws/install/roar_gokart_msgs/share/roar_gokart_msgs/package.dsv'
[0.949s] INFO:colcon.colcon_core.shell:Creating package script '/home/curro/ROAR/ros2_ws/install/roar_gokart_msgs/share/roar_gokart_msgs/package.sh'
[0.950s] INFO:colcon.colcon_core.shell:Creating package script '/home/curro/ROAR/ros2_ws/install/roar_gokart_msgs/share/roar_gokart_msgs/package.bash'
[0.950s] INFO:colcon.colcon_core.shell:Creating package script '/home/curro/ROAR/ros2_ws/install/roar_gokart_msgs/share/roar_gokart_msgs/package.zsh'
[0.951s] Level 1:colcon.colcon_core.environment:create_file_with_runtime_dependencies(/home/curro/ROAR/ros2_ws/install/roar_gokart_msgs/share/colcon-core/packages/roar_gokart_msgs)
[1.057s] Level 1:colcon.colcon_core.environment:create_environment_scripts_only(roar_gokart_msgs)
[1.059s] Level 1:colcon.colcon_core.environment:checking '/home/curro/ROAR/ros2_ws/install/roar_gokart_msgs' for CMake module files
[1.059s] Level 1:colcon.colcon_core.environment:checking '/home/curro/ROAR/ros2_ws/install/roar_gokart_msgs' for CMake config files
[1.060s] Level 1:colcon.colcon_core.shell:create_environment_hook('roar_gokart_msgs', 'cmake_prefix_path')
[1.061s] INFO:colcon.colcon_core.shell:Creating environment hook '/home/curro/ROAR/ros2_ws/install/roar_gokart_msgs/share/roar_gokart_msgs/hook/cmake_prefix_path.ps1'
[1.061s] INFO:colcon.colcon_core.shell:Creating environment descriptor '/home/curro/ROAR/ros2_ws/install/roar_gokart_msgs/share/roar_gokart_msgs/hook/cmake_prefix_path.dsv'
[1.061s] INFO:colcon.colcon_core.shell:Creating environment hook '/home/curro/ROAR/ros2_ws/install/roar_gokart_msgs/share/roar_gokart_msgs/hook/cmake_prefix_path.sh'
[1.062s] Level 1:colcon.colcon_core.environment:checking '/home/curro/ROAR/ros2_ws/install/roar_gokart_msgs/lib'
[1.062s] Level 1:colcon.colcon_core.shell:create_environment_hook('roar_gokart_msgs', 'ld_library_path_lib')
[1.063s] INFO:colcon.colcon_core.shell:Creating environment hook '/home/curro/ROAR/ros2_ws/install/roar_gokart_msgs/share/roar_gokart_msgs/hook/ld_library_path_lib.ps1'
[1.063s] INFO:colcon.colcon_core.shell:Creating environment descriptor '/home/curro/ROAR/ros2_ws/install/roar_gokart_msgs/share/roar_gokart_msgs/hook/ld_library_path_lib.dsv'
[1.064s] INFO:colcon.colcon_core.shell:Creating environment hook '/home/curro/ROAR/ros2_ws/install/roar_gokart_msgs/share/roar_gokart_msgs/hook/ld_library_path_lib.sh'
[1.064s] Level 1:colcon.colcon_core.environment:checking '/home/curro/ROAR/ros2_ws/install/roar_gokart_msgs/bin'
[1.064s] Level 1:colcon.colcon_core.environment:checking '/home/curro/ROAR/ros2_ws/install/roar_gokart_msgs/lib/pkgconfig/roar_gokart_msgs.pc'
[1.064s] Level 1:colcon.colcon_core.environment:checking '/home/curro/ROAR/ros2_ws/install/roar_gokart_msgs/lib/python3.10/site-packages'
[1.064s] Level 1:colcon.colcon_core.environment:checking '/home/curro/ROAR/ros2_ws/install/roar_gokart_msgs/bin'
[1.066s] INFO:colcon.colcon_core.shell:Creating package script '/home/curro/ROAR/ros2_ws/install/roar_gokart_msgs/share/roar_gokart_msgs/package.ps1'
[1.066s] INFO:colcon.colcon_core.shell:Creating package descriptor '/home/curro/ROAR/ros2_ws/install/roar_gokart_msgs/share/roar_gokart_msgs/package.dsv'
[1.067s] INFO:colcon.colcon_core.shell:Creating package script '/home/curro/ROAR/ros2_ws/install/roar_gokart_msgs/share/roar_gokart_msgs/package.sh'
[1.067s] INFO:colcon.colcon_core.shell:Creating package script '/home/curro/ROAR/ros2_ws/install/roar_gokart_msgs/share/roar_gokart_msgs/package.bash'
[1.067s] INFO:colcon.colcon_core.shell:Creating package script '/home/curro/ROAR/ros2_ws/install/roar_gokart_msgs/share/roar_gokart_msgs/package.zsh'
[1.068s] Level 1:colcon.colcon_core.environment:create_file_with_runtime_dependencies(/home/curro/ROAR/ros2_ws/install/roar_gokart_msgs/share/colcon-core/packages/roar_gokart_msgs)
[1.068s] INFO:colcon.colcon_ros.task.ament_cmake.build:Building ROS package in '/home/curro/ROAR/ros2_ws/src/cpp_arduino_comm_usb' with build type 'ament_cmake'
[1.068s] INFO:colcon.colcon_cmake.task.cmake.build:Building CMake package in '/home/curro/ROAR/ros2_ws/src/cpp_arduino_comm_usb'
[1.069s] INFO:colcon.colcon_core.shell:Skip shell extension 'powershell' for command environment: Not usable outside of PowerShell
[1.070s] DEBUG:colcon.colcon_core.shell:Skip shell extension 'dsv' for command environment
[1.075s] INFO:colcon.colcon_ros.task.ament_cmake.build:Building ROS package in '/home/curro/ROAR/ros2_ws/src/cpp_hello_udp' with build type 'ament_cmake'
[1.075s] INFO:colcon.colcon_cmake.task.cmake.build:Building CMake package in '/home/curro/ROAR/ros2_ws/src/cpp_hello_udp'
[1.076s] INFO:colcon.colcon_core.shell:Skip shell extension 'powershell' for command environment: Not usable outside of PowerShell
[1.076s] DEBUG:colcon.colcon_core.shell:Skip shell extension 'dsv' for command environment
[1.085s] DEBUG:colcon.colcon_core.event_handler.log_command:Invoking command in '/home/curro/ROAR/ros2_ws/build/cpp_arduino_comm_usb': CMAKE_PREFIX_PATH=/home/curro/ROAR/ros2_ws/install/roar_gokart_msgs:/home/curro/ROAR/ros2_ws/install/cpp_hello_udp:/home/curro/ROAR/ros2_ws/install/cpp_arduino_comm_usb:/opt/ros/iron CONDA_PROMPT_MODIFIER=(base) /home/curro/anaconda3/bin/cmake --build /home/curro/ROAR/ros2_ws/build/cpp_arduino_comm_usb -- -j8 -l8
[1.087s] DEBUG:colcon.colcon_core.event_handler.log_command:Invoking command in '/home/curro/ROAR/ros2_ws/build/cpp_hello_udp': CMAKE_PREFIX_PATH=/home/curro/ROAR/ros2_ws/install/roar_gokart_msgs:/home/curro/ROAR/ros2_ws/install/cpp_hello_udp:/home/curro/ROAR/ros2_ws/install/cpp_arduino_comm_usb:/opt/ros/iron CONDA_PROMPT_MODIFIER=(base) /home/curro/anaconda3/bin/cmake --build /home/curro/ROAR/ros2_ws/build/cpp_hello_udp -- -j8 -l8
[1.191s] DEBUG:colcon.colcon_core.event_handler.log_command:Invoked command in '/home/curro/ROAR/ros2_ws/build/cpp_hello_udp' returned '0': CMAKE_PREFIX_PATH=/home/curro/ROAR/ros2_ws/install/roar_gokart_msgs:/home/curro/ROAR/ros2_ws/install/cpp_hello_udp:/home/curro/ROAR/ros2_ws/install/cpp_arduino_comm_usb:/opt/ros/iron CONDA_PROMPT_MODIFIER=(base) /home/curro/anaconda3/bin/cmake --build /home/curro/ROAR/ros2_ws/build/cpp_hello_udp -- -j8 -l8
[1.235s] DEBUG:colcon.colcon_core.event_handler.log_command:Invoking command in '/home/curro/ROAR/ros2_ws/build/cpp_hello_udp': CMAKE_PREFIX_PATH=/home/curro/ROAR/ros2_ws/install/roar_gokart_msgs:/home/curro/ROAR/ros2_ws/install/cpp_hello_udp:/home/curro/ROAR/ros2_ws/install/cpp_arduino_comm_usb:/opt/ros/iron CONDA_PROMPT_MODIFIER=(base) /home/curro/anaconda3/bin/cmake --install /home/curro/ROAR/ros2_ws/build/cpp_hello_udp
[1.264s] Level 1:colcon.colcon_core.environment:create_environment_scripts_only(cpp_hello_udp)
[1.266s] Level 1:colcon.colcon_core.environment:checking '/home/curro/ROAR/ros2_ws/install/cpp_hello_udp' for CMake module files
[1.266s] DEBUG:colcon.colcon_core.event_handler.log_command:Invoked command in '/home/curro/ROAR/ros2_ws/build/cpp_hello_udp' returned '0': CMAKE_PREFIX_PATH=/home/curro/ROAR/ros2_ws/install/roar_gokart_msgs:/home/curro/ROAR/ros2_ws/install/cpp_hello_udp:/home/curro/ROAR/ros2_ws/install/cpp_arduino_comm_usb:/opt/ros/iron CONDA_PROMPT_MODIFIER=(base) /home/curro/anaconda3/bin/cmake --install /home/curro/ROAR/ros2_ws/build/cpp_hello_udp
[1.266s] Level 1:colcon.colcon_core.environment:checking '/home/curro/ROAR/ros2_ws/install/cpp_hello_udp' for CMake config files
[1.267s] Level 1:colcon.colcon_core.shell:create_environment_hook('cpp_hello_udp', 'cmake_prefix_path')
[1.268s] INFO:colcon.colcon_core.shell:Creating environment hook '/home/curro/ROAR/ros2_ws/install/cpp_hello_udp/share/cpp_hello_udp/hook/cmake_prefix_path.ps1'
[1.268s] INFO:colcon.colcon_core.shell:Creating environment descriptor '/home/curro/ROAR/ros2_ws/install/cpp_hello_udp/share/cpp_hello_udp/hook/cmake_prefix_path.dsv'
[1.268s] INFO:colcon.colcon_core.shell:Creating environment hook '/home/curro/ROAR/ros2_ws/install/cpp_hello_udp/share/cpp_hello_udp/hook/cmake_prefix_path.sh'
[1.269s] Level 1:colcon.colcon_core.environment:checking '/home/curro/ROAR/ros2_ws/install/cpp_hello_udp/lib'
[1.269s] Level 1:colcon.colcon_core.environment:checking '/home/curro/ROAR/ros2_ws/install/cpp_hello_udp/bin'
[1.269s] Level 1:colcon.colcon_core.environment:checking '/home/curro/ROAR/ros2_ws/install/cpp_hello_udp/lib/pkgconfig/cpp_hello_udp.pc'
[1.269s] Level 1:colcon.colcon_core.environment:checking '/home/curro/ROAR/ros2_ws/install/cpp_hello_udp/lib/python3.10/site-packages'
[1.269s] Level 1:colcon.colcon_core.environment:checking '/home/curro/ROAR/ros2_ws/install/cpp_hello_udp/bin'
[1.271s] INFO:colcon.colcon_core.shell:Creating package script '/home/curro/ROAR/ros2_ws/install/cpp_hello_udp/share/cpp_hello_udp/package.ps1'
[1.271s] INFO:colcon.colcon_core.shell:Creating package descriptor '/home/curro/ROAR/ros2_ws/install/cpp_hello_udp/share/cpp_hello_udp/package.dsv'
[1.272s] INFO:colcon.colcon_core.shell:Creating package script '/home/curro/ROAR/ros2_ws/install/cpp_hello_udp/share/cpp_hello_udp/package.sh'
[1.272s] INFO:colcon.colcon_core.shell:Creating package script '/home/curro/ROAR/ros2_ws/install/cpp_hello_udp/share/cpp_hello_udp/package.bash'
[1.273s] INFO:colcon.colcon_core.shell:Creating package script '/home/curro/ROAR/ros2_ws/install/cpp_hello_udp/share/cpp_hello_udp/package.zsh'
[1.273s] Level 1:colcon.colcon_core.environment:create_file_with_runtime_dependencies(/home/curro/ROAR/ros2_ws/install/cpp_hello_udp/share/colcon-core/packages/cpp_hello_udp)
[1.319s] Level 1:colcon.colcon_core.environment:create_environment_scripts_only(cpp_hello_udp)
[1.321s] Level 1:colcon.colcon_core.environment:checking '/home/curro/ROAR/ros2_ws/install/cpp_hello_udp' for CMake module files
[1.321s] Level 1:colcon.colcon_core.environment:checking '/home/curro/ROAR/ros2_ws/install/cpp_hello_udp' for CMake config files
[1.321s] Level 1:colcon.colcon_core.shell:create_environment_hook('cpp_hello_udp', 'cmake_prefix_path')
[1.322s] INFO:colcon.colcon_core.shell:Creating environment hook '/home/curro/ROAR/ros2_ws/install/cpp_hello_udp/share/cpp_hello_udp/hook/cmake_prefix_path.ps1'
[1.323s] INFO:colcon.colcon_core.shell:Creating environment descriptor '/home/curro/ROAR/ros2_ws/install/cpp_hello_udp/share/cpp_hello_udp/hook/cmake_prefix_path.dsv'
[1.323s] INFO:colcon.colcon_core.shell:Creating environment hook '/home/curro/ROAR/ros2_ws/install/cpp_hello_udp/share/cpp_hello_udp/hook/cmake_prefix_path.sh'
[1.323s] Level 1:colcon.colcon_core.environment:checking '/home/curro/ROAR/ros2_ws/install/cpp_hello_udp/lib'
[1.323s] Level 1:colcon.colcon_core.environment:checking '/home/curro/ROAR/ros2_ws/install/cpp_hello_udp/bin'
[1.323s] Level 1:colcon.colcon_core.environment:checking '/home/curro/ROAR/ros2_ws/install/cpp_hello_udp/lib/pkgconfig/cpp_hello_udp.pc'
[1.323s] Level 1:colcon.colcon_core.environment:checking '/home/curro/ROAR/ros2_ws/install/cpp_hello_udp/lib/python3.10/site-packages'
[1.324s] Level 1:colcon.colcon_core.environment:checking '/home/curro/ROAR/ros2_ws/install/cpp_hello_udp/bin'
[1.325s] INFO:colcon.colcon_core.shell:Creating package script '/home/curro/ROAR/ros2_ws/install/cpp_hello_udp/share/cpp_hello_udp/package.ps1'
[1.325s] INFO:colcon.colcon_core.shell:Creating package descriptor '/home/curro/ROAR/ros2_ws/install/cpp_hello_udp/share/cpp_hello_udp/package.dsv'
[1.326s] INFO:colcon.colcon_core.shell:Creating package script '/home/curro/ROAR/ros2_ws/install/cpp_hello_udp/share/cpp_hello_udp/package.sh'
[1.326s] INFO:colcon.colcon_core.shell:Creating package script '/home/curro/ROAR/ros2_ws/install/cpp_hello_udp/share/cpp_hello_udp/package.bash'
[1.326s] INFO:colcon.colcon_core.shell:Creating package script '/home/curro/ROAR/ros2_ws/install/cpp_hello_udp/share/cpp_hello_udp/package.zsh'
[1.326s] Level 1:colcon.colcon_core.environment:create_file_with_runtime_dependencies(/home/curro/ROAR/ros2_ws/install/cpp_hello_udp/share/colcon-core/packages/cpp_hello_udp)
[5.338s] DEBUG:colcon.colcon_core.event_handler.log_command:Invoked command in '/home/curro/ROAR/ros2_ws/build/cpp_arduino_comm_usb' returned '2': CMAKE_PREFIX_PATH=/home/curro/ROAR/ros2_ws/install/roar_gokart_msgs:/home/curro/ROAR/ros2_ws/install/cpp_hello_udp:/home/curro/ROAR/ros2_ws/install/cpp_arduino_comm_usb:/opt/ros/iron CONDA_PROMPT_MODIFIER=(base) /home/curro/anaconda3/bin/cmake --build /home/curro/ROAR/ros2_ws/build/cpp_arduino_comm_usb -- -j8 -l8
[5.388s] Level 1:colcon.colcon_core.environment:create_environment_scripts_only(cpp_arduino_comm_usb)
[5.390s] Level 1:colcon.colcon_core.environment:checking '/home/curro/ROAR/ros2_ws/install/cpp_arduino_comm_usb' for CMake module files
[5.390s] Level 1:colcon.colcon_core.environment:checking '/home/curro/ROAR/ros2_ws/install/cpp_arduino_comm_usb' for CMake config files
[5.390s] Level 1:colcon.colcon_core.shell:create_environment_hook('cpp_arduino_comm_usb', 'cmake_prefix_path')
[5.391s] INFO:colcon.colcon_core.shell:Creating environment hook '/home/curro/ROAR/ros2_ws/install/cpp_arduino_comm_usb/share/cpp_arduino_comm_usb/hook/cmake_prefix_path.ps1'
[5.391s] INFO:colcon.colcon_core.shell:Creating environment descriptor '/home/curro/ROAR/ros2_ws/install/cpp_arduino_comm_usb/share/cpp_arduino_comm_usb/hook/cmake_prefix_path.dsv'
[5.391s] INFO:colcon.colcon_core.shell:Creating environment hook '/home/curro/ROAR/ros2_ws/install/cpp_arduino_comm_usb/share/cpp_arduino_comm_usb/hook/cmake_prefix_path.sh'
[5.392s] Level 1:colcon.colcon_core.environment:checking '/home/curro/ROAR/ros2_ws/install/cpp_arduino_comm_usb/lib'
[5.392s] Level 1:colcon.colcon_core.environment:checking '/home/curro/ROAR/ros2_ws/install/cpp_arduino_comm_usb/bin'
[5.392s] Level 1:colcon.colcon_core.environment:checking '/home/curro/ROAR/ros2_ws/install/cpp_arduino_comm_usb/lib/pkgconfig/cpp_arduino_comm_usb.pc'
[5.392s] Level 1:colcon.colcon_core.environment:checking '/home/curro/ROAR/ros2_ws/install/cpp_arduino_comm_usb/lib/python3.10/site-packages'
[5.392s] Level 1:colcon.colcon_core.environment:checking '/home/curro/ROAR/ros2_ws/install/cpp_arduino_comm_usb/bin'
[5.393s] INFO:colcon.colcon_core.shell:Creating package script '/home/curro/ROAR/ros2_ws/install/cpp_arduino_comm_usb/share/cpp_arduino_comm_usb/package.ps1'
[5.394s] INFO:colcon.colcon_core.shell:Creating package descriptor '/home/curro/ROAR/ros2_ws/install/cpp_arduino_comm_usb/share/cpp_arduino_comm_usb/package.dsv'
[5.394s] INFO:colcon.colcon_core.shell:Creating package script '/home/curro/ROAR/ros2_ws/install/cpp_arduino_comm_usb/share/cpp_arduino_comm_usb/package.sh'
[5.394s] INFO:colcon.colcon_core.shell:Creating package script '/home/curro/ROAR/ros2_ws/install/cpp_arduino_comm_usb/share/cpp_arduino_comm_usb/package.bash'
[5.394s] INFO:colcon.colcon_core.shell:Creating package script '/home/curro/ROAR/ros2_ws/install/cpp_arduino_comm_usb/share/cpp_arduino_comm_usb/package.zsh'
[5.395s] Level 1:colcon.colcon_core.environment:create_file_with_runtime_dependencies(/home/curro/ROAR/ros2_ws/install/cpp_arduino_comm_usb/share/colcon-core/packages/cpp_arduino_comm_usb)
[5.405s] DEBUG:colcon.colcon_parallel_executor.executor.parallel:closing loop
[5.405s] DEBUG:colcon.colcon_parallel_executor.executor.parallel:loop closed
[5.405s] DEBUG:colcon.colcon_parallel_executor.executor.parallel:run_until_complete finished with '2'
[5.405s] DEBUG:colcon.colcon_core.event_reactor:joining thread
[5.413s] INFO:colcon.colcon_core.plugin_system:Skipping extension 'colcon_notification.desktop_notification.terminal_notifier': Not used on non-Darwin systems
[5.413s] INFO:colcon.colcon_core.plugin_system:Skipping extension 'colcon_notification.desktop_notification.win32': Not used on non-Windows systems
[5.413s] INFO:colcon.colcon_notification.desktop_notification:Sending desktop notification using 'notify2'
[5.433s] DEBUG:colcon.colcon_core.event_reactor:joined thread
[5.434s] INFO:colcon.colcon_core.shell:Creating prefix script '/home/curro/ROAR/ros2_ws/install/local_setup.ps1'
[5.436s] INFO:colcon.colcon_core.shell:Creating prefix util module '/home/curro/ROAR/ros2_ws/install/_local_setup_util_ps1.py'
[5.437s] INFO:colcon.colcon_core.shell:Creating prefix chain script '/home/curro/ROAR/ros2_ws/install/setup.ps1'
[5.440s] INFO:colcon.colcon_core.shell:Creating prefix script '/home/curro/ROAR/ros2_ws/install/local_setup.sh'
[5.441s] INFO:colcon.colcon_core.shell:Creating prefix util module '/home/curro/ROAR/ros2_ws/install/_local_setup_util_sh.py'
[5.442s] INFO:colcon.colcon_core.shell:Creating prefix chain script '/home/curro/ROAR/ros2_ws/install/setup.sh'
[5.444s] INFO:colcon.colcon_core.shell:Creating prefix script '/home/curro/ROAR/ros2_ws/install/local_setup.bash'
[5.445s] INFO:colcon.colcon_core.shell:Creating prefix chain script '/home/curro/ROAR/ros2_ws/install/setup.bash'
[5.447s] INFO:colcon.colcon_core.shell:Creating prefix script '/home/curro/ROAR/ros2_ws/install/local_setup.zsh'
[5.448s] INFO:colcon.colcon_core.shell:Creating prefix chain script '/home/curro/ROAR/ros2_ws/install/setup.zsh'
