[0.024s] Invoking command in '/home/curro/ROAR/ros2_ws/build/cpp_arduino_comm_usb': CMAKE_PREFIX_PATH=/home/curro/ROAR/ros2_ws/install/roar_gokart_msgs:/home/curro/ROAR/ros2_ws/install/cpp_hello_udp:/home/curro/ROAR/ros2_ws/install/cpp_arduino_comm_usb:/opt/ros/iron CONDA_PROMPT_MODIFIER=(base) /home/curro/anaconda3/bin/cmake --build /home/curro/ROAR/ros2_ws/build/cpp_arduino_comm_usb -- -j8 -l8
[0.110s] [100%] Built target arduino_communicator_node
[0.123s] Invoked command in '/home/curro/ROAR/ros2_ws/build/cpp_arduino_comm_usb' returned '0': CMAKE_PREFIX_PATH=/home/curro/ROAR/ros2_ws/install/roar_gokart_msgs:/home/curro/ROAR/ros2_ws/install/cpp_hello_udp:/home/curro/ROAR/ros2_ws/install/cpp_arduino_comm_usb:/opt/ros/iron CONDA_PROMPT_MODIFIER=(base) /home/curro/anaconda3/bin/cmake --build /home/curro/ROAR/ros2_ws/build/cpp_arduino_comm_usb -- -j8 -l8
[0.187s] Invoking command in '/home/curro/ROAR/ros2_ws/build/cpp_arduino_comm_usb': CMAKE_PREFIX_PATH=/home/curro/ROAR/ros2_ws/install/roar_gokart_msgs:/home/curro/ROAR/ros2_ws/install/cpp_hello_udp:/home/curro/ROAR/ros2_ws/install/cpp_arduino_comm_usb:/opt/ros/iron CONDA_PROMPT_MODIFIER=(base) /home/curro/anaconda3/bin/cmake --install /home/curro/ROAR/ros2_ws/build/cpp_arduino_comm_usb
[0.226s] -- Install configuration: ""
[0.226s] -- Up-to-date: /home/curro/ROAR/ros2_ws/install/cpp_arduino_comm_usb/lib/cpp_arduino_comm_usb/arduino_communicator_node
[0.227s] -- Up-to-date: /home/curro/ROAR/ros2_ws/install/cpp_arduino_comm_usb/share/ament_index/resource_index/package_run_dependencies/cpp_arduino_comm_usb
[0.227s] -- Up-to-date: /home/curro/ROAR/ros2_ws/install/cpp_arduino_comm_usb/share/ament_index/resource_index/parent_prefix_path/cpp_arduino_comm_usb
[0.227s] -- Up-to-date: /home/curro/ROAR/ros2_ws/install/cpp_arduino_comm_usb/share/cpp_arduino_comm_usb/environment/ament_prefix_path.sh
[0.227s] -- Up-to-date: /home/curro/ROAR/ros2_ws/install/cpp_arduino_comm_usb/share/cpp_arduino_comm_usb/environment/ament_prefix_path.dsv
[0.227s] -- Up-to-date: /home/curro/ROAR/ros2_ws/install/cpp_arduino_comm_usb/share/cpp_arduino_comm_usb/environment/path.sh
[0.227s] -- Up-to-date: /home/curro/ROAR/ros2_ws/install/cpp_arduino_comm_usb/share/cpp_arduino_comm_usb/environment/path.dsv
[0.227s] -- Up-to-date: /home/curro/ROAR/ros2_ws/install/cpp_arduino_comm_usb/share/cpp_arduino_comm_usb/local_setup.bash
[0.227s] -- Up-to-date: /home/curro/ROAR/ros2_ws/install/cpp_arduino_comm_usb/share/cpp_arduino_comm_usb/local_setup.sh
[0.227s] -- Up-to-date: /home/curro/ROAR/ros2_ws/install/cpp_arduino_comm_usb/share/cpp_arduino_comm_usb/local_setup.zsh
[0.227s] -- Up-to-date: /home/curro/ROAR/ros2_ws/install/cpp_arduino_comm_usb/share/cpp_arduino_comm_usb/local_setup.dsv
[0.227s] -- Installing: /home/curro/ROAR/ros2_ws/install/cpp_arduino_comm_usb/share/cpp_arduino_comm_usb/package.dsv
[0.228s] -- Up-to-date: /home/curro/ROAR/ros2_ws/install/cpp_arduino_comm_usb/share/ament_index/resource_index/packages/cpp_arduino_comm_usb
[0.228s] -- Up-to-date: /home/curro/ROAR/ros2_ws/install/cpp_arduino_comm_usb/share/cpp_arduino_comm_usb/cmake/cpp_arduino_comm_usbConfig.cmake
[0.228s] -- Up-to-date: /home/curro/ROAR/ros2_ws/install/cpp_arduino_comm_usb/share/cpp_arduino_comm_usb/cmake/cpp_arduino_comm_usbConfig-version.cmake
[0.228s] -- Up-to-date: /home/curro/ROAR/ros2_ws/install/cpp_arduino_comm_usb/share/cpp_arduino_comm_usb/package.xml
[0.241s] Invoked command in '/home/curro/ROAR/ros2_ws/build/cpp_arduino_comm_usb' returned '0': CMAKE_PREFIX_PATH=/home/curro/ROAR/ros2_ws/install/roar_gokart_msgs:/home/curro/ROAR/ros2_ws/install/cpp_hello_udp:/home/curro/ROAR/ros2_ws/install/cpp_arduino_comm_usb:/opt/ros/iron CONDA_PROMPT_MODIFIER=(base) /home/curro/anaconda3/bin/cmake --install /home/curro/ROAR/ros2_ws/build/cpp_arduino_comm_usb
