In file included from [01m[K/opt/ros/iron/include/rclcpp/rclcpp/logging.hpp:24[m[K,
                 from [01m[K/opt/ros/iron/include/rclcpp/rclcpp/client.hpp:43[m[K,
                 from [01m[K/opt/ros/iron/include/rclcpp/rclcpp/callback_group.hpp:24[m[K,
                 from [01m[K/opt/ros/iron/include/rclcpp/rclcpp/any_executable.hpp:20[m[K,
                 from [01m[K/opt/ros/iron/include/rclcpp/rclcpp/memory_strategy.hpp:25[m[K,
                 from [01m[K/opt/ros/iron/include/rclcpp/rclcpp/memory_strategies.hpp:18[m[K,
                 from [01m[K/opt/ros/iron/include/rclcpp/rclcpp/executor_options.hpp:20[m[K,
                 from [01m[K/opt/ros/iron/include/rclcpp/rclcpp/executor.hpp:37[m[K,
                 from [01m[K/opt/ros/iron/include/rclcpp/rclcpp/executors/multi_threaded_executor.hpp:25[m[K,
                 from [01m[K/opt/ros/iron/include/rclcpp/rclcpp/executors.hpp:21[m[K,
                 from [01m[K/opt/ros/iron/include/rclcpp/rclcpp/rclcpp.hpp:167[m[K,
                 from [01m[K/home/curro/ROAR/ros2_ws/src/arduino_comm_cpp/include/arduino_comm_cpp/arduino_comm_node.hpp:6[m[K,
                 from [01m[K/home/curro/ROAR/ros2_ws/src/arduino_comm_cpp/src/arduino_comm_node.cpp:1[m[K:
[01m[K/home/curro/ROAR/ros2_ws/src/arduino_comm_cpp/src/arduino_comm_node.cpp:[m[K In member function ‘[01m[Kvoid roar::arduino::ArduinoCommunicatorNode::on_read_timer()[m[K’:
[01m[K/home/curro/ROAR/ros2_ws/src/arduino_comm_cpp/src/arduino_comm_node.cpp:111:39:[m[K [01;35m[Kwarning: [m[Kformat ‘[01m[K%lld[m[K’ expects argument of type ‘[01m[Klong long int[m[K’, but argument 5 has type ‘[01m[Kstd::chrono::duration<long int, std::ratio<1, 1000> >::rep[m[K’ {aka ‘[01m[Klong int[m[K’} [[01;35m[K]8;;https://gcc.gnu.org/onlinedocs/gcc/Warning-Options.html#index-Wformat=-Wformat=]8;;[m[K]
  111 |             RCLCPP_INFO(get_logger(), [01;35m[K"on_read_timer took %lld milliseconds"[m[K, [32m[Kelapsed_time.count()[m[K);
      |                                       [01;35m[K^~~~~~~~~~~~~~~~~~~~~~~~~~~~~~~~~~~~~~[m[K  [32m[K~~~~~~~~~~~~~~~~~~~~[m[K
      |                                                                                                 [32m[K|[m[K
      |                                                                                                 [32m[Kstd::chrono::duration<long int, std::ratio<1, 1000> >::rep {aka long int}[m[K
[01m[K/home/curro/ROAR/ros2_ws/src/arduino_comm_cpp/src/arduino_comm_node.cpp:111:62:[m[K [01;36m[Knote: [m[Kformat string is defined here
  111 |             RCLCPP_INFO(get_logger(), "on_read_timer took [01;36m[K%lld[m[K milliseconds", elapsed_time.count());
      |                                                           [01;36m[K~~~^[m[K
      |                                                              [01;36m[K|[m[K
      |                                                              [01;36m[Klong long int[m[K
      |                                                           [32m[K%ld[m[K
