[0.009s] Invoking command in '/home/curro/ROAR/ros2_ws/build/arduino_comm_cpp': AMENT_PREFIX_PATH=/home/curro/ROAR/ros2_ws/install/roar_gokart_msgs:${AMENT_PREFIX_PATH} CMAKE_PREFIX_PATH=/home/curro/ROAR/ros2_ws/install/roar_gokart_msgs:/opt/ros/iron CONDA_PROMPT_MODIFIER=(base) LD_LIBRARY_PATH=/home/curro/ROAR/ros2_ws/install/roar_gokart_msgs/lib:${LD_LIBRARY_PATH} PYTHONPATH=/home/curro/ROAR/ros2_ws/install/roar_gokart_msgs/lib/python3.11/site-packages:${PYTHONPATH} /home/curro/anaconda3/bin/cmake --build /home/curro/ROAR/ros2_ws/build/arduino_comm_cpp -- -j8 -l8
[0.059s] [ 50%] [32mBuilding CXX object CMakeFiles/arduino_comm_node.dir/src/arduino_comm_node.cpp.o[0m
[2.245s] In file included from [01m[K/opt/ros/iron/include/rclcpp/rclcpp/logging.hpp:24[m[K,
[2.246s]                  from [01m[K/opt/ros/iron/include/rclcpp/rclcpp/client.hpp:43[m[K,
[2.246s]                  from [01m[K/opt/ros/iron/include/rclcpp/rclcpp/callback_group.hpp:24[m[K,
[2.246s]                  from [01m[K/opt/ros/iron/include/rclcpp/rclcpp/any_executable.hpp:20[m[K,
[2.246s]                  from [01m[K/opt/ros/iron/include/rclcpp/rclcpp/memory_strategy.hpp:25[m[K,
[2.246s]                  from [01m[K/opt/ros/iron/include/rclcpp/rclcpp/memory_strategies.hpp:18[m[K,
[2.246s]                  from [01m[K/opt/ros/iron/include/rclcpp/rclcpp/executor_options.hpp:20[m[K,
[2.246s]                  from [01m[K/opt/ros/iron/include/rclcpp/rclcpp/executor.hpp:37[m[K,
[2.246s]                  from [01m[K/opt/ros/iron/include/rclcpp/rclcpp/executors/multi_threaded_executor.hpp:25[m[K,
[2.246s]                  from [01m[K/opt/ros/iron/include/rclcpp/rclcpp/executors.hpp:21[m[K,
[2.246s]                  from [01m[K/opt/ros/iron/include/rclcpp/rclcpp/rclcpp.hpp:167[m[K,
[2.247s]                  from [01m[K/home/curro/ROAR/ros2_ws/src/arduino_comm_cpp/include/arduino_comm_cpp/arduino_comm_node.hpp:6[m[K,
[2.247s]                  from [01m[K/home/curro/ROAR/ros2_ws/src/arduino_comm_cpp/src/arduino_comm_node.cpp:1[m[K:
[2.247s] [01m[K/home/curro/ROAR/ros2_ws/src/arduino_comm_cpp/src/arduino_comm_node.cpp:[m[K In member function ‘[01m[Kvoid roar::arduino::ArduinoCommunicatorNode::on_read_timer()[m[K’:
[2.247s] [01m[K/home/curro/ROAR/ros2_ws/src/arduino_comm_cpp/src/arduino_comm_node.cpp:111:39:[m[K [01;35m[Kwarning: [m[Kformat ‘[01m[K%lld[m[K’ expects argument of type ‘[01m[Klong long int[m[K’, but argument 5 has type ‘[01m[Kstd::chrono::duration<long int, std::ratio<1, 1000> >::rep[m[K’ {aka ‘[01m[Klong int[m[K’} [[01;35m[K]8;;https://gcc.gnu.org/onlinedocs/gcc/Warning-Options.html#index-Wformat=-Wformat=]8;;[m[K]
[2.247s]   111 |             RCLCPP_INFO(get_logger(), [01;35m[K"on_read_timer took %lld milliseconds"[m[K, [32m[Kelapsed_time.count()[m[K);
[2.247s]       |                                       [01;35m[K^~~~~~~~~~~~~~~~~~~~~~~~~~~~~~~~~~~~~~[m[K  [32m[K~~~~~~~~~~~~~~~~~~~~[m[K
[2.247s]       |                                                                                                 [32m[K|[m[K
[2.247s]       |                                                                                                 [32m[Kstd::chrono::duration<long int, std::ratio<1, 1000> >::rep {aka long int}[m[K
[2.247s] [01m[K/home/curro/ROAR/ros2_ws/src/arduino_comm_cpp/src/arduino_comm_node.cpp:111:62:[m[K [01;36m[Knote: [m[Kformat string is defined here
[2.247s]   111 |             RCLCPP_INFO(get_logger(), "on_read_timer took [01;36m[K%lld[m[K milliseconds", elapsed_time.count());
[2.248s]       |                                                           [01;36m[K~~~^[m[K
[2.248s]       |                                                              [01;36m[K|[m[K
[2.248s]       |                                                              [01;36m[Klong long int[m[K
[2.248s]       |                                                           [32m[K%ld[m[K
[6.540s] [100%] [32m[1mLinking CXX executable arduino_comm_node[0m
[6.952s] [100%] Built target arduino_comm_node
[6.970s] Invoked command in '/home/curro/ROAR/ros2_ws/build/arduino_comm_cpp' returned '0': AMENT_PREFIX_PATH=/home/curro/ROAR/ros2_ws/install/roar_gokart_msgs:${AMENT_PREFIX_PATH} CMAKE_PREFIX_PATH=/home/curro/ROAR/ros2_ws/install/roar_gokart_msgs:/opt/ros/iron CONDA_PROMPT_MODIFIER=(base) LD_LIBRARY_PATH=/home/curro/ROAR/ros2_ws/install/roar_gokart_msgs/lib:${LD_LIBRARY_PATH} PYTHONPATH=/home/curro/ROAR/ros2_ws/install/roar_gokart_msgs/lib/python3.11/site-packages:${PYTHONPATH} /home/curro/anaconda3/bin/cmake --build /home/curro/ROAR/ros2_ws/build/arduino_comm_cpp -- -j8 -l8
[7.016s] Invoking command in '/home/curro/ROAR/ros2_ws/build/arduino_comm_cpp': AMENT_PREFIX_PATH=/home/curro/ROAR/ros2_ws/install/roar_gokart_msgs:${AMENT_PREFIX_PATH} CMAKE_PREFIX_PATH=/home/curro/ROAR/ros2_ws/install/roar_gokart_msgs:/opt/ros/iron CONDA_PROMPT_MODIFIER=(base) LD_LIBRARY_PATH=/home/curro/ROAR/ros2_ws/install/roar_gokart_msgs/lib:${LD_LIBRARY_PATH} PYTHONPATH=/home/curro/ROAR/ros2_ws/install/roar_gokart_msgs/lib/python3.11/site-packages:${PYTHONPATH} /home/curro/anaconda3/bin/cmake --install /home/curro/ROAR/ros2_ws/build/arduino_comm_cpp
[7.040s] -- Install configuration: ""
[7.040s] -- Installing: /home/curro/ROAR/ros2_ws/install/arduino_comm_cpp/lib/arduino_comm_cpp/arduino_comm_node
[7.051s] -- Set runtime path of "/home/curro/ROAR/ros2_ws/install/arduino_comm_cpp/lib/arduino_comm_cpp/arduino_comm_node" to ""
[7.051s] -- Up-to-date: /home/curro/ROAR/ros2_ws/install/arduino_comm_cpp/share/ament_index/resource_index/package_run_dependencies/arduino_comm_cpp
[7.051s] -- Up-to-date: /home/curro/ROAR/ros2_ws/install/arduino_comm_cpp/share/ament_index/resource_index/parent_prefix_path/arduino_comm_cpp
[7.051s] -- Up-to-date: /home/curro/ROAR/ros2_ws/install/arduino_comm_cpp/share/arduino_comm_cpp/environment/ament_prefix_path.sh
[7.051s] -- Up-to-date: /home/curro/ROAR/ros2_ws/install/arduino_comm_cpp/share/arduino_comm_cpp/environment/ament_prefix_path.dsv
[7.052s] -- Up-to-date: /home/curro/ROAR/ros2_ws/install/arduino_comm_cpp/share/arduino_comm_cpp/environment/path.sh
[7.052s] -- Up-to-date: /home/curro/ROAR/ros2_ws/install/arduino_comm_cpp/share/arduino_comm_cpp/environment/path.dsv
[7.052s] -- Up-to-date: /home/curro/ROAR/ros2_ws/install/arduino_comm_cpp/share/arduino_comm_cpp/local_setup.bash
[7.052s] -- Up-to-date: /home/curro/ROAR/ros2_ws/install/arduino_comm_cpp/share/arduino_comm_cpp/local_setup.sh
[7.052s] -- Up-to-date: /home/curro/ROAR/ros2_ws/install/arduino_comm_cpp/share/arduino_comm_cpp/local_setup.zsh
[7.052s] -- Up-to-date: /home/curro/ROAR/ros2_ws/install/arduino_comm_cpp/share/arduino_comm_cpp/local_setup.dsv
[7.052s] -- Installing: /home/curro/ROAR/ros2_ws/install/arduino_comm_cpp/share/arduino_comm_cpp/package.dsv
[7.052s] -- Up-to-date: /home/curro/ROAR/ros2_ws/install/arduino_comm_cpp/share/ament_index/resource_index/packages/arduino_comm_cpp
[7.052s] -- Up-to-date: /home/curro/ROAR/ros2_ws/install/arduino_comm_cpp/share/arduino_comm_cpp/cmake/arduino_comm_cppConfig.cmake
[7.052s] -- Up-to-date: /home/curro/ROAR/ros2_ws/install/arduino_comm_cpp/share/arduino_comm_cpp/cmake/arduino_comm_cppConfig-version.cmake
[7.052s] -- Up-to-date: /home/curro/ROAR/ros2_ws/install/arduino_comm_cpp/share/arduino_comm_cpp/package.xml
[7.061s] Invoked command in '/home/curro/ROAR/ros2_ws/build/arduino_comm_cpp' returned '0': AMENT_PREFIX_PATH=/home/curro/ROAR/ros2_ws/install/roar_gokart_msgs:${AMENT_PREFIX_PATH} CMAKE_PREFIX_PATH=/home/curro/ROAR/ros2_ws/install/roar_gokart_msgs:/opt/ros/iron CONDA_PROMPT_MODIFIER=(base) LD_LIBRARY_PATH=/home/curro/ROAR/ros2_ws/install/roar_gokart_msgs/lib:${LD_LIBRARY_PATH} PYTHONPATH=/home/curro/ROAR/ros2_ws/install/roar_gokart_msgs/lib/python3.11/site-packages:${PYTHONPATH} /home/curro/anaconda3/bin/cmake --install /home/curro/ROAR/ros2_ws/build/arduino_comm_cpp
