[0.404s] DEBUG:colcon:Command line arguments: ['/usr/bin/colcon', 'build']
[0.404s] DEBUG:colcon:Parsed command line arguments: Namespace(log_base=None, log_level=None, verb_name='build', build_base='build', install_base='install', merge_install=False, symlink_install=False, test_result_base=None, continue_on_error=False, executor='parallel', parallel_workers=8, event_handlers=None, ignore_user_meta=False, metas=['./colcon.meta'], base_paths=['.'], packages_ignore=None, packages_ignore_regex=None, paths=None, packages_up_to=None, packages_up_to_regex=None, packages_above=None, packages_above_and_dependencies=None, packages_above_depth=None, packages_select_by_dep=None, packages_skip_by_dep=None, packages_skip_up_to=None, packages_select_build_failed=False, packages_skip_build_finished=False, packages_select_test_failures=False, packages_skip_test_passed=False, packages_select=None, packages_skip=None, packages_select_regex=None, packages_skip_regex=None, packages_start=None, packages_end=None, allow_overriding=[], cmake_args=None, cmake_target=None, cmake_target_skip_unavailable=False, cmake_clean_cache=False, cmake_clean_first=False, cmake_force_configure=False, ament_cmake_args=None, catkin_cmake_args=None, catkin_skip_building_tests=False, verb_parser=<colcon_defaults.argument_parser.defaults.DefaultArgumentsDecorator object at 0x7f6ccd2defe0>, verb_extension=<colcon_core.verb.build.BuildVerb object at 0x7f6ccdb3fa30>, main=<bound method BuildVerb.main of <colcon_core.verb.build.BuildVerb object at 0x7f6ccdb3fa30>>)
[0.458s] Level 1:colcon.colcon_core.package_discovery:discover_packages(colcon_meta) check parameters
[0.458s] Level 1:colcon.colcon_core.package_discovery:discover_packages(recursive) check parameters
[0.458s] Level 1:colcon.colcon_core.package_discovery:discover_packages(ignore) check parameters
[0.458s] Level 1:colcon.colcon_core.package_discovery:discover_packages(path) check parameters
[0.458s] Level 1:colcon.colcon_core.package_discovery:discover_packages(colcon_meta) discover
[0.458s] Level 1:colcon.colcon_core.package_discovery:discover_packages(recursive) discover
[0.458s] INFO:colcon.colcon_core.package_discovery:Crawling recursively for packages in '/home/curro/ROAR/ros2_ws'
[0.458s] Level 1:colcon.colcon_core.package_identification:_identify(.) by extensions ['ignore', 'ignore_ament_install']
[0.458s] Level 1:colcon.colcon_core.package_identification:_identify(.) by extension 'ignore'
[0.459s] Level 1:colcon.colcon_core.package_identification:_identify(.) by extension 'ignore_ament_install'
[0.459s] Level 1:colcon.colcon_core.package_identification:_identify(.) by extensions ['colcon_pkg']
[0.459s] Level 1:colcon.colcon_core.package_identification:_identify(.) by extension 'colcon_pkg'
[0.459s] Level 1:colcon.colcon_core.package_identification:_identify(.) by extensions ['colcon_meta']
[0.459s] Level 1:colcon.colcon_core.package_identification:_identify(.) by extension 'colcon_meta'
[0.459s] Level 1:colcon.colcon_core.package_identification:_identify(.) by extensions ['ros']
[0.459s] Level 1:colcon.colcon_core.package_identification:_identify(.) by extension 'ros'
[0.474s] Level 1:colcon.colcon_core.package_identification:_identify(.) by extensions ['cmake', 'python']
[0.475s] Level 1:colcon.colcon_core.package_identification:_identify(.) by extension 'cmake'
[0.475s] Level 1:colcon.colcon_core.package_identification:_identify(.) by extension 'python'
[0.475s] Level 1:colcon.colcon_core.package_identification:_identify(.) by extensions ['python_setup_py']
[0.475s] Level 1:colcon.colcon_core.package_identification:_identify(.) by extension 'python_setup_py'
[0.475s] Level 1:colcon.colcon_core.package_identification:_identify(build) by extensions ['ignore', 'ignore_ament_install']
[0.475s] Level 1:colcon.colcon_core.package_identification:_identify(build) by extension 'ignore'
[0.475s] Level 1:colcon.colcon_core.package_identification:_identify(build) ignored
[0.475s] Level 1:colcon.colcon_core.package_identification:_identify(install) by extensions ['ignore', 'ignore_ament_install']
[0.475s] Level 1:colcon.colcon_core.package_identification:_identify(install) by extension 'ignore'
[0.475s] Level 1:colcon.colcon_core.package_identification:_identify(install) ignored
[0.476s] Level 1:colcon.colcon_core.package_identification:_identify(log) by extensions ['ignore', 'ignore_ament_install']
[0.476s] Level 1:colcon.colcon_core.package_identification:_identify(log) by extension 'ignore'
[0.476s] Level 1:colcon.colcon_core.package_identification:_identify(log) ignored
[0.476s] Level 1:colcon.colcon_core.package_identification:_identify(src) by extensions ['ignore', 'ignore_ament_install']
[0.476s] Level 1:colcon.colcon_core.package_identification:_identify(src) by extension 'ignore'
[0.476s] Level 1:colcon.colcon_core.package_identification:_identify(src) by extension 'ignore_ament_install'
[0.476s] Level 1:colcon.colcon_core.package_identification:_identify(src) by extensions ['colcon_pkg']
[0.476s] Level 1:colcon.colcon_core.package_identification:_identify(src) by extension 'colcon_pkg'
[0.476s] Level 1:colcon.colcon_core.package_identification:_identify(src) by extensions ['colcon_meta']
[0.476s] Level 1:colcon.colcon_core.package_identification:_identify(src) by extension 'colcon_meta'
[0.476s] Level 1:colcon.colcon_core.package_identification:_identify(src) by extensions ['ros']
[0.476s] Level 1:colcon.colcon_core.package_identification:_identify(src) by extension 'ros'
[0.476s] Level 1:colcon.colcon_core.package_identification:_identify(src) by extensions ['cmake', 'python']
[0.476s] Level 1:colcon.colcon_core.package_identification:_identify(src) by extension 'cmake'
[0.476s] Level 1:colcon.colcon_core.package_identification:_identify(src) by extension 'python'
[0.476s] Level 1:colcon.colcon_core.package_identification:_identify(src) by extensions ['python_setup_py']
[0.476s] Level 1:colcon.colcon_core.package_identification:_identify(src) by extension 'python_setup_py'
[0.477s] Level 1:colcon.colcon_core.package_identification:_identify(src/cpp_arduino_comm_usb) by extensions ['ignore', 'ignore_ament_install']
[0.477s] Level 1:colcon.colcon_core.package_identification:_identify(src/cpp_arduino_comm_usb) by extension 'ignore'
[0.477s] Level 1:colcon.colcon_core.package_identification:_identify(src/cpp_arduino_comm_usb) by extension 'ignore_ament_install'
[0.477s] Level 1:colcon.colcon_core.package_identification:_identify(src/cpp_arduino_comm_usb) by extensions ['colcon_pkg']
[0.477s] Level 1:colcon.colcon_core.package_identification:_identify(src/cpp_arduino_comm_usb) by extension 'colcon_pkg'
[0.477s] Level 1:colcon.colcon_core.package_identification:_identify(src/cpp_arduino_comm_usb) by extensions ['colcon_meta']
[0.477s] Level 1:colcon.colcon_core.package_identification:_identify(src/cpp_arduino_comm_usb) by extension 'colcon_meta'
[0.477s] Level 1:colcon.colcon_core.package_identification:_identify(src/cpp_arduino_comm_usb) by extensions ['ros']
[0.477s] Level 1:colcon.colcon_core.package_identification:_identify(src/cpp_arduino_comm_usb) by extension 'ros'
[0.480s] DEBUG:colcon.colcon_core.package_identification:Package 'src/cpp_arduino_comm_usb' with type 'ros.ament_cmake' and name 'cpp_arduino_comm_usb'
[0.481s] Level 1:colcon.colcon_core.package_identification:_identify(src/cpp_hello_udp) by extensions ['ignore', 'ignore_ament_install']
[0.481s] Level 1:colcon.colcon_core.package_identification:_identify(src/cpp_hello_udp) by extension 'ignore'
[0.481s] Level 1:colcon.colcon_core.package_identification:_identify(src/cpp_hello_udp) by extension 'ignore_ament_install'
[0.481s] Level 1:colcon.colcon_core.package_identification:_identify(src/cpp_hello_udp) by extensions ['colcon_pkg']
[0.481s] Level 1:colcon.colcon_core.package_identification:_identify(src/cpp_hello_udp) by extension 'colcon_pkg'
[0.481s] Level 1:colcon.colcon_core.package_identification:_identify(src/cpp_hello_udp) by extensions ['colcon_meta']
[0.481s] Level 1:colcon.colcon_core.package_identification:_identify(src/cpp_hello_udp) by extension 'colcon_meta'
[0.481s] Level 1:colcon.colcon_core.package_identification:_identify(src/cpp_hello_udp) by extensions ['ros']
[0.481s] Level 1:colcon.colcon_core.package_identification:_identify(src/cpp_hello_udp) by extension 'ros'
[0.482s] DEBUG:colcon.colcon_core.package_identification:Package 'src/cpp_hello_udp' with type 'ros.ament_cmake' and name 'cpp_hello_udp'
[0.482s] Level 1:colcon.colcon_core.package_identification:_identify(src/roar_gokart_msgs) by extensions ['ignore', 'ignore_ament_install']
[0.482s] Level 1:colcon.colcon_core.package_identification:_identify(src/roar_gokart_msgs) by extension 'ignore'
[0.482s] Level 1:colcon.colcon_core.package_identification:_identify(src/roar_gokart_msgs) by extension 'ignore_ament_install'
[0.483s] Level 1:colcon.colcon_core.package_identification:_identify(src/roar_gokart_msgs) by extensions ['colcon_pkg']
[0.483s] Level 1:colcon.colcon_core.package_identification:_identify(src/roar_gokart_msgs) by extension 'colcon_pkg'
[0.483s] Level 1:colcon.colcon_core.package_identification:_identify(src/roar_gokart_msgs) by extensions ['colcon_meta']
[0.483s] Level 1:colcon.colcon_core.package_identification:_identify(src/roar_gokart_msgs) by extension 'colcon_meta'
[0.483s] Level 1:colcon.colcon_core.package_identification:_identify(src/roar_gokart_msgs) by extensions ['ros']
[0.483s] Level 1:colcon.colcon_core.package_identification:_identify(src/roar_gokart_msgs) by extension 'ros'
[0.483s] DEBUG:colcon.colcon_core.package_identification:Package 'src/roar_gokart_msgs' with type 'ros.ament_cmake' and name 'roar_gokart_msgs'
[0.483s] Level 1:colcon.colcon_core.package_discovery:discover_packages(recursive) using defaults
[0.483s] Level 1:colcon.colcon_core.package_discovery:discover_packages(ignore) discover
[0.484s] Level 1:colcon.colcon_core.package_discovery:discover_packages(ignore) using defaults
[0.484s] Level 1:colcon.colcon_core.package_discovery:discover_packages(path) discover
[0.484s] Level 1:colcon.colcon_core.package_discovery:discover_packages(path) using defaults
[0.515s] Level 1:colcon.colcon_core.package_discovery:discover_packages(prefix_path) check parameters
[0.515s] Level 1:colcon.colcon_core.package_discovery:discover_packages(prefix_path) discover
[0.519s] DEBUG:colcon.colcon_installed_package_information.package_discovery:Found 3 installed packages in /home/curro/ROAR/ros2_ws/install
[0.521s] DEBUG:colcon.colcon_installed_package_information.package_discovery:Found 292 installed packages in /opt/ros/iron
[0.523s] Level 1:colcon.colcon_core.package_discovery:discover_packages(prefix_path) using defaults
[0.585s] Level 5:colcon.colcon_core.verb:set package 'roar_gokart_msgs' build argument 'cmake_args' from command line to 'None'
[0.585s] Level 5:colcon.colcon_core.verb:set package 'roar_gokart_msgs' build argument 'cmake_target' from command line to 'None'
[0.585s] Level 5:colcon.colcon_core.verb:set package 'roar_gokart_msgs' build argument 'cmake_target_skip_unavailable' from command line to 'False'
[0.585s] Level 5:colcon.colcon_core.verb:set package 'roar_gokart_msgs' build argument 'cmake_clean_cache' from command line to 'False'
[0.585s] Level 5:colcon.colcon_core.verb:set package 'roar_gokart_msgs' build argument 'cmake_clean_first' from command line to 'False'
[0.585s] Level 5:colcon.colcon_core.verb:set package 'roar_gokart_msgs' build argument 'cmake_force_configure' from command line to 'False'
[0.585s] Level 5:colcon.colcon_core.verb:set package 'roar_gokart_msgs' build argument 'ament_cmake_args' from command line to 'None'
[0.585s] Level 5:colcon.colcon_core.verb:set package 'roar_gokart_msgs' build argument 'catkin_cmake_args' from command line to 'None'
[0.585s] Level 5:colcon.colcon_core.verb:set package 'roar_gokart_msgs' build argument 'catkin_skip_building_tests' from command line to 'False'
[0.585s] DEBUG:colcon.colcon_core.verb:Building package 'roar_gokart_msgs' with the following arguments: {'ament_cmake_args': None, 'build_base': '/home/curro/ROAR/ros2_ws/build/roar_gokart_msgs', 'catkin_cmake_args': None, 'catkin_skip_building_tests': False, 'cmake_args': None, 'cmake_clean_cache': False, 'cmake_clean_first': False, 'cmake_force_configure': False, 'cmake_target': None, 'cmake_target_skip_unavailable': False, 'install_base': '/home/curro/ROAR/ros2_ws/install/roar_gokart_msgs', 'merge_install': False, 'path': '/home/curro/ROAR/ros2_ws/src/roar_gokart_msgs', 'symlink_install': False, 'test_result_base': None}
[0.587s] Level 5:colcon.colcon_core.verb:set package 'cpp_arduino_comm_usb' build argument 'cmake_args' from command line to 'None'
[0.587s] Level 5:colcon.colcon_core.verb:set package 'cpp_arduino_comm_usb' build argument 'cmake_target' from command line to 'None'
[0.587s] Level 5:colcon.colcon_core.verb:set package 'cpp_arduino_comm_usb' build argument 'cmake_target_skip_unavailable' from command line to 'False'
[0.587s] Level 5:colcon.colcon_core.verb:set package 'cpp_arduino_comm_usb' build argument 'cmake_clean_cache' from command line to 'False'
[0.587s] Level 5:colcon.colcon_core.verb:set package 'cpp_arduino_comm_usb' build argument 'cmake_clean_first' from command line to 'False'
[0.587s] Level 5:colcon.colcon_core.verb:set package 'cpp_arduino_comm_usb' build argument 'cmake_force_configure' from command line to 'False'
[0.587s] Level 5:colcon.colcon_core.verb:set package 'cpp_arduino_comm_usb' build argument 'ament_cmake_args' from command line to 'None'
[0.587s] Level 5:colcon.colcon_core.verb:set package 'cpp_arduino_comm_usb' build argument 'catkin_cmake_args' from command line to 'None'
[0.587s] Level 5:colcon.colcon_core.verb:set package 'cpp_arduino_comm_usb' build argument 'catkin_skip_building_tests' from command line to 'False'
[0.587s] DEBUG:colcon.colcon_core.verb:Building package 'cpp_arduino_comm_usb' with the following arguments: {'ament_cmake_args': None, 'build_base': '/home/curro/ROAR/ros2_ws/build/cpp_arduino_comm_usb', 'catkin_cmake_args': None, 'catkin_skip_building_tests': False, 'cmake_args': None, 'cmake_clean_cache': False, 'cmake_clean_first': False, 'cmake_force_configure': False, 'cmake_target': None, 'cmake_target_skip_unavailable': False, 'install_base': '/home/curro/ROAR/ros2_ws/install/cpp_arduino_comm_usb', 'merge_install': False, 'path': '/home/curro/ROAR/ros2_ws/src/cpp_arduino_comm_usb', 'symlink_install': False, 'test_result_base': None}
[0.588s] Level 5:colcon.colcon_core.verb:set package 'cpp_hello_udp' build argument 'cmake_args' from command line to 'None'
[0.588s] Level 5:colcon.colcon_core.verb:set package 'cpp_hello_udp' build argument 'cmake_target' from command line to 'None'
[0.588s] Level 5:colcon.colcon_core.verb:set package 'cpp_hello_udp' build argument 'cmake_target_skip_unavailable' from command line to 'False'
[0.588s] Level 5:colcon.colcon_core.verb:set package 'cpp_hello_udp' build argument 'cmake_clean_cache' from command line to 'False'
[0.588s] Level 5:colcon.colcon_core.verb:set package 'cpp_hello_udp' build argument 'cmake_clean_first' from command line to 'False'
[0.588s] Level 5:colcon.colcon_core.verb:set package 'cpp_hello_udp' build argument 'cmake_force_configure' from command line to 'False'
[0.588s] Level 5:colcon.colcon_core.verb:set package 'cpp_hello_udp' build argument 'ament_cmake_args' from command line to 'None'
[0.588s] Level 5:colcon.colcon_core.verb:set package 'cpp_hello_udp' build argument 'catkin_cmake_args' from command line to 'None'
[0.588s] Level 5:colcon.colcon_core.verb:set package 'cpp_hello_udp' build argument 'catkin_skip_building_tests' from command line to 'False'
[0.588s] DEBUG:colcon.colcon_core.verb:Building package 'cpp_hello_udp' with the following arguments: {'ament_cmake_args': None, 'build_base': '/home/curro/ROAR/ros2_ws/build/cpp_hello_udp', 'catkin_cmake_args': None, 'catkin_skip_building_tests': False, 'cmake_args': None, 'cmake_clean_cache': False, 'cmake_clean_first': False, 'cmake_force_configure': False, 'cmake_target': None, 'cmake_target_skip_unavailable': False, 'install_base': '/home/curro/ROAR/ros2_ws/install/cpp_hello_udp', 'merge_install': False, 'path': '/home/curro/ROAR/ros2_ws/src/cpp_hello_udp', 'symlink_install': False, 'test_result_base': None}
[0.589s] INFO:colcon.colcon_core.executor:Executing jobs using 'parallel' executor
[0.593s] DEBUG:colcon.colcon_parallel_executor.executor.parallel:run_until_complete
[0.593s] INFO:colcon.colcon_ros.task.ament_cmake.build:Building ROS package in '/home/curro/ROAR/ros2_ws/src/roar_gokart_msgs' with build type 'ament_cmake'
[0.594s] INFO:colcon.colcon_cmake.task.cmake.build:Building CMake package in '/home/curro/ROAR/ros2_ws/src/roar_gokart_msgs'
[0.599s] INFO:colcon.colcon_core.plugin_system:Skipping extension 'colcon_core.shell.bat': Not used on non-Windows systems
[0.600s] INFO:colcon.colcon_core.shell:Skip shell extension 'powershell' for command environment: Not usable outside of PowerShell
[0.600s] DEBUG:colcon.colcon_core.shell:Skip shell extension 'dsv' for command environment
[0.616s] DEBUG:colcon.colcon_core.event_handler.log_command:Invoking command in '/home/curro/ROAR/ros2_ws/build/roar_gokart_msgs': CMAKE_PREFIX_PATH=${CMAKE_PREFIX_PATH}:/opt/ros/iron CONDA_PROMPT_MODIFIER=(base) /home/curro/anaconda3/bin/cmake --build /home/curro/ROAR/ros2_ws/build/roar_gokart_msgs -- -j8 -l8
[1.224s] DEBUG:colcon.colcon_core.event_handler.log_command:Invoked command in '/home/curro/ROAR/ros2_ws/build/roar_gokart_msgs' returned '0': CMAKE_PREFIX_PATH=${CMAKE_PREFIX_PATH}:/opt/ros/iron CONDA_PROMPT_MODIFIER=(base) /home/curro/anaconda3/bin/cmake --build /home/curro/ROAR/ros2_ws/build/roar_gokart_msgs -- -j8 -l8
[1.466s] DEBUG:colcon.colcon_core.event_handler.log_command:Invoking command in '/home/curro/ROAR/ros2_ws/build/roar_gokart_msgs': CMAKE_PREFIX_PATH=${CMAKE_PREFIX_PATH}:/opt/ros/iron CONDA_PROMPT_MODIFIER=(base) /home/curro/anaconda3/bin/cmake --install /home/curro/ROAR/ros2_ws/build/roar_gokart_msgs
[1.581s] Level 1:colcon.colcon_core.environment:create_environment_scripts_only(roar_gokart_msgs)
[1.583s] DEBUG:colcon.colcon_core.event_handler.log_command:Invoked command in '/home/curro/ROAR/ros2_ws/build/roar_gokart_msgs' returned '0': CMAKE_PREFIX_PATH=${CMAKE_PREFIX_PATH}:/opt/ros/iron CONDA_PROMPT_MODIFIER=(base) /home/curro/anaconda3/bin/cmake --install /home/curro/ROAR/ros2_ws/build/roar_gokart_msgs
[1.591s] Level 1:colcon.colcon_core.environment:checking '/home/curro/ROAR/ros2_ws/install/roar_gokart_msgs' for CMake module files
[1.592s] Level 1:colcon.colcon_core.environment:checking '/home/curro/ROAR/ros2_ws/install/roar_gokart_msgs' for CMake config files
[1.593s] Level 1:colcon.colcon_core.shell:create_environment_hook('roar_gokart_msgs', 'cmake_prefix_path')
[1.596s] INFO:colcon.colcon_core.shell:Creating environment hook '/home/curro/ROAR/ros2_ws/install/roar_gokart_msgs/share/roar_gokart_msgs/hook/cmake_prefix_path.ps1'
[1.597s] INFO:colcon.colcon_core.shell:Creating environment descriptor '/home/curro/ROAR/ros2_ws/install/roar_gokart_msgs/share/roar_gokart_msgs/hook/cmake_prefix_path.dsv'
[1.598s] INFO:colcon.colcon_core.shell:Creating environment hook '/home/curro/ROAR/ros2_ws/install/roar_gokart_msgs/share/roar_gokart_msgs/hook/cmake_prefix_path.sh'
[1.600s] Level 1:colcon.colcon_core.environment:checking '/home/curro/ROAR/ros2_ws/install/roar_gokart_msgs/lib'
[1.600s] Level 1:colcon.colcon_core.shell:create_environment_hook('roar_gokart_msgs', 'ld_library_path_lib')
[1.603s] INFO:colcon.colcon_core.shell:Creating environment hook '/home/curro/ROAR/ros2_ws/install/roar_gokart_msgs/share/roar_gokart_msgs/hook/ld_library_path_lib.ps1'
[1.604s] INFO:colcon.colcon_core.shell:Creating environment descriptor '/home/curro/ROAR/ros2_ws/install/roar_gokart_msgs/share/roar_gokart_msgs/hook/ld_library_path_lib.dsv'
[1.604s] INFO:colcon.colcon_core.shell:Creating environment hook '/home/curro/ROAR/ros2_ws/install/roar_gokart_msgs/share/roar_gokart_msgs/hook/ld_library_path_lib.sh'
[1.605s] Level 1:colcon.colcon_core.environment:checking '/home/curro/ROAR/ros2_ws/install/roar_gokart_msgs/bin'
[1.605s] Level 1:colcon.colcon_core.environment:checking '/home/curro/ROAR/ros2_ws/install/roar_gokart_msgs/lib/pkgconfig/roar_gokart_msgs.pc'
[1.606s] Level 1:colcon.colcon_core.environment:checking '/home/curro/ROAR/ros2_ws/install/roar_gokart_msgs/lib/python3.10/site-packages'
[1.606s] Level 1:colcon.colcon_core.environment:checking '/home/curro/ROAR/ros2_ws/install/roar_gokart_msgs/bin'
[1.610s] INFO:colcon.colcon_core.shell:Creating package script '/home/curro/ROAR/ros2_ws/install/roar_gokart_msgs/share/roar_gokart_msgs/package.ps1'
[1.612s] INFO:colcon.colcon_core.shell:Creating package descriptor '/home/curro/ROAR/ros2_ws/install/roar_gokart_msgs/share/roar_gokart_msgs/package.dsv'
[1.613s] INFO:colcon.colcon_core.shell:Creating package script '/home/curro/ROAR/ros2_ws/install/roar_gokart_msgs/share/roar_gokart_msgs/package.sh'
[1.614s] INFO:colcon.colcon_core.shell:Creating package script '/home/curro/ROAR/ros2_ws/install/roar_gokart_msgs/share/roar_gokart_msgs/package.bash'
[1.616s] INFO:colcon.colcon_core.shell:Creating package script '/home/curro/ROAR/ros2_ws/install/roar_gokart_msgs/share/roar_gokart_msgs/package.zsh'
[1.618s] Level 1:colcon.colcon_core.environment:create_file_with_runtime_dependencies(/home/curro/ROAR/ros2_ws/install/roar_gokart_msgs/share/colcon-core/packages/roar_gokart_msgs)
[1.792s] Level 1:colcon.colcon_core.environment:create_environment_scripts_only(roar_gokart_msgs)
[1.794s] Level 1:colcon.colcon_core.environment:checking '/home/curro/ROAR/ros2_ws/install/roar_gokart_msgs' for CMake module files
[1.795s] Level 1:colcon.colcon_core.environment:checking '/home/curro/ROAR/ros2_ws/install/roar_gokart_msgs' for CMake config files
[1.795s] Level 1:colcon.colcon_core.shell:create_environment_hook('roar_gokart_msgs', 'cmake_prefix_path')
[1.797s] INFO:colcon.colcon_core.shell:Creating environment hook '/home/curro/ROAR/ros2_ws/install/roar_gokart_msgs/share/roar_gokart_msgs/hook/cmake_prefix_path.ps1'
[1.798s] INFO:colcon.colcon_core.shell:Creating environment descriptor '/home/curro/ROAR/ros2_ws/install/roar_gokart_msgs/share/roar_gokart_msgs/hook/cmake_prefix_path.dsv'
[1.798s] INFO:colcon.colcon_core.shell:Creating environment hook '/home/curro/ROAR/ros2_ws/install/roar_gokart_msgs/share/roar_gokart_msgs/hook/cmake_prefix_path.sh'
[1.799s] Level 1:colcon.colcon_core.environment:checking '/home/curro/ROAR/ros2_ws/install/roar_gokart_msgs/lib'
[1.799s] Level 1:colcon.colcon_core.shell:create_environment_hook('roar_gokart_msgs', 'ld_library_path_lib')
[1.801s] INFO:colcon.colcon_core.shell:Creating environment hook '/home/curro/ROAR/ros2_ws/install/roar_gokart_msgs/share/roar_gokart_msgs/hook/ld_library_path_lib.ps1'
[1.801s] INFO:colcon.colcon_core.shell:Creating environment descriptor '/home/curro/ROAR/ros2_ws/install/roar_gokart_msgs/share/roar_gokart_msgs/hook/ld_library_path_lib.dsv'
[1.801s] INFO:colcon.colcon_core.shell:Creating environment hook '/home/curro/ROAR/ros2_ws/install/roar_gokart_msgs/share/roar_gokart_msgs/hook/ld_library_path_lib.sh'
[1.802s] Level 1:colcon.colcon_core.environment:checking '/home/curro/ROAR/ros2_ws/install/roar_gokart_msgs/bin'
[1.802s] Level 1:colcon.colcon_core.environment:checking '/home/curro/ROAR/ros2_ws/install/roar_gokart_msgs/lib/pkgconfig/roar_gokart_msgs.pc'
[1.802s] Level 1:colcon.colcon_core.environment:checking '/home/curro/ROAR/ros2_ws/install/roar_gokart_msgs/lib/python3.10/site-packages'
[1.803s] Level 1:colcon.colcon_core.environment:checking '/home/curro/ROAR/ros2_ws/install/roar_gokart_msgs/bin'
[1.804s] INFO:colcon.colcon_core.shell:Creating package script '/home/curro/ROAR/ros2_ws/install/roar_gokart_msgs/share/roar_gokart_msgs/package.ps1'
[1.805s] INFO:colcon.colcon_core.shell:Creating package descriptor '/home/curro/ROAR/ros2_ws/install/roar_gokart_msgs/share/roar_gokart_msgs/package.dsv'
[1.806s] INFO:colcon.colcon_core.shell:Creating package script '/home/curro/ROAR/ros2_ws/install/roar_gokart_msgs/share/roar_gokart_msgs/package.sh'
[1.806s] INFO:colcon.colcon_core.shell:Creating package script '/home/curro/ROAR/ros2_ws/install/roar_gokart_msgs/share/roar_gokart_msgs/package.bash'
[1.807s] INFO:colcon.colcon_core.shell:Creating package script '/home/curro/ROAR/ros2_ws/install/roar_gokart_msgs/share/roar_gokart_msgs/package.zsh'
[1.807s] Level 1:colcon.colcon_core.environment:create_file_with_runtime_dependencies(/home/curro/ROAR/ros2_ws/install/roar_gokart_msgs/share/colcon-core/packages/roar_gokart_msgs)
[1.808s] INFO:colcon.colcon_ros.task.ament_cmake.build:Building ROS package in '/home/curro/ROAR/ros2_ws/src/cpp_arduino_comm_usb' with build type 'ament_cmake'
[1.808s] INFO:colcon.colcon_cmake.task.cmake.build:Building CMake package in '/home/curro/ROAR/ros2_ws/src/cpp_arduino_comm_usb'
[1.810s] INFO:colcon.colcon_core.shell:Skip shell extension 'powershell' for command environment: Not usable outside of PowerShell
[1.810s] DEBUG:colcon.colcon_core.shell:Skip shell extension 'dsv' for command environment
[1.816s] INFO:colcon.colcon_ros.task.ament_cmake.build:Building ROS package in '/home/curro/ROAR/ros2_ws/src/cpp_hello_udp' with build type 'ament_cmake'
[1.817s] INFO:colcon.colcon_cmake.task.cmake.build:Building CMake package in '/home/curro/ROAR/ros2_ws/src/cpp_hello_udp'
[1.819s] INFO:colcon.colcon_core.shell:Skip shell extension 'powershell' for command environment: Not usable outside of PowerShell
[1.819s] DEBUG:colcon.colcon_core.shell:Skip shell extension 'dsv' for command environment
[1.830s] DEBUG:colcon.colcon_core.event_handler.log_command:Invoking command in '/home/curro/ROAR/ros2_ws/build/cpp_arduino_comm_usb': CMAKE_PREFIX_PATH=/home/curro/ROAR/ros2_ws/install/roar_gokart_msgs:/home/curro/ROAR/ros2_ws/install/cpp_hello_udp:/home/curro/ROAR/ros2_ws/install/cpp_arduino_comm_usb:/opt/ros/iron CONDA_PROMPT_MODIFIER=(base) /home/curro/anaconda3/bin/cmake --build /home/curro/ROAR/ros2_ws/build/cpp_arduino_comm_usb -- -j8 -l8
[1.834s] DEBUG:colcon.colcon_core.event_handler.log_command:Invoking command in '/home/curro/ROAR/ros2_ws/build/cpp_hello_udp': CMAKE_PREFIX_PATH=/home/curro/ROAR/ros2_ws/install/roar_gokart_msgs:/home/curro/ROAR/ros2_ws/install/cpp_hello_udp:/home/curro/ROAR/ros2_ws/install/cpp_arduino_comm_usb:/opt/ros/iron CONDA_PROMPT_MODIFIER=(base) /home/curro/anaconda3/bin/cmake --build /home/curro/ROAR/ros2_ws/build/cpp_hello_udp -- -j8 -l8
[1.919s] DEBUG:colcon.colcon_core.event_handler.log_command:Invoked command in '/home/curro/ROAR/ros2_ws/build/cpp_hello_udp' returned '0': CMAKE_PREFIX_PATH=/home/curro/ROAR/ros2_ws/install/roar_gokart_msgs:/home/curro/ROAR/ros2_ws/install/cpp_hello_udp:/home/curro/ROAR/ros2_ws/install/cpp_arduino_comm_usb:/opt/ros/iron CONDA_PROMPT_MODIFIER=(base) /home/curro/anaconda3/bin/cmake --build /home/curro/ROAR/ros2_ws/build/cpp_hello_udp -- -j8 -l8
[1.984s] DEBUG:colcon.colcon_core.event_handler.log_command:Invoking command in '/home/curro/ROAR/ros2_ws/build/cpp_hello_udp': CMAKE_PREFIX_PATH=/home/curro/ROAR/ros2_ws/install/roar_gokart_msgs:/home/curro/ROAR/ros2_ws/install/cpp_hello_udp:/home/curro/ROAR/ros2_ws/install/cpp_arduino_comm_usb:/opt/ros/iron CONDA_PROMPT_MODIFIER=(base) /home/curro/anaconda3/bin/cmake --install /home/curro/ROAR/ros2_ws/build/cpp_hello_udp
[2.029s] Level 1:colcon.colcon_core.environment:create_environment_scripts_only(cpp_hello_udp)
[2.032s] Level 1:colcon.colcon_core.environment:checking '/home/curro/ROAR/ros2_ws/install/cpp_hello_udp' for CMake module files
[2.033s] DEBUG:colcon.colcon_core.event_handler.log_command:Invoked command in '/home/curro/ROAR/ros2_ws/build/cpp_hello_udp' returned '0': CMAKE_PREFIX_PATH=/home/curro/ROAR/ros2_ws/install/roar_gokart_msgs:/home/curro/ROAR/ros2_ws/install/cpp_hello_udp:/home/curro/ROAR/ros2_ws/install/cpp_arduino_comm_usb:/opt/ros/iron CONDA_PROMPT_MODIFIER=(base) /home/curro/anaconda3/bin/cmake --install /home/curro/ROAR/ros2_ws/build/cpp_hello_udp
[2.034s] Level 1:colcon.colcon_core.environment:checking '/home/curro/ROAR/ros2_ws/install/cpp_hello_udp' for CMake config files
[2.034s] Level 1:colcon.colcon_core.shell:create_environment_hook('cpp_hello_udp', 'cmake_prefix_path')
[2.036s] INFO:colcon.colcon_core.shell:Creating environment hook '/home/curro/ROAR/ros2_ws/install/cpp_hello_udp/share/cpp_hello_udp/hook/cmake_prefix_path.ps1'
[2.036s] INFO:colcon.colcon_core.shell:Creating environment descriptor '/home/curro/ROAR/ros2_ws/install/cpp_hello_udp/share/cpp_hello_udp/hook/cmake_prefix_path.dsv'
[2.037s] INFO:colcon.colcon_core.shell:Creating environment hook '/home/curro/ROAR/ros2_ws/install/cpp_hello_udp/share/cpp_hello_udp/hook/cmake_prefix_path.sh'
[2.038s] Level 1:colcon.colcon_core.environment:checking '/home/curro/ROAR/ros2_ws/install/cpp_hello_udp/lib'
[2.038s] Level 1:colcon.colcon_core.environment:checking '/home/curro/ROAR/ros2_ws/install/cpp_hello_udp/bin'
[2.038s] Level 1:colcon.colcon_core.environment:checking '/home/curro/ROAR/ros2_ws/install/cpp_hello_udp/lib/pkgconfig/cpp_hello_udp.pc'
[2.038s] Level 1:colcon.colcon_core.environment:checking '/home/curro/ROAR/ros2_ws/install/cpp_hello_udp/lib/python3.10/site-packages'
[2.038s] Level 1:colcon.colcon_core.environment:checking '/home/curro/ROAR/ros2_ws/install/cpp_hello_udp/bin'
[2.040s] INFO:colcon.colcon_core.shell:Creating package script '/home/curro/ROAR/ros2_ws/install/cpp_hello_udp/share/cpp_hello_udp/package.ps1'
[2.041s] INFO:colcon.colcon_core.shell:Creating package descriptor '/home/curro/ROAR/ros2_ws/install/cpp_hello_udp/share/cpp_hello_udp/package.dsv'
[2.041s] INFO:colcon.colcon_core.shell:Creating package script '/home/curro/ROAR/ros2_ws/install/cpp_hello_udp/share/cpp_hello_udp/package.sh'
[2.042s] INFO:colcon.colcon_core.shell:Creating package script '/home/curro/ROAR/ros2_ws/install/cpp_hello_udp/share/cpp_hello_udp/package.bash'
[2.042s] INFO:colcon.colcon_core.shell:Creating package script '/home/curro/ROAR/ros2_ws/install/cpp_hello_udp/share/cpp_hello_udp/package.zsh'
[2.042s] Level 1:colcon.colcon_core.environment:create_file_with_runtime_dependencies(/home/curro/ROAR/ros2_ws/install/cpp_hello_udp/share/colcon-core/packages/cpp_hello_udp)
[2.107s] Level 1:colcon.colcon_core.environment:create_environment_scripts_only(cpp_hello_udp)
[2.110s] Level 1:colcon.colcon_core.environment:checking '/home/curro/ROAR/ros2_ws/install/cpp_hello_udp' for CMake module files
[2.111s] Level 1:colcon.colcon_core.environment:checking '/home/curro/ROAR/ros2_ws/install/cpp_hello_udp' for CMake config files
[2.111s] Level 1:colcon.colcon_core.shell:create_environment_hook('cpp_hello_udp', 'cmake_prefix_path')
[2.112s] INFO:colcon.colcon_core.shell:Creating environment hook '/home/curro/ROAR/ros2_ws/install/cpp_hello_udp/share/cpp_hello_udp/hook/cmake_prefix_path.ps1'
[2.113s] INFO:colcon.colcon_core.shell:Creating environment descriptor '/home/curro/ROAR/ros2_ws/install/cpp_hello_udp/share/cpp_hello_udp/hook/cmake_prefix_path.dsv'
[2.113s] INFO:colcon.colcon_core.shell:Creating environment hook '/home/curro/ROAR/ros2_ws/install/cpp_hello_udp/share/cpp_hello_udp/hook/cmake_prefix_path.sh'
[2.114s] Level 1:colcon.colcon_core.environment:checking '/home/curro/ROAR/ros2_ws/install/cpp_hello_udp/lib'
[2.114s] Level 1:colcon.colcon_core.environment:checking '/home/curro/ROAR/ros2_ws/install/cpp_hello_udp/bin'
[2.114s] Level 1:colcon.colcon_core.environment:checking '/home/curro/ROAR/ros2_ws/install/cpp_hello_udp/lib/pkgconfig/cpp_hello_udp.pc'
[2.114s] Level 1:colcon.colcon_core.environment:checking '/home/curro/ROAR/ros2_ws/install/cpp_hello_udp/lib/python3.10/site-packages'
[2.115s] Level 1:colcon.colcon_core.environment:checking '/home/curro/ROAR/ros2_ws/install/cpp_hello_udp/bin'
[2.116s] INFO:colcon.colcon_core.shell:Creating package script '/home/curro/ROAR/ros2_ws/install/cpp_hello_udp/share/cpp_hello_udp/package.ps1'
[2.117s] INFO:colcon.colcon_core.shell:Creating package descriptor '/home/curro/ROAR/ros2_ws/install/cpp_hello_udp/share/cpp_hello_udp/package.dsv'
[2.118s] INFO:colcon.colcon_core.shell:Creating package script '/home/curro/ROAR/ros2_ws/install/cpp_hello_udp/share/cpp_hello_udp/package.sh'
[2.118s] INFO:colcon.colcon_core.shell:Creating package script '/home/curro/ROAR/ros2_ws/install/cpp_hello_udp/share/cpp_hello_udp/package.bash'
[2.119s] INFO:colcon.colcon_core.shell:Creating package script '/home/curro/ROAR/ros2_ws/install/cpp_hello_udp/share/cpp_hello_udp/package.zsh'
[2.119s] Level 1:colcon.colcon_core.environment:create_file_with_runtime_dependencies(/home/curro/ROAR/ros2_ws/install/cpp_hello_udp/share/colcon-core/packages/cpp_hello_udp)
[3.248s] DEBUG:colcon.colcon_core.event_handler.log_command:Invoked command in '/home/curro/ROAR/ros2_ws/build/cpp_arduino_comm_usb' returned '2': CMAKE_PREFIX_PATH=/home/curro/ROAR/ros2_ws/install/roar_gokart_msgs:/home/curro/ROAR/ros2_ws/install/cpp_hello_udp:/home/curro/ROAR/ros2_ws/install/cpp_arduino_comm_usb:/opt/ros/iron CONDA_PROMPT_MODIFIER=(base) /home/curro/anaconda3/bin/cmake --build /home/curro/ROAR/ros2_ws/build/cpp_arduino_comm_usb -- -j8 -l8
[3.313s] Level 1:colcon.colcon_core.environment:create_environment_scripts_only(cpp_arduino_comm_usb)
[3.315s] Level 1:colcon.colcon_core.environment:checking '/home/curro/ROAR/ros2_ws/install/cpp_arduino_comm_usb' for CMake module files
[3.316s] Level 1:colcon.colcon_core.environment:checking '/home/curro/ROAR/ros2_ws/install/cpp_arduino_comm_usb' for CMake config files
[3.316s] Level 1:colcon.colcon_core.shell:create_environment_hook('cpp_arduino_comm_usb', 'cmake_prefix_path')
[3.318s] INFO:colcon.colcon_core.shell:Creating environment hook '/home/curro/ROAR/ros2_ws/install/cpp_arduino_comm_usb/share/cpp_arduino_comm_usb/hook/cmake_prefix_path.ps1'
[3.318s] INFO:colcon.colcon_core.shell:Creating environment descriptor '/home/curro/ROAR/ros2_ws/install/cpp_arduino_comm_usb/share/cpp_arduino_comm_usb/hook/cmake_prefix_path.dsv'
[3.319s] INFO:colcon.colcon_core.shell:Creating environment hook '/home/curro/ROAR/ros2_ws/install/cpp_arduino_comm_usb/share/cpp_arduino_comm_usb/hook/cmake_prefix_path.sh'
[3.319s] Level 1:colcon.colcon_core.environment:checking '/home/curro/ROAR/ros2_ws/install/cpp_arduino_comm_usb/lib'
[3.320s] Level 1:colcon.colcon_core.environment:checking '/home/curro/ROAR/ros2_ws/install/cpp_arduino_comm_usb/bin'
[3.320s] Level 1:colcon.colcon_core.environment:checking '/home/curro/ROAR/ros2_ws/install/cpp_arduino_comm_usb/lib/pkgconfig/cpp_arduino_comm_usb.pc'
[3.320s] Level 1:colcon.colcon_core.environment:checking '/home/curro/ROAR/ros2_ws/install/cpp_arduino_comm_usb/lib/python3.10/site-packages'
[3.320s] Level 1:colcon.colcon_core.environment:checking '/home/curro/ROAR/ros2_ws/install/cpp_arduino_comm_usb/bin'
[3.322s] INFO:colcon.colcon_core.shell:Creating package script '/home/curro/ROAR/ros2_ws/install/cpp_arduino_comm_usb/share/cpp_arduino_comm_usb/package.ps1'
[3.323s] INFO:colcon.colcon_core.shell:Creating package descriptor '/home/curro/ROAR/ros2_ws/install/cpp_arduino_comm_usb/share/cpp_arduino_comm_usb/package.dsv'
[3.323s] INFO:colcon.colcon_core.shell:Creating package script '/home/curro/ROAR/ros2_ws/install/cpp_arduino_comm_usb/share/cpp_arduino_comm_usb/package.sh'
[3.324s] INFO:colcon.colcon_core.shell:Creating package script '/home/curro/ROAR/ros2_ws/install/cpp_arduino_comm_usb/share/cpp_arduino_comm_usb/package.bash'
[3.324s] INFO:colcon.colcon_core.shell:Creating package script '/home/curro/ROAR/ros2_ws/install/cpp_arduino_comm_usb/share/cpp_arduino_comm_usb/package.zsh'
[3.324s] Level 1:colcon.colcon_core.environment:create_file_with_runtime_dependencies(/home/curro/ROAR/ros2_ws/install/cpp_arduino_comm_usb/share/colcon-core/packages/cpp_arduino_comm_usb)
[3.335s] DEBUG:colcon.colcon_parallel_executor.executor.parallel:closing loop
[3.335s] DEBUG:colcon.colcon_parallel_executor.executor.parallel:loop closed
[3.335s] DEBUG:colcon.colcon_parallel_executor.executor.parallel:run_until_complete finished with '2'
[3.336s] DEBUG:colcon.colcon_core.event_reactor:joining thread
[3.342s] INFO:colcon.colcon_core.plugin_system:Skipping extension 'colcon_notification.desktop_notification.terminal_notifier': Not used on non-Darwin systems
[3.342s] INFO:colcon.colcon_core.plugin_system:Skipping extension 'colcon_notification.desktop_notification.win32': Not used on non-Windows systems
[3.342s] INFO:colcon.colcon_notification.desktop_notification:Sending desktop notification using 'notify2'
[3.360s] DEBUG:colcon.colcon_core.event_reactor:joined thread
[3.362s] INFO:colcon.colcon_core.shell:Creating prefix script '/home/curro/ROAR/ros2_ws/install/local_setup.ps1'
[3.363s] INFO:colcon.colcon_core.shell:Creating prefix util module '/home/curro/ROAR/ros2_ws/install/_local_setup_util_ps1.py'
[3.365s] INFO:colcon.colcon_core.shell:Creating prefix chain script '/home/curro/ROAR/ros2_ws/install/setup.ps1'
[3.368s] INFO:colcon.colcon_core.shell:Creating prefix script '/home/curro/ROAR/ros2_ws/install/local_setup.sh'
[3.369s] INFO:colcon.colcon_core.shell:Creating prefix util module '/home/curro/ROAR/ros2_ws/install/_local_setup_util_sh.py'
[3.370s] INFO:colcon.colcon_core.shell:Creating prefix chain script '/home/curro/ROAR/ros2_ws/install/setup.sh'
[3.372s] INFO:colcon.colcon_core.shell:Creating prefix script '/home/curro/ROAR/ros2_ws/install/local_setup.bash'
[3.373s] INFO:colcon.colcon_core.shell:Creating prefix chain script '/home/curro/ROAR/ros2_ws/install/setup.bash'
[3.375s] INFO:colcon.colcon_core.shell:Creating prefix script '/home/curro/ROAR/ros2_ws/install/local_setup.zsh'
[3.376s] INFO:colcon.colcon_core.shell:Creating prefix chain script '/home/curro/ROAR/ros2_ws/install/setup.zsh'
