[0.734s] DEBUG:colcon:Command line arguments: ['/usr/bin/colcon', 'build']
[0.734s] DEBUG:colcon:Parsed command line arguments: Namespace(log_base=None, log_level=None, verb_name='build', build_base='build', install_base='install', merge_install=False, symlink_install=False, test_result_base=None, continue_on_error=False, executor='parallel', parallel_workers=8, event_handlers=None, ignore_user_meta=False, metas=['./colcon.meta'], base_paths=['.'], packages_ignore=None, packages_ignore_regex=None, paths=None, packages_up_to=None, packages_up_to_regex=None, packages_above=None, packages_above_and_dependencies=None, packages_above_depth=None, packages_select_by_dep=None, packages_skip_by_dep=None, packages_skip_up_to=None, packages_select_build_failed=False, packages_skip_build_finished=False, packages_select_test_failures=False, packages_skip_test_passed=False, packages_select=None, packages_skip=None, packages_select_regex=None, packages_skip_regex=None, packages_start=None, packages_end=None, allow_overriding=[], cmake_args=None, cmake_target=None, cmake_target_skip_unavailable=False, cmake_clean_cache=False, cmake_clean_first=False, cmake_force_configure=False, ament_cmake_args=None, catkin_cmake_args=None, catkin_skip_building_tests=False, verb_parser=<colcon_defaults.argument_parser.defaults.DefaultArgumentsDecorator object at 0x7f22cbf38670>, verb_extension=<colcon_core.verb.build.BuildVerb object at 0x7f22cc264520>, main=<bound method BuildVerb.main of <colcon_core.verb.build.BuildVerb object at 0x7f22cc264520>>)
[0.780s] Level 1:colcon.colcon_core.package_discovery:discover_packages(colcon_meta) check parameters
[0.780s] Level 1:colcon.colcon_core.package_discovery:discover_packages(recursive) check parameters
[0.780s] Level 1:colcon.colcon_core.package_discovery:discover_packages(ignore) check parameters
[0.780s] Level 1:colcon.colcon_core.package_discovery:discover_packages(path) check parameters
[0.780s] Level 1:colcon.colcon_core.package_discovery:discover_packages(colcon_meta) discover
[0.780s] Level 1:colcon.colcon_core.package_discovery:discover_packages(recursive) discover
[0.780s] INFO:colcon.colcon_core.package_discovery:Crawling recursively for packages in '/home/curro/ROAR/ros2_ws'
[0.781s] Level 1:colcon.colcon_core.package_identification:_identify(.) by extensions ['ignore', 'ignore_ament_install']
[0.781s] Level 1:colcon.colcon_core.package_identification:_identify(.) by extension 'ignore'
[0.781s] Level 1:colcon.colcon_core.package_identification:_identify(.) by extension 'ignore_ament_install'
[0.781s] Level 1:colcon.colcon_core.package_identification:_identify(.) by extensions ['colcon_pkg']
[0.781s] Level 1:colcon.colcon_core.package_identification:_identify(.) by extension 'colcon_pkg'
[0.781s] Level 1:colcon.colcon_core.package_identification:_identify(.) by extensions ['colcon_meta']
[0.781s] Level 1:colcon.colcon_core.package_identification:_identify(.) by extension 'colcon_meta'
[0.781s] Level 1:colcon.colcon_core.package_identification:_identify(.) by extensions ['ros']
[0.781s] Level 1:colcon.colcon_core.package_identification:_identify(.) by extension 'ros'
[0.790s] Level 1:colcon.colcon_core.package_identification:_identify(.) by extensions ['cmake', 'python']
[0.790s] Level 1:colcon.colcon_core.package_identification:_identify(.) by extension 'cmake'
[0.790s] Level 1:colcon.colcon_core.package_identification:_identify(.) by extension 'python'
[0.790s] Level 1:colcon.colcon_core.package_identification:_identify(.) by extensions ['python_setup_py']
[0.790s] Level 1:colcon.colcon_core.package_identification:_identify(.) by extension 'python_setup_py'
[0.790s] Level 1:colcon.colcon_core.package_identification:_identify(build) by extensions ['ignore', 'ignore_ament_install']
[0.790s] Level 1:colcon.colcon_core.package_identification:_identify(build) by extension 'ignore'
[0.790s] Level 1:colcon.colcon_core.package_identification:_identify(build) ignored
[0.790s] Level 1:colcon.colcon_core.package_identification:_identify(install) by extensions ['ignore', 'ignore_ament_install']
[0.790s] Level 1:colcon.colcon_core.package_identification:_identify(install) by extension 'ignore'
[0.790s] Level 1:colcon.colcon_core.package_identification:_identify(install) ignored
[0.790s] Level 1:colcon.colcon_core.package_identification:_identify(log) by extensions ['ignore', 'ignore_ament_install']
[0.790s] Level 1:colcon.colcon_core.package_identification:_identify(log) by extension 'ignore'
[0.790s] Level 1:colcon.colcon_core.package_identification:_identify(log) ignored
[0.791s] Level 1:colcon.colcon_core.package_identification:_identify(src) by extensions ['ignore', 'ignore_ament_install']
[0.791s] Level 1:colcon.colcon_core.package_identification:_identify(src) by extension 'ignore'
[0.791s] Level 1:colcon.colcon_core.package_identification:_identify(src) by extension 'ignore_ament_install'
[0.791s] Level 1:colcon.colcon_core.package_identification:_identify(src) by extensions ['colcon_pkg']
[0.791s] Level 1:colcon.colcon_core.package_identification:_identify(src) by extension 'colcon_pkg'
[0.791s] Level 1:colcon.colcon_core.package_identification:_identify(src) by extensions ['colcon_meta']
[0.791s] Level 1:colcon.colcon_core.package_identification:_identify(src) by extension 'colcon_meta'
[0.791s] Level 1:colcon.colcon_core.package_identification:_identify(src) by extensions ['ros']
[0.791s] Level 1:colcon.colcon_core.package_identification:_identify(src) by extension 'ros'
[0.791s] Level 1:colcon.colcon_core.package_identification:_identify(src) by extensions ['cmake', 'python']
[0.791s] Level 1:colcon.colcon_core.package_identification:_identify(src) by extension 'cmake'
[0.791s] Level 1:colcon.colcon_core.package_identification:_identify(src) by extension 'python'
[0.791s] Level 1:colcon.colcon_core.package_identification:_identify(src) by extensions ['python_setup_py']
[0.791s] Level 1:colcon.colcon_core.package_identification:_identify(src) by extension 'python_setup_py'
[0.791s] Level 1:colcon.colcon_core.package_identification:_identify(src/arduino_comm_cpp) by extensions ['ignore', 'ignore_ament_install']
[0.791s] Level 1:colcon.colcon_core.package_identification:_identify(src/arduino_comm_cpp) by extension 'ignore'
[0.791s] Level 1:colcon.colcon_core.package_identification:_identify(src/arduino_comm_cpp) by extension 'ignore_ament_install'
[0.791s] Level 1:colcon.colcon_core.package_identification:_identify(src/arduino_comm_cpp) by extensions ['colcon_pkg']
[0.791s] Level 1:colcon.colcon_core.package_identification:_identify(src/arduino_comm_cpp) by extension 'colcon_pkg'
[0.791s] Level 1:colcon.colcon_core.package_identification:_identify(src/arduino_comm_cpp) by extensions ['colcon_meta']
[0.791s] Level 1:colcon.colcon_core.package_identification:_identify(src/arduino_comm_cpp) by extension 'colcon_meta'
[0.791s] Level 1:colcon.colcon_core.package_identification:_identify(src/arduino_comm_cpp) by extensions ['ros']
[0.791s] Level 1:colcon.colcon_core.package_identification:_identify(src/arduino_comm_cpp) by extension 'ros'
[0.794s] DEBUG:colcon.colcon_core.package_identification:Package 'src/arduino_comm_cpp' with type 'ros.ament_cmake' and name 'arduino_comm_cpp'
[0.794s] Level 1:colcon.colcon_core.package_identification:_identify(src/roar_gokart_msgs) by extensions ['ignore', 'ignore_ament_install']
[0.794s] Level 1:colcon.colcon_core.package_identification:_identify(src/roar_gokart_msgs) by extension 'ignore'
[0.794s] Level 1:colcon.colcon_core.package_identification:_identify(src/roar_gokart_msgs) by extension 'ignore_ament_install'
[0.794s] Level 1:colcon.colcon_core.package_identification:_identify(src/roar_gokart_msgs) by extensions ['colcon_pkg']
[0.794s] Level 1:colcon.colcon_core.package_identification:_identify(src/roar_gokart_msgs) by extension 'colcon_pkg'
[0.794s] Level 1:colcon.colcon_core.package_identification:_identify(src/roar_gokart_msgs) by extensions ['colcon_meta']
[0.794s] Level 1:colcon.colcon_core.package_identification:_identify(src/roar_gokart_msgs) by extension 'colcon_meta'
[0.794s] Level 1:colcon.colcon_core.package_identification:_identify(src/roar_gokart_msgs) by extensions ['ros']
[0.794s] Level 1:colcon.colcon_core.package_identification:_identify(src/roar_gokart_msgs) by extension 'ros'
[0.795s] DEBUG:colcon.colcon_core.package_identification:Package 'src/roar_gokart_msgs' with type 'ros.ament_cmake' and name 'roar_gokart_msgs'
[0.795s] Level 1:colcon.colcon_core.package_discovery:discover_packages(recursive) using defaults
[0.795s] Level 1:colcon.colcon_core.package_discovery:discover_packages(ignore) discover
[0.795s] Level 1:colcon.colcon_core.package_discovery:discover_packages(ignore) using defaults
[0.795s] Level 1:colcon.colcon_core.package_discovery:discover_packages(path) discover
[0.795s] Level 1:colcon.colcon_core.package_discovery:discover_packages(path) using defaults
[0.864s] Level 1:colcon.colcon_core.package_discovery:discover_packages(prefix_path) check parameters
[0.864s] Level 1:colcon.colcon_core.package_discovery:discover_packages(prefix_path) discover
[0.887s] DEBUG:colcon.colcon_installed_package_information.package_discovery:Found 292 installed packages in /opt/ros/iron
[0.888s] Level 1:colcon.colcon_core.package_discovery:discover_packages(prefix_path) using defaults
[0.948s] Level 5:colcon.colcon_core.verb:set package 'roar_gokart_msgs' build argument 'cmake_args' from command line to 'None'
[0.948s] Level 5:colcon.colcon_core.verb:set package 'roar_gokart_msgs' build argument 'cmake_target' from command line to 'None'
[0.948s] Level 5:colcon.colcon_core.verb:set package 'roar_gokart_msgs' build argument 'cmake_target_skip_unavailable' from command line to 'False'
[0.948s] Level 5:colcon.colcon_core.verb:set package 'roar_gokart_msgs' build argument 'cmake_clean_cache' from command line to 'False'
[0.948s] Level 5:colcon.colcon_core.verb:set package 'roar_gokart_msgs' build argument 'cmake_clean_first' from command line to 'False'
[0.948s] Level 5:colcon.colcon_core.verb:set package 'roar_gokart_msgs' build argument 'cmake_force_configure' from command line to 'False'
[0.948s] Level 5:colcon.colcon_core.verb:set package 'roar_gokart_msgs' build argument 'ament_cmake_args' from command line to 'None'
[0.948s] Level 5:colcon.colcon_core.verb:set package 'roar_gokart_msgs' build argument 'catkin_cmake_args' from command line to 'None'
[0.948s] Level 5:colcon.colcon_core.verb:set package 'roar_gokart_msgs' build argument 'catkin_skip_building_tests' from command line to 'False'
[0.949s] DEBUG:colcon.colcon_core.verb:Building package 'roar_gokart_msgs' with the following arguments: {'ament_cmake_args': None, 'build_base': '/home/curro/ROAR/ros2_ws/build/roar_gokart_msgs', 'catkin_cmake_args': None, 'catkin_skip_building_tests': False, 'cmake_args': None, 'cmake_clean_cache': False, 'cmake_clean_first': False, 'cmake_force_configure': False, 'cmake_target': None, 'cmake_target_skip_unavailable': False, 'install_base': '/home/curro/ROAR/ros2_ws/install/roar_gokart_msgs', 'merge_install': False, 'path': '/home/curro/ROAR/ros2_ws/src/roar_gokart_msgs', 'symlink_install': False, 'test_result_base': None}
[0.959s] Level 5:colcon.colcon_core.verb:set package 'arduino_comm_cpp' build argument 'cmake_args' from command line to 'None'
[0.959s] Level 5:colcon.colcon_core.verb:set package 'arduino_comm_cpp' build argument 'cmake_target' from command line to 'None'
[0.959s] Level 5:colcon.colcon_core.verb:set package 'arduino_comm_cpp' build argument 'cmake_target_skip_unavailable' from command line to 'False'
[0.959s] Level 5:colcon.colcon_core.verb:set package 'arduino_comm_cpp' build argument 'cmake_clean_cache' from command line to 'False'
[0.959s] Level 5:colcon.colcon_core.verb:set package 'arduino_comm_cpp' build argument 'cmake_clean_first' from command line to 'False'
[0.959s] Level 5:colcon.colcon_core.verb:set package 'arduino_comm_cpp' build argument 'cmake_force_configure' from command line to 'False'
[0.959s] Level 5:colcon.colcon_core.verb:set package 'arduino_comm_cpp' build argument 'ament_cmake_args' from command line to 'None'
[0.959s] Level 5:colcon.colcon_core.verb:set package 'arduino_comm_cpp' build argument 'catkin_cmake_args' from command line to 'None'
[0.959s] Level 5:colcon.colcon_core.verb:set package 'arduino_comm_cpp' build argument 'catkin_skip_building_tests' from command line to 'False'
[0.960s] DEBUG:colcon.colcon_core.verb:Building package 'arduino_comm_cpp' with the following arguments: {'ament_cmake_args': None, 'build_base': '/home/curro/ROAR/ros2_ws/build/arduino_comm_cpp', 'catkin_cmake_args': None, 'catkin_skip_building_tests': False, 'cmake_args': None, 'cmake_clean_cache': False, 'cmake_clean_first': False, 'cmake_force_configure': False, 'cmake_target': None, 'cmake_target_skip_unavailable': False, 'install_base': '/home/curro/ROAR/ros2_ws/install/arduino_comm_cpp', 'merge_install': False, 'path': '/home/curro/ROAR/ros2_ws/src/arduino_comm_cpp', 'symlink_install': False, 'test_result_base': None}
[0.970s] INFO:colcon.colcon_core.executor:Executing jobs using 'parallel' executor
[0.981s] DEBUG:colcon.colcon_parallel_executor.executor.parallel:run_until_complete
[0.982s] INFO:colcon.colcon_ros.task.ament_cmake.build:Building ROS package in '/home/curro/ROAR/ros2_ws/src/roar_gokart_msgs' with build type 'ament_cmake'
[0.982s] INFO:colcon.colcon_cmake.task.cmake.build:Building CMake package in '/home/curro/ROAR/ros2_ws/src/roar_gokart_msgs'
[0.994s] INFO:colcon.colcon_core.plugin_system:Skipping extension 'colcon_core.shell.bat': Not used on non-Windows systems
[0.994s] INFO:colcon.colcon_core.shell:Skip shell extension 'powershell' for command environment: Not usable outside of PowerShell
[0.994s] DEBUG:colcon.colcon_core.shell:Skip shell extension 'dsv' for command environment
[1.024s] DEBUG:colcon.colcon_core.event_handler.log_command:Invoking command in '/home/curro/ROAR/ros2_ws/build/roar_gokart_msgs': CMAKE_PREFIX_PATH=/opt/ros/iron CONDA_PROMPT_MODIFIER=(base) /home/curro/anaconda3/bin/cmake --build /home/curro/ROAR/ros2_ws/build/roar_gokart_msgs -- -j8 -l8
[1.383s] DEBUG:colcon.colcon_core.event_handler.log_command:Invoked command in '/home/curro/ROAR/ros2_ws/build/roar_gokart_msgs' returned '0': CMAKE_PREFIX_PATH=/opt/ros/iron CONDA_PROMPT_MODIFIER=(base) /home/curro/anaconda3/bin/cmake --build /home/curro/ROAR/ros2_ws/build/roar_gokart_msgs -- -j8 -l8
[1.523s] DEBUG:colcon.colcon_core.event_handler.log_command:Invoking command in '/home/curro/ROAR/ros2_ws/build/roar_gokart_msgs': CMAKE_PREFIX_PATH=/opt/ros/iron CONDA_PROMPT_MODIFIER=(base) /home/curro/anaconda3/bin/cmake --install /home/curro/ROAR/ros2_ws/build/roar_gokart_msgs
[1.619s] Level 1:colcon.colcon_core.environment:create_environment_scripts_only(roar_gokart_msgs)
[1.620s] DEBUG:colcon.colcon_core.event_handler.log_command:Invoked command in '/home/curro/ROAR/ros2_ws/build/roar_gokart_msgs' returned '0': CMAKE_PREFIX_PATH=/opt/ros/iron CONDA_PROMPT_MODIFIER=(base) /home/curro/anaconda3/bin/cmake --install /home/curro/ROAR/ros2_ws/build/roar_gokart_msgs
[1.635s] Level 1:colcon.colcon_core.environment:checking '/home/curro/ROAR/ros2_ws/install/roar_gokart_msgs' for CMake module files
[1.636s] Level 1:colcon.colcon_core.environment:checking '/home/curro/ROAR/ros2_ws/install/roar_gokart_msgs' for CMake config files
[1.636s] Level 1:colcon.colcon_core.shell:create_environment_hook('roar_gokart_msgs', 'cmake_prefix_path')
[1.650s] INFO:colcon.colcon_core.shell:Creating environment hook '/home/curro/ROAR/ros2_ws/install/roar_gokart_msgs/share/roar_gokart_msgs/hook/cmake_prefix_path.ps1'
[1.650s] INFO:colcon.colcon_core.shell:Creating environment descriptor '/home/curro/ROAR/ros2_ws/install/roar_gokart_msgs/share/roar_gokart_msgs/hook/cmake_prefix_path.dsv'
[1.651s] INFO:colcon.colcon_core.shell:Creating environment hook '/home/curro/ROAR/ros2_ws/install/roar_gokart_msgs/share/roar_gokart_msgs/hook/cmake_prefix_path.sh'
[1.651s] Level 1:colcon.colcon_core.environment:checking '/home/curro/ROAR/ros2_ws/install/roar_gokart_msgs/lib'
[1.652s] Level 1:colcon.colcon_core.shell:create_environment_hook('roar_gokart_msgs', 'ld_library_path_lib')
[1.665s] INFO:colcon.colcon_core.shell:Creating environment hook '/home/curro/ROAR/ros2_ws/install/roar_gokart_msgs/share/roar_gokart_msgs/hook/ld_library_path_lib.ps1'
[1.665s] INFO:colcon.colcon_core.shell:Creating environment descriptor '/home/curro/ROAR/ros2_ws/install/roar_gokart_msgs/share/roar_gokart_msgs/hook/ld_library_path_lib.dsv'
[1.666s] INFO:colcon.colcon_core.shell:Creating environment hook '/home/curro/ROAR/ros2_ws/install/roar_gokart_msgs/share/roar_gokart_msgs/hook/ld_library_path_lib.sh'
[1.666s] Level 1:colcon.colcon_core.environment:checking '/home/curro/ROAR/ros2_ws/install/roar_gokart_msgs/bin'
[1.666s] Level 1:colcon.colcon_core.environment:checking '/home/curro/ROAR/ros2_ws/install/roar_gokart_msgs/lib/pkgconfig/roar_gokart_msgs.pc'
[1.666s] Level 1:colcon.colcon_core.environment:checking '/home/curro/ROAR/ros2_ws/install/roar_gokart_msgs/lib/python3.10/site-packages'
[1.666s] Level 1:colcon.colcon_core.environment:checking '/home/curro/ROAR/ros2_ws/install/roar_gokart_msgs/bin'
[1.680s] INFO:colcon.colcon_core.shell:Creating package script '/home/curro/ROAR/ros2_ws/install/roar_gokart_msgs/share/roar_gokart_msgs/package.ps1'
[1.681s] INFO:colcon.colcon_core.shell:Creating package descriptor '/home/curro/ROAR/ros2_ws/install/roar_gokart_msgs/share/roar_gokart_msgs/package.dsv'
[1.681s] INFO:colcon.colcon_core.shell:Creating package script '/home/curro/ROAR/ros2_ws/install/roar_gokart_msgs/share/roar_gokart_msgs/package.sh'
[1.682s] INFO:colcon.colcon_core.shell:Creating package script '/home/curro/ROAR/ros2_ws/install/roar_gokart_msgs/share/roar_gokart_msgs/package.bash'
[1.683s] INFO:colcon.colcon_core.shell:Creating package script '/home/curro/ROAR/ros2_ws/install/roar_gokart_msgs/share/roar_gokart_msgs/package.zsh'
[1.684s] Level 1:colcon.colcon_core.environment:create_file_with_runtime_dependencies(/home/curro/ROAR/ros2_ws/install/roar_gokart_msgs/share/colcon-core/packages/roar_gokart_msgs)
[1.803s] Level 1:colcon.colcon_core.environment:create_environment_scripts_only(roar_gokart_msgs)
[1.816s] Level 1:colcon.colcon_core.environment:checking '/home/curro/ROAR/ros2_ws/install/roar_gokart_msgs' for CMake module files
[1.817s] Level 1:colcon.colcon_core.environment:checking '/home/curro/ROAR/ros2_ws/install/roar_gokart_msgs' for CMake config files
[1.817s] Level 1:colcon.colcon_core.shell:create_environment_hook('roar_gokart_msgs', 'cmake_prefix_path')
[1.830s] INFO:colcon.colcon_core.shell:Creating environment hook '/home/curro/ROAR/ros2_ws/install/roar_gokart_msgs/share/roar_gokart_msgs/hook/cmake_prefix_path.ps1'
[1.831s] INFO:colcon.colcon_core.shell:Creating environment descriptor '/home/curro/ROAR/ros2_ws/install/roar_gokart_msgs/share/roar_gokart_msgs/hook/cmake_prefix_path.dsv'
[1.831s] INFO:colcon.colcon_core.shell:Creating environment hook '/home/curro/ROAR/ros2_ws/install/roar_gokart_msgs/share/roar_gokart_msgs/hook/cmake_prefix_path.sh'
[1.832s] Level 1:colcon.colcon_core.environment:checking '/home/curro/ROAR/ros2_ws/install/roar_gokart_msgs/lib'
[1.832s] Level 1:colcon.colcon_core.shell:create_environment_hook('roar_gokart_msgs', 'ld_library_path_lib')
[1.845s] INFO:colcon.colcon_core.shell:Creating environment hook '/home/curro/ROAR/ros2_ws/install/roar_gokart_msgs/share/roar_gokart_msgs/hook/ld_library_path_lib.ps1'
[1.845s] INFO:colcon.colcon_core.shell:Creating environment descriptor '/home/curro/ROAR/ros2_ws/install/roar_gokart_msgs/share/roar_gokart_msgs/hook/ld_library_path_lib.dsv'
[1.845s] INFO:colcon.colcon_core.shell:Creating environment hook '/home/curro/ROAR/ros2_ws/install/roar_gokart_msgs/share/roar_gokart_msgs/hook/ld_library_path_lib.sh'
[1.846s] Level 1:colcon.colcon_core.environment:checking '/home/curro/ROAR/ros2_ws/install/roar_gokart_msgs/bin'
[1.846s] Level 1:colcon.colcon_core.environment:checking '/home/curro/ROAR/ros2_ws/install/roar_gokart_msgs/lib/pkgconfig/roar_gokart_msgs.pc'
[1.846s] Level 1:colcon.colcon_core.environment:checking '/home/curro/ROAR/ros2_ws/install/roar_gokart_msgs/lib/python3.10/site-packages'
[1.846s] Level 1:colcon.colcon_core.environment:checking '/home/curro/ROAR/ros2_ws/install/roar_gokart_msgs/bin'
[1.860s] INFO:colcon.colcon_core.shell:Creating package script '/home/curro/ROAR/ros2_ws/install/roar_gokart_msgs/share/roar_gokart_msgs/package.ps1'
[1.860s] INFO:colcon.colcon_core.shell:Creating package descriptor '/home/curro/ROAR/ros2_ws/install/roar_gokart_msgs/share/roar_gokart_msgs/package.dsv'
[1.861s] INFO:colcon.colcon_core.shell:Creating package script '/home/curro/ROAR/ros2_ws/install/roar_gokart_msgs/share/roar_gokart_msgs/package.sh'
[1.861s] INFO:colcon.colcon_core.shell:Creating package script '/home/curro/ROAR/ros2_ws/install/roar_gokart_msgs/share/roar_gokart_msgs/package.bash'
[1.862s] INFO:colcon.colcon_core.shell:Creating package script '/home/curro/ROAR/ros2_ws/install/roar_gokart_msgs/share/roar_gokart_msgs/package.zsh'
[1.862s] Level 1:colcon.colcon_core.environment:create_file_with_runtime_dependencies(/home/curro/ROAR/ros2_ws/install/roar_gokart_msgs/share/colcon-core/packages/roar_gokart_msgs)
[1.862s] INFO:colcon.colcon_ros.task.ament_cmake.build:Building ROS package in '/home/curro/ROAR/ros2_ws/src/arduino_comm_cpp' with build type 'ament_cmake'
[1.863s] INFO:colcon.colcon_cmake.task.cmake.build:Building CMake package in '/home/curro/ROAR/ros2_ws/src/arduino_comm_cpp'
[1.877s] INFO:colcon.colcon_core.shell:Skip shell extension 'powershell' for command environment: Not usable outside of PowerShell
[1.877s] DEBUG:colcon.colcon_core.shell:Skip shell extension 'dsv' for command environment
[1.915s] DEBUG:colcon.colcon_core.event_handler.log_command:Invoking command in '/home/curro/ROAR/ros2_ws/build/arduino_comm_cpp': AMENT_PREFIX_PATH=/home/curro/ROAR/ros2_ws/install/roar_gokart_msgs:${AMENT_PREFIX_PATH} CMAKE_PREFIX_PATH=/home/curro/ROAR/ros2_ws/install/roar_gokart_msgs:/opt/ros/iron CONDA_PROMPT_MODIFIER=(base) LD_LIBRARY_PATH=/home/curro/ROAR/ros2_ws/install/roar_gokart_msgs/lib:${LD_LIBRARY_PATH} PYTHONPATH=/home/curro/ROAR/ros2_ws/install/roar_gokart_msgs/lib/python3.11/site-packages:${PYTHONPATH} /home/curro/anaconda3/bin/cmake --build /home/curro/ROAR/ros2_ws/build/arduino_comm_cpp -- -j8 -l8
[2.005s] DEBUG:colcon.colcon_core.event_handler.log_command:Invoked command in '/home/curro/ROAR/ros2_ws/build/arduino_comm_cpp' returned '0': AMENT_PREFIX_PATH=/home/curro/ROAR/ros2_ws/install/roar_gokart_msgs:${AMENT_PREFIX_PATH} CMAKE_PREFIX_PATH=/home/curro/ROAR/ros2_ws/install/roar_gokart_msgs:/opt/ros/iron CONDA_PROMPT_MODIFIER=(base) LD_LIBRARY_PATH=/home/curro/ROAR/ros2_ws/install/roar_gokart_msgs/lib:${LD_LIBRARY_PATH} PYTHONPATH=/home/curro/ROAR/ros2_ws/install/roar_gokart_msgs/lib/python3.11/site-packages:${PYTHONPATH} /home/curro/anaconda3/bin/cmake --build /home/curro/ROAR/ros2_ws/build/arduino_comm_cpp -- -j8 -l8
[2.053s] DEBUG:colcon.colcon_core.event_handler.log_command:Invoking command in '/home/curro/ROAR/ros2_ws/build/arduino_comm_cpp': AMENT_PREFIX_PATH=/home/curro/ROAR/ros2_ws/install/roar_gokart_msgs:${AMENT_PREFIX_PATH} CMAKE_PREFIX_PATH=/home/curro/ROAR/ros2_ws/install/roar_gokart_msgs:/opt/ros/iron CONDA_PROMPT_MODIFIER=(base) LD_LIBRARY_PATH=/home/curro/ROAR/ros2_ws/install/roar_gokart_msgs/lib:${LD_LIBRARY_PATH} PYTHONPATH=/home/curro/ROAR/ros2_ws/install/roar_gokart_msgs/lib/python3.11/site-packages:${PYTHONPATH} /home/curro/anaconda3/bin/cmake --install /home/curro/ROAR/ros2_ws/build/arduino_comm_cpp
[2.088s] Level 1:colcon.colcon_core.environment:create_environment_scripts_only(arduino_comm_cpp)
[2.089s] DEBUG:colcon.colcon_core.event_handler.log_command:Invoked command in '/home/curro/ROAR/ros2_ws/build/arduino_comm_cpp' returned '0': AMENT_PREFIX_PATH=/home/curro/ROAR/ros2_ws/install/roar_gokart_msgs:${AMENT_PREFIX_PATH} CMAKE_PREFIX_PATH=/home/curro/ROAR/ros2_ws/install/roar_gokart_msgs:/opt/ros/iron CONDA_PROMPT_MODIFIER=(base) LD_LIBRARY_PATH=/home/curro/ROAR/ros2_ws/install/roar_gokart_msgs/lib:${LD_LIBRARY_PATH} PYTHONPATH=/home/curro/ROAR/ros2_ws/install/roar_gokart_msgs/lib/python3.11/site-packages:${PYTHONPATH} /home/curro/anaconda3/bin/cmake --install /home/curro/ROAR/ros2_ws/build/arduino_comm_cpp
[2.102s] Level 1:colcon.colcon_core.environment:checking '/home/curro/ROAR/ros2_ws/install/arduino_comm_cpp' for CMake module files
[2.102s] Level 1:colcon.colcon_core.environment:checking '/home/curro/ROAR/ros2_ws/install/arduino_comm_cpp' for CMake config files
[2.102s] Level 1:colcon.colcon_core.shell:create_environment_hook('arduino_comm_cpp', 'cmake_prefix_path')
[2.115s] INFO:colcon.colcon_core.shell:Creating environment hook '/home/curro/ROAR/ros2_ws/install/arduino_comm_cpp/share/arduino_comm_cpp/hook/cmake_prefix_path.ps1'
[2.116s] INFO:colcon.colcon_core.shell:Creating environment descriptor '/home/curro/ROAR/ros2_ws/install/arduino_comm_cpp/share/arduino_comm_cpp/hook/cmake_prefix_path.dsv'
[2.116s] INFO:colcon.colcon_core.shell:Creating environment hook '/home/curro/ROAR/ros2_ws/install/arduino_comm_cpp/share/arduino_comm_cpp/hook/cmake_prefix_path.sh'
[2.117s] Level 1:colcon.colcon_core.environment:checking '/home/curro/ROAR/ros2_ws/install/arduino_comm_cpp/lib'
[2.117s] Level 1:colcon.colcon_core.environment:checking '/home/curro/ROAR/ros2_ws/install/arduino_comm_cpp/bin'
[2.117s] Level 1:colcon.colcon_core.environment:checking '/home/curro/ROAR/ros2_ws/install/arduino_comm_cpp/lib/pkgconfig/arduino_comm_cpp.pc'
[2.117s] Level 1:colcon.colcon_core.environment:checking '/home/curro/ROAR/ros2_ws/install/arduino_comm_cpp/lib/python3.10/site-packages'
[2.117s] Level 1:colcon.colcon_core.environment:checking '/home/curro/ROAR/ros2_ws/install/arduino_comm_cpp/bin'
[2.130s] INFO:colcon.colcon_core.shell:Creating package script '/home/curro/ROAR/ros2_ws/install/arduino_comm_cpp/share/arduino_comm_cpp/package.ps1'
[2.131s] INFO:colcon.colcon_core.shell:Creating package descriptor '/home/curro/ROAR/ros2_ws/install/arduino_comm_cpp/share/arduino_comm_cpp/package.dsv'
[2.131s] INFO:colcon.colcon_core.shell:Creating package script '/home/curro/ROAR/ros2_ws/install/arduino_comm_cpp/share/arduino_comm_cpp/package.sh'
[2.131s] INFO:colcon.colcon_core.shell:Creating package script '/home/curro/ROAR/ros2_ws/install/arduino_comm_cpp/share/arduino_comm_cpp/package.bash'
[2.132s] INFO:colcon.colcon_core.shell:Creating package script '/home/curro/ROAR/ros2_ws/install/arduino_comm_cpp/share/arduino_comm_cpp/package.zsh'
[2.132s] Level 1:colcon.colcon_core.environment:create_file_with_runtime_dependencies(/home/curro/ROAR/ros2_ws/install/arduino_comm_cpp/share/colcon-core/packages/arduino_comm_cpp)
[2.200s] Level 1:colcon.colcon_core.environment:create_environment_scripts_only(arduino_comm_cpp)
[2.212s] Level 1:colcon.colcon_core.environment:checking '/home/curro/ROAR/ros2_ws/install/arduino_comm_cpp' for CMake module files
[2.212s] Level 1:colcon.colcon_core.environment:checking '/home/curro/ROAR/ros2_ws/install/arduino_comm_cpp' for CMake config files
[2.212s] Level 1:colcon.colcon_core.shell:create_environment_hook('arduino_comm_cpp', 'cmake_prefix_path')
[2.224s] INFO:colcon.colcon_core.shell:Creating environment hook '/home/curro/ROAR/ros2_ws/install/arduino_comm_cpp/share/arduino_comm_cpp/hook/cmake_prefix_path.ps1'
[2.225s] INFO:colcon.colcon_core.shell:Creating environment descriptor '/home/curro/ROAR/ros2_ws/install/arduino_comm_cpp/share/arduino_comm_cpp/hook/cmake_prefix_path.dsv'
[2.226s] INFO:colcon.colcon_core.shell:Creating environment hook '/home/curro/ROAR/ros2_ws/install/arduino_comm_cpp/share/arduino_comm_cpp/hook/cmake_prefix_path.sh'
[2.226s] Level 1:colcon.colcon_core.environment:checking '/home/curro/ROAR/ros2_ws/install/arduino_comm_cpp/lib'
[2.226s] Level 1:colcon.colcon_core.environment:checking '/home/curro/ROAR/ros2_ws/install/arduino_comm_cpp/bin'
[2.227s] Level 1:colcon.colcon_core.environment:checking '/home/curro/ROAR/ros2_ws/install/arduino_comm_cpp/lib/pkgconfig/arduino_comm_cpp.pc'
[2.227s] Level 1:colcon.colcon_core.environment:checking '/home/curro/ROAR/ros2_ws/install/arduino_comm_cpp/lib/python3.10/site-packages'
[2.227s] Level 1:colcon.colcon_core.environment:checking '/home/curro/ROAR/ros2_ws/install/arduino_comm_cpp/bin'
[2.240s] INFO:colcon.colcon_core.shell:Creating package script '/home/curro/ROAR/ros2_ws/install/arduino_comm_cpp/share/arduino_comm_cpp/package.ps1'
[2.241s] INFO:colcon.colcon_core.shell:Creating package descriptor '/home/curro/ROAR/ros2_ws/install/arduino_comm_cpp/share/arduino_comm_cpp/package.dsv'
[2.241s] INFO:colcon.colcon_core.shell:Creating package script '/home/curro/ROAR/ros2_ws/install/arduino_comm_cpp/share/arduino_comm_cpp/package.sh'
[2.242s] INFO:colcon.colcon_core.shell:Creating package script '/home/curro/ROAR/ros2_ws/install/arduino_comm_cpp/share/arduino_comm_cpp/package.bash'
[2.242s] INFO:colcon.colcon_core.shell:Creating package script '/home/curro/ROAR/ros2_ws/install/arduino_comm_cpp/share/arduino_comm_cpp/package.zsh'
[2.242s] Level 1:colcon.colcon_core.environment:create_file_with_runtime_dependencies(/home/curro/ROAR/ros2_ws/install/arduino_comm_cpp/share/colcon-core/packages/arduino_comm_cpp)
[2.243s] DEBUG:colcon.colcon_parallel_executor.executor.parallel:closing loop
[2.243s] DEBUG:colcon.colcon_parallel_executor.executor.parallel:loop closed
[2.243s] DEBUG:colcon.colcon_parallel_executor.executor.parallel:run_until_complete finished with '0'
[2.243s] DEBUG:colcon.colcon_core.event_reactor:joining thread
[2.264s] INFO:colcon.colcon_core.plugin_system:Skipping extension 'colcon_notification.desktop_notification.terminal_notifier': Not used on non-Darwin systems
[2.264s] INFO:colcon.colcon_core.plugin_system:Skipping extension 'colcon_notification.desktop_notification.win32': Not used on non-Windows systems
[2.264s] INFO:colcon.colcon_notification.desktop_notification:Sending desktop notification using 'notify2'
[2.279s] DEBUG:colcon.colcon_core.event_reactor:joined thread
[2.293s] INFO:colcon.colcon_core.shell:Creating prefix script '/home/curro/ROAR/ros2_ws/install/local_setup.ps1'
[2.294s] INFO:colcon.colcon_core.shell:Creating prefix util module '/home/curro/ROAR/ros2_ws/install/_local_setup_util_ps1.py'
[2.295s] INFO:colcon.colcon_core.shell:Creating prefix chain script '/home/curro/ROAR/ros2_ws/install/setup.ps1'
[2.309s] INFO:colcon.colcon_core.shell:Creating prefix script '/home/curro/ROAR/ros2_ws/install/local_setup.sh'
[2.310s] INFO:colcon.colcon_core.shell:Creating prefix util module '/home/curro/ROAR/ros2_ws/install/_local_setup_util_sh.py'
[2.310s] INFO:colcon.colcon_core.shell:Creating prefix chain script '/home/curro/ROAR/ros2_ws/install/setup.sh'
[2.324s] INFO:colcon.colcon_core.shell:Creating prefix script '/home/curro/ROAR/ros2_ws/install/local_setup.bash'
[2.324s] INFO:colcon.colcon_core.shell:Creating prefix chain script '/home/curro/ROAR/ros2_ws/install/setup.bash'
[2.338s] INFO:colcon.colcon_core.shell:Creating prefix script '/home/curro/ROAR/ros2_ws/install/local_setup.zsh'
[2.338s] INFO:colcon.colcon_core.shell:Creating prefix chain script '/home/curro/ROAR/ros2_ws/install/setup.zsh'
