-- Found ament_cmake: 2.0.3 (/opt/ros/iron/share/ament_cmake/cmake)
-- Found rclcpp: 21.0.3 (/opt/ros/iron/share/rclcpp/cmake)
-- Found rosidl_generator_c: 4.0.1 (/opt/ros/iron/share/rosidl_generator_c/cmake)
-- Found rosidl_generator_cpp: 4.0.1 (/opt/ros/iron/share/rosidl_generator_cpp/cmake)
-- Using all available rosidl_typesupport_c: rosidl_typesupport_fastrtps_c;rosidl_typesupport_introspection_c
-- Using all available rosidl_typesupport_cpp: rosidl_typesupport_fastrtps_cpp;rosidl_typesupport_introspection_cpp
-- Found rmw_implementation_cmake: 7.1.0 (/opt/ros/iron/share/rmw_implementation_cmake/cmake)
-- Found rmw_fastrtps_cpp: 7.1.1 (/opt/ros/iron/share/rmw_fastrtps_cpp/cmake)
-- Using RMW implementation 'rmw_fastrtps_cpp' as default
-- Found std_msgs: 5.0.0 (/opt/ros/iron/share/std_msgs/cmake)
-- Found roar_gokart_msgs: 0.0.0 (/home/curro/ROAR/ros2_ws/install/roar_gokart_msgs/share/roar_gokart_msgs/cmake)
-- Found ament_lint_auto: 0.14.2 (/opt/ros/iron/share/ament_lint_auto/cmake)
-- Added test 'cppcheck' to perform static code analysis on C / C++ code
-- Configured cppcheck include dirs: /home/curro/ROAR/ros2_ws/src/cpp_arduino_comm_usb/include;$<BUILD_INTERFACE:/home/curro/ROAR/ros2_ws/src/cpp_arduino_comm_usb/include>
-- Configured cppcheck exclude dirs and/or files: 
-- Added test 'lint_cmake' to check CMake code style
-- Added test 'uncrustify' to check C / C++ code style
-- Configured uncrustify additional arguments: 
-- Added test 'xmllint' to check XML markup files
-- Configuring done (1.0s)
-- Generating done (0.0s)
-- Build files have been written to: /home/curro/ROAR/ros2_ws/build/cpp_arduino_comm_usb
[ 50%] [32mBuilding CXX object CMakeFiles/arduino_communicator_node.dir/src/arduino_communicator_node.cpp.o[0m
[100%] [32m[1mLinking CXX executable arduino_communicator_node[0m
[100%] Built target arduino_communicator_node
-- Install configuration: ""
-- Installing: /home/curro/ROAR/ros2_ws/install/cpp_arduino_comm_usb/lib/cpp_arduino_comm_usb/arduino_communicator_node
-- Set runtime path of "/home/curro/ROAR/ros2_ws/install/cpp_arduino_comm_usb/lib/cpp_arduino_comm_usb/arduino_communicator_node" to ""
-- Up-to-date: /home/curro/ROAR/ros2_ws/install/cpp_arduino_comm_usb/share/ament_index/resource_index/package_run_dependencies/cpp_arduino_comm_usb
-- Installing: /home/curro/ROAR/ros2_ws/install/cpp_arduino_comm_usb/share/ament_index/resource_index/parent_prefix_path/cpp_arduino_comm_usb
-- Installing: /home/curro/ROAR/ros2_ws/install/cpp_arduino_comm_usb/share/cpp_arduino_comm_usb/environment/ament_prefix_path.sh
-- Up-to-date: /home/curro/ROAR/ros2_ws/install/cpp_arduino_comm_usb/share/cpp_arduino_comm_usb/environment/ament_prefix_path.dsv
-- Installing: /home/curro/ROAR/ros2_ws/install/cpp_arduino_comm_usb/share/cpp_arduino_comm_usb/environment/path.sh
-- Up-to-date: /home/curro/ROAR/ros2_ws/install/cpp_arduino_comm_usb/share/cpp_arduino_comm_usb/environment/path.dsv
-- Up-to-date: /home/curro/ROAR/ros2_ws/install/cpp_arduino_comm_usb/share/cpp_arduino_comm_usb/local_setup.bash
-- Up-to-date: /home/curro/ROAR/ros2_ws/install/cpp_arduino_comm_usb/share/cpp_arduino_comm_usb/local_setup.sh
-- Up-to-date: /home/curro/ROAR/ros2_ws/install/cpp_arduino_comm_usb/share/cpp_arduino_comm_usb/local_setup.zsh
-- Up-to-date: /home/curro/ROAR/ros2_ws/install/cpp_arduino_comm_usb/share/cpp_arduino_comm_usb/local_setup.dsv
-- Up-to-date: /home/curro/ROAR/ros2_ws/install/cpp_arduino_comm_usb/share/cpp_arduino_comm_usb/package.dsv
-- Up-to-date: /home/curro/ROAR/ros2_ws/install/cpp_arduino_comm_usb/share/ament_index/resource_index/packages/cpp_arduino_comm_usb
-- Up-to-date: /home/curro/ROAR/ros2_ws/install/cpp_arduino_comm_usb/share/cpp_arduino_comm_usb/cmake/cpp_arduino_comm_usbConfig.cmake
-- Up-to-date: /home/curro/ROAR/ros2_ws/install/cpp_arduino_comm_usb/share/cpp_arduino_comm_usb/cmake/cpp_arduino_comm_usbConfig-version.cmake
-- Up-to-date: /home/curro/ROAR/ros2_ws/install/cpp_arduino_comm_usb/share/cpp_arduino_comm_usb/package.xml
