[0.014s] Invoking command in '/home/curro/ROAR/ros2_ws/build/roar_gokart_msgs': CMAKE_PREFIX_PATH=/opt/ros/iron CONDA_PROMPT_MODIFIER=(base) /home/curro/anaconda3/bin/cmake --build /home/curro/ROAR/ros2_ws/build/roar_gokart_msgs -- -j8 -l8
[0.071s] -- Found ament_cmake: 2.0.3 (/opt/ros/iron/share/ament_cmake/cmake)
[0.364s] -- Found std_msgs: 5.0.0 (/opt/ros/iron/share/std_msgs/cmake)
[0.421s] -- Found rosidl_generator_c: 4.0.1 (/opt/ros/iron/share/rosidl_generator_c/cmake)
[0.431s] -- Found rosidl_generator_cpp: 4.0.1 (/opt/ros/iron/share/rosidl_generator_cpp/cmake)
[0.445s] -- Using all available rosidl_typesupport_c: rosidl_typesupport_fastrtps_c;rosidl_typesupport_introspection_c
[0.462s] -- Using all available rosidl_typesupport_cpp: rosidl_typesupport_fastrtps_cpp;rosidl_typesupport_introspection_cpp
[0.520s] -- Found rosidl_default_generators: 1.5.0 (/opt/ros/iron/share/rosidl_default_generators/cmake)
[0.528s] -- Found rosidl_adapter: 4.0.1 (/opt/ros/iron/share/rosidl_adapter/cmake)
[1.263s] -- Found ament_cmake_ros: 0.11.2 (/opt/ros/iron/share/ament_cmake_ros/cmake)
[2.342s] -- Using all available rosidl_typesupport_c: rosidl_typesupport_fastrtps_c;rosidl_typesupport_introspection_c
[2.729s] -- Using all available rosidl_typesupport_cpp: rosidl_typesupport_fastrtps_cpp;rosidl_typesupport_introspection_cpp
[2.733s] [33mCMake Warning (dev) at /opt/ros/iron/share/rosidl_generator_py/cmake/rosidl_generator_py_generate_interfaces.cmake:20 (find_package):
[2.734s]   Policy CMP0148 is not set: The FindPythonInterp and FindPythonLibs modules
[2.734s]   are removed.  Run "cmake --help-policy CMP0148" for policy details.  Use
[2.734s]   the cmake_policy command to set the policy and suppress this warning.
[2.734s] 
[2.734s] Call Stack (most recent call first):
[2.734s]   /opt/ros/iron/share/ament_cmake_core/cmake/core/ament_execute_extensions.cmake:48 (include)
[2.735s]   /opt/ros/iron/share/rosidl_cmake/cmake/rosidl_generate_interfaces.cmake:316 (ament_execute_extensions)
[2.735s]   CMakeLists.txt:9 (rosidl_generate_interfaces)
[2.735s] This warning is for project developers.  Use -Wno-dev to suppress it.
[2.735s] [0m
[2.751s] -- Found python_cmake_module: 0.10.2 (/opt/ros/iron/share/python_cmake_module/cmake)
[2.752s] [33mCMake Warning (dev) at /opt/ros/iron/share/python_cmake_module/cmake/Modules/FindPythonExtra.cmake:52 (find_package):
[2.752s]   Policy CMP0148 is not set: The FindPythonInterp and FindPythonLibs modules
[2.752s]   are removed.  Run "cmake --help-policy CMP0148" for policy details.  Use
[2.752s]   the cmake_policy command to set the policy and suppress this warning.
[2.752s] 
[2.752s] Call Stack (most recent call first):
[2.753s]   /opt/ros/iron/share/rosidl_generator_py/cmake/rosidl_generator_py_generate_interfaces.cmake:23 (find_package)
[2.753s]   /opt/ros/iron/share/ament_cmake_core/cmake/core/ament_execute_extensions.cmake:48 (include)
[2.753s]   /opt/ros/iron/share/rosidl_cmake/cmake/rosidl_generate_interfaces.cmake:316 (ament_execute_extensions)
[2.753s]   CMakeLists.txt:9 (rosidl_generate_interfaces)
[2.753s] This warning is for project developers.  Use -Wno-dev to suppress it.
[2.753s] [0m
[2.767s] [33mCMake Warning (dev) at /opt/ros/iron/share/python_cmake_module/cmake/Modules/FindPythonExtra.cmake:140 (find_package):
[2.767s]   Policy CMP0148 is not set: The FindPythonInterp and FindPythonLibs modules
[2.768s]   are removed.  Run "cmake --help-policy CMP0148" for policy details.  Use
[2.768s]   the cmake_policy command to set the policy and suppress this warning.
[2.768s] 
[2.768s] Call Stack (most recent call first):
[2.768s]   /opt/ros/iron/share/rosidl_generator_py/cmake/rosidl_generator_py_generate_interfaces.cmake:23 (find_package)
[2.768s]   /opt/ros/iron/share/ament_cmake_core/cmake/core/ament_execute_extensions.cmake:48 (include)
[2.768s]   /opt/ros/iron/share/rosidl_cmake/cmake/rosidl_generate_interfaces.cmake:316 (ament_execute_extensions)
[2.769s]   CMakeLists.txt:9 (rosidl_generate_interfaces)
[2.769s] This warning is for project developers.  Use -Wno-dev to suppress it.
[2.769s] [0m
[2.769s] -- Using PYTHON_EXECUTABLE: /home/curro/anaconda3/bin/python3
[2.769s] -- Using PYTHON_INCLUDE_DIRS: /home/curro/anaconda3/include/python3.11
[2.770s] -- Using PYTHON_LIBRARIES: /home/curro/anaconda3/lib/libpython3.11.so
[2.904s] -- Using numpy include directory: /home/curro/anaconda3/lib/python3.11/site-packages/numpy/core/include
[2.938s] -- Configuring done (2.9s)
[3.002s] -- Generating done (0.0s)
[3.004s] -- Build files have been written to: /home/curro/ROAR/ros2_ws/build/roar_gokart_msgs
[3.024s] [  1%] Built target roar_gokart_msgs__rosidl_generator_type_description
[3.029s] [  1%] Built target ament_cmake_python_copy_roar_gokart_msgs
[3.037s] [  3%] Built target roar_gokart_msgs__cpp
[3.047s] [  5%] [32mBuilding C object CMakeFiles/roar_gokart_msgs__rosidl_generator_c.dir/rosidl_generator_c/roar_gokart_msgs/msg/detail/ego_vehicle_control__description.c.o[0m
[3.048s] [  7%] [32mBuilding C object CMakeFiles/roar_gokart_msgs__rosidl_generator_c.dir/rosidl_generator_c/roar_gokart_msgs/msg/detail/vehicle_status__description.c.o[0m
[3.048s] [  9%] [32mBuilding C object CMakeFiles/roar_gokart_msgs__rosidl_generator_c.dir/rosidl_generator_c/roar_gokart_msgs/msg/detail/ego_vehicle_control__functions.c.o[0m
[3.048s] [ 14%] [32mBuilding C object CMakeFiles/roar_gokart_msgs__rosidl_generator_c.dir/rosidl_generator_c/roar_gokart_msgs/msg/detail/vehicle_status__functions.c.o[0m
[3.048s] [ 14%] [32mBuilding C object CMakeFiles/roar_gokart_msgs__rosidl_generator_c.dir/rosidl_generator_c/roar_gokart_msgs/msg/detail/ego_vehicle_control__type_support.c.o[0m
[3.049s] [ 14%] [32mBuilding C object CMakeFiles/roar_gokart_msgs__rosidl_generator_c.dir/rosidl_generator_c/roar_gokart_msgs/msg/detail/vehicle_status__type_support.c.o[0m
[3.051s] [ 16%] [32mBuilding C object CMakeFiles/roar_gokart_msgs__rosidl_generator_c.dir/rosidl_generator_c/roar_gokart_msgs/msg/detail/actuation__description.c.o[0m
[3.074s] [ 18%] [32mBuilding C object CMakeFiles/roar_gokart_msgs__rosidl_generator_c.dir/rosidl_generator_c/roar_gokart_msgs/msg/detail/actuation__functions.c.o[0m
[3.083s] [ 20%] [32mBuilding C object CMakeFiles/roar_gokart_msgs__rosidl_generator_c.dir/rosidl_generator_c/roar_gokart_msgs/msg/detail/actuation__type_support.c.o[0m
[3.112s] [ 22%] [32m[1mLinking C shared library libroar_gokart_msgs__rosidl_generator_c.so[0m
[3.140s] [ 24%] Built target roar_gokart_msgs__rosidl_generator_c
[3.152s] [ 29%] [32mBuilding CXX object CMakeFiles/roar_gokart_msgs__rosidl_typesupport_c.dir/rosidl_typesupport_c/roar_gokart_msgs/msg/ego_vehicle_control__type_support.cpp.o[0m
[3.152s] [ 29%] [32mBuilding CXX object CMakeFiles/roar_gokart_msgs__rosidl_typesupport_c.dir/rosidl_typesupport_c/roar_gokart_msgs/msg/vehicle_status__type_support.cpp.o[0m
[3.152s] [ 29%] [32mBuilding C object CMakeFiles/roar_gokart_msgs__rosidl_typesupport_introspection_c.dir/rosidl_typesupport_introspection_c/roar_gokart_msgs/msg/detail/ego_vehicle_control__type_support.c.o[0m
[3.156s] [ 33%] [32mBuilding CXX object CMakeFiles/roar_gokart_msgs__rosidl_typesupport_fastrtps_c.dir/rosidl_typesupport_fastrtps_c/roar_gokart_msgs/msg/detail/ego_vehicle_control__type_support_c.cpp.o[0m
[3.156s] [ 33%] [32mBuilding CXX object CMakeFiles/roar_gokart_msgs__rosidl_typesupport_cpp.dir/rosidl_typesupport_cpp/roar_gokart_msgs/msg/ego_vehicle_control__type_support.cpp.o[0m
[3.161s] [ 35%] [32mBuilding CXX object CMakeFiles/roar_gokart_msgs__rosidl_typesupport_introspection_cpp.dir/rosidl_typesupport_introspection_cpp/roar_gokart_msgs/msg/detail/ego_vehicle_control__type_support.cpp.o[0m
[3.170s] [ 37%] [32mBuilding CXX object CMakeFiles/roar_gokart_msgs__rosidl_typesupport_fastrtps_cpp.dir/rosidl_typesupport_fastrtps_cpp/roar_gokart_msgs/msg/detail/dds_fastrtps/ego_vehicle_control__type_support.cpp.o[0m
[3.184s] [ 38%] [32mBuilding C object CMakeFiles/roar_gokart_msgs__rosidl_typesupport_introspection_c.dir/rosidl_typesupport_introspection_c/roar_gokart_msgs/msg/detail/vehicle_status__type_support.c.o[0m
[3.185s] [ 40%] [32mBuilding CXX object CMakeFiles/roar_gokart_msgs__rosidl_typesupport_c.dir/rosidl_typesupport_c/roar_gokart_msgs/msg/actuation__type_support.cpp.o[0m
[3.210s] [ 42%] [32mBuilding CXX object CMakeFiles/roar_gokart_msgs__rosidl_typesupport_introspection_cpp.dir/rosidl_typesupport_introspection_cpp/roar_gokart_msgs/msg/detail/vehicle_status__type_support.cpp.o[0m
[3.218s] [ 44%] [32m[1mLinking CXX shared library libroar_gokart_msgs__rosidl_typesupport_c.so[0m
[3.229s] [ 46%] [32mBuilding C object CMakeFiles/roar_gokart_msgs__rosidl_typesupport_introspection_c.dir/rosidl_typesupport_introspection_c/roar_gokart_msgs/msg/detail/actuation__type_support.c.o[0m
[3.282s] [ 48%] Built target roar_gokart_msgs__rosidl_typesupport_c
[3.290s] [ 50%] [32m[1mLinking C shared library libroar_gokart_msgs__rosidl_typesupport_introspection_c.so[0m
[3.299s] [ 51%] [32mBuilding CXX object CMakeFiles/roar_gokart_msgs__rosidl_typesupport_fastrtps_cpp.dir/rosidl_typesupport_fastrtps_cpp/roar_gokart_msgs/msg/detail/dds_fastrtps/vehicle_status__type_support.cpp.o[0m
[3.307s] running egg_info
[3.308s] writing roar_gokart_msgs.egg-info/PKG-INFO
[3.308s] writing dependency_links to roar_gokart_msgs.egg-info/dependency_links.txt
[3.308s] writing top-level names to roar_gokart_msgs.egg-info/top_level.txt
[3.325s] reading manifest file 'roar_gokart_msgs.egg-info/SOURCES.txt'
[3.325s] writing manifest file 'roar_gokart_msgs.egg-info/SOURCES.txt'
[3.370s] [ 53%] Built target roar_gokart_msgs__rosidl_typesupport_introspection_c
[3.374s] [ 53%] Built target ament_cmake_python_build_roar_gokart_msgs_egg
[3.398s] [ 55%] [32mBuilding CXX object CMakeFiles/roar_gokart_msgs__rosidl_typesupport_fastrtps_c.dir/rosidl_typesupport_fastrtps_c/roar_gokart_msgs/msg/detail/vehicle_status__type_support_c.cpp.o[0m
[3.402s] [ 57%] [32mBuilding CXX object CMakeFiles/roar_gokart_msgs__rosidl_typesupport_introspection_cpp.dir/rosidl_typesupport_introspection_cpp/roar_gokart_msgs/msg/detail/actuation__type_support.cpp.o[0m
[3.536s] [ 59%] [32mBuilding CXX object CMakeFiles/roar_gokart_msgs__rosidl_typesupport_fastrtps_c.dir/rosidl_typesupport_fastrtps_c/roar_gokart_msgs/msg/detail/actuation__type_support_c.cpp.o[0m
[3.590s] [ 61%] [32mBuilding CXX object CMakeFiles/roar_gokart_msgs__rosidl_typesupport_cpp.dir/rosidl_typesupport_cpp/roar_gokart_msgs/msg/vehicle_status__type_support.cpp.o[0m
[3.727s] [ 62%] [32mBuilding CXX object CMakeFiles/roar_gokart_msgs__rosidl_typesupport_cpp.dir/rosidl_typesupport_cpp/roar_gokart_msgs/msg/actuation__type_support.cpp.o[0m
[3.742s] [ 64%] [32mBuilding CXX object CMakeFiles/roar_gokart_msgs__rosidl_typesupport_fastrtps_cpp.dir/rosidl_typesupport_fastrtps_cpp/roar_gokart_msgs/msg/detail/dds_fastrtps/actuation__type_support.cpp.o[0m
[3.862s] [ 66%] [32m[1mLinking CXX shared library libroar_gokart_msgs__rosidl_typesupport_fastrtps_c.so[0m
[3.873s] [ 68%] [32m[1mLinking CXX shared library libroar_gokart_msgs__rosidl_typesupport_introspection_cpp.so[0m
[3.959s] [ 70%] Built target roar_gokart_msgs__rosidl_typesupport_introspection_cpp
[3.973s] [ 72%] Built target roar_gokart_msgs__rosidl_typesupport_fastrtps_c
[4.121s] [ 74%] [32m[1mLinking CXX shared library libroar_gokart_msgs__rosidl_typesupport_cpp.so[0m
[4.163s] [ 75%] Built target roar_gokart_msgs__rosidl_typesupport_cpp
[4.200s] [ 77%] [32m[1mLinking CXX shared library libroar_gokart_msgs__rosidl_typesupport_fastrtps_cpp.so[0m
[4.278s] [ 79%] Built target roar_gokart_msgs__rosidl_typesupport_fastrtps_cpp
[4.289s] [ 79%] Built target roar_gokart_msgs
[4.300s] [ 81%] Built target roar_gokart_msgs__py
[4.315s] [ 83%] [32mBuilding C object CMakeFiles/roar_gokart_msgs__rosidl_generator_py.dir/rosidl_generator_py/roar_gokart_msgs/msg/_ego_vehicle_control_s.c.o[0m
[4.316s] [ 85%] [32mBuilding C object CMakeFiles/roar_gokart_msgs__rosidl_generator_py.dir/rosidl_generator_py/roar_gokart_msgs/msg/_vehicle_status_s.c.o[0m
[4.316s] [ 87%] [32mBuilding C object CMakeFiles/roar_gokart_msgs__rosidl_generator_py.dir/rosidl_generator_py/roar_gokart_msgs/msg/_actuation_s.c.o[0m
[4.425s] [ 88%] [32m[1mLinking C shared library rosidl_generator_py/roar_gokart_msgs/libroar_gokart_msgs__rosidl_generator_py.so[0m
[4.460s] [ 88%] Built target roar_gokart_msgs__rosidl_generator_py
[4.471s] [ 92%] [32mBuilding C object CMakeFiles/roar_gokart_msgs__rosidl_typesupport_fastrtps_c__pyext.dir/rosidl_generator_py/roar_gokart_msgs/_roar_gokart_msgs_s.ep.rosidl_typesupport_fastrtps_c.c.o[0m
[4.472s] [ 92%] [32mBuilding C object CMakeFiles/roar_gokart_msgs__rosidl_typesupport_introspection_c__pyext.dir/rosidl_generator_py/roar_gokart_msgs/_roar_gokart_msgs_s.ep.rosidl_typesupport_introspection_c.c.o[0m
[4.480s] [ 94%] [32mBuilding C object CMakeFiles/roar_gokart_msgs__rosidl_typesupport_c__pyext.dir/rosidl_generator_py/roar_gokart_msgs/_roar_gokart_msgs_s.ep.rosidl_typesupport_c.c.o[0m
[4.556s] [ 96%] [32m[1mLinking C shared library rosidl_generator_py/roar_gokart_msgs/roar_gokart_msgs_s__rosidl_typesupport_introspection_c.cpython-311-x86_64-linux-gnu.so[0m
[4.558s] [ 98%] [32m[1mLinking C shared library rosidl_generator_py/roar_gokart_msgs/roar_gokart_msgs_s__rosidl_typesupport_fastrtps_c.cpython-311-x86_64-linux-gnu.so[0m
[4.581s] [ 98%] Built target roar_gokart_msgs__rosidl_typesupport_introspection_c__pyext
[4.582s] [ 98%] Built target roar_gokart_msgs__rosidl_typesupport_fastrtps_c__pyext
[4.597s] [100%] [32m[1mLinking C shared library rosidl_generator_py/roar_gokart_msgs/roar_gokart_msgs_s__rosidl_typesupport_c.cpython-311-x86_64-linux-gnu.so[0m
[4.621s] [100%] Built target roar_gokart_msgs__rosidl_typesupport_c__pyext
[4.631s] Invoked command in '/home/curro/ROAR/ros2_ws/build/roar_gokart_msgs' returned '0': CMAKE_PREFIX_PATH=/opt/ros/iron CONDA_PROMPT_MODIFIER=(base) /home/curro/anaconda3/bin/cmake --build /home/curro/ROAR/ros2_ws/build/roar_gokart_msgs -- -j8 -l8
[4.789s] Invoking command in '/home/curro/ROAR/ros2_ws/build/roar_gokart_msgs': CMAKE_PREFIX_PATH=/opt/ros/iron CONDA_PROMPT_MODIFIER=(base) /home/curro/anaconda3/bin/cmake --install /home/curro/ROAR/ros2_ws/build/roar_gokart_msgs
[4.811s] -- Install configuration: ""
[4.811s] -- Up-to-date: /home/curro/ROAR/ros2_ws/install/roar_gokart_msgs/share/ament_index/resource_index/rosidl_interfaces/roar_gokart_msgs
[4.811s] -- Up-to-date: /home/curro/ROAR/ros2_ws/install/roar_gokart_msgs/share/roar_gokart_msgs/msg/EgoVehicleControl.json
[4.811s] -- Up-to-date: /home/curro/ROAR/ros2_ws/install/roar_gokart_msgs/share/roar_gokart_msgs/msg/VehicleStatus.json
[4.811s] -- Up-to-date: /home/curro/ROAR/ros2_ws/install/roar_gokart_msgs/share/roar_gokart_msgs/msg/Actuation.json
[4.812s] -- Up-to-date: /home/curro/ROAR/ros2_ws/install/roar_gokart_msgs/include/roar_gokart_msgs/roar_gokart_msgs
[4.812s] -- Up-to-date: /home/curro/ROAR/ros2_ws/install/roar_gokart_msgs/include/roar_gokart_msgs/roar_gokart_msgs/msg
[4.812s] -- Up-to-date: /home/curro/ROAR/ros2_ws/install/roar_gokart_msgs/include/roar_gokart_msgs/roar_gokart_msgs/msg/ego_vehicle_control.h
[4.812s] -- Installing: /home/curro/ROAR/ros2_ws/install/roar_gokart_msgs/include/roar_gokart_msgs/roar_gokart_msgs/msg/actuation.h
[4.812s] -- Up-to-date: /home/curro/ROAR/ros2_ws/install/roar_gokart_msgs/include/roar_gokart_msgs/roar_gokart_msgs/msg/vehicle_status.h
[4.812s] -- Up-to-date: /home/curro/ROAR/ros2_ws/install/roar_gokart_msgs/include/roar_gokart_msgs/roar_gokart_msgs/msg/detail
[4.813s] -- Up-to-date: /home/curro/ROAR/ros2_ws/install/roar_gokart_msgs/include/roar_gokart_msgs/roar_gokart_msgs/msg/detail/ego_vehicle_control__struct.h
[4.813s] -- Up-to-date: /home/curro/ROAR/ros2_ws/install/roar_gokart_msgs/include/roar_gokart_msgs/roar_gokart_msgs/msg/detail/vehicle_status__type_support.h
[4.813s] -- Up-to-date: /home/curro/ROAR/ros2_ws/install/roar_gokart_msgs/include/roar_gokart_msgs/roar_gokart_msgs/msg/detail/vehicle_status__functions.c
[4.813s] -- Up-to-date: /home/curro/ROAR/ros2_ws/install/roar_gokart_msgs/include/roar_gokart_msgs/roar_gokart_msgs/msg/detail/ego_vehicle_control__functions.c
[4.813s] -- Up-to-date: /home/curro/ROAR/ros2_ws/install/roar_gokart_msgs/include/roar_gokart_msgs/roar_gokart_msgs/msg/detail/vehicle_status__type_support.c
[4.813s] -- Up-to-date: /home/curro/ROAR/ros2_ws/install/roar_gokart_msgs/include/roar_gokart_msgs/roar_gokart_msgs/msg/detail/vehicle_status__description.c
[4.813s] -- Up-to-date: /home/curro/ROAR/ros2_ws/install/roar_gokart_msgs/include/roar_gokart_msgs/roar_gokart_msgs/msg/detail/ego_vehicle_control__functions.h
[4.814s] -- Up-to-date: /home/curro/ROAR/ros2_ws/install/roar_gokart_msgs/include/roar_gokart_msgs/roar_gokart_msgs/msg/detail/ego_vehicle_control__description.c
[4.814s] -- Up-to-date: /home/curro/ROAR/ros2_ws/install/roar_gokart_msgs/include/roar_gokart_msgs/roar_gokart_msgs/msg/detail/vehicle_status__struct.h
[4.814s] -- Installing: /home/curro/ROAR/ros2_ws/install/roar_gokart_msgs/include/roar_gokart_msgs/roar_gokart_msgs/msg/detail/actuation__description.c
[4.814s] -- Up-to-date: /home/curro/ROAR/ros2_ws/install/roar_gokart_msgs/include/roar_gokart_msgs/roar_gokart_msgs/msg/detail/actuation__type_support.c
[4.814s] -- Up-to-date: /home/curro/ROAR/ros2_ws/install/roar_gokart_msgs/include/roar_gokart_msgs/roar_gokart_msgs/msg/detail/ego_vehicle_control__type_support.c
[4.814s] -- Up-to-date: /home/curro/ROAR/ros2_ws/install/roar_gokart_msgs/include/roar_gokart_msgs/roar_gokart_msgs/msg/detail/actuation__functions.c
[4.814s] -- Up-to-date: /home/curro/ROAR/ros2_ws/install/roar_gokart_msgs/include/roar_gokart_msgs/roar_gokart_msgs/msg/detail/vehicle_status__functions.h
[4.814s] -- Up-to-date: /home/curro/ROAR/ros2_ws/install/roar_gokart_msgs/include/roar_gokart_msgs/roar_gokart_msgs/msg/detail/actuation__type_support.h
[4.814s] -- Up-to-date: /home/curro/ROAR/ros2_ws/install/roar_gokart_msgs/include/roar_gokart_msgs/roar_gokart_msgs/msg/detail/actuation__struct.h
[4.815s] -- Up-to-date: /home/curro/ROAR/ros2_ws/install/roar_gokart_msgs/include/roar_gokart_msgs/roar_gokart_msgs/msg/detail/actuation__functions.h
[4.815s] -- Up-to-date: /home/curro/ROAR/ros2_ws/install/roar_gokart_msgs/include/roar_gokart_msgs/roar_gokart_msgs/msg/detail/ego_vehicle_control__type_support.h
[4.815s] -- Up-to-date: /home/curro/ROAR/ros2_ws/install/roar_gokart_msgs/include/roar_gokart_msgs/roar_gokart_msgs/msg/rosidl_generator_c__visibility_control.h
[4.815s] -- Installing: /home/curro/ROAR/ros2_ws/install/roar_gokart_msgs/share/roar_gokart_msgs/environment/library_path.sh
[4.815s] -- Up-to-date: /home/curro/ROAR/ros2_ws/install/roar_gokart_msgs/share/roar_gokart_msgs/environment/library_path.dsv
[4.815s] -- Installing: /home/curro/ROAR/ros2_ws/install/roar_gokart_msgs/lib/libroar_gokart_msgs__rosidl_generator_c.so
[4.815s] -- Set runtime path of "/home/curro/ROAR/ros2_ws/install/roar_gokart_msgs/lib/libroar_gokart_msgs__rosidl_generator_c.so" to ""
[4.815s] -- Up-to-date: /home/curro/ROAR/ros2_ws/install/roar_gokart_msgs/include/roar_gokart_msgs/roar_gokart_msgs
[4.815s] -- Up-to-date: /home/curro/ROAR/ros2_ws/install/roar_gokart_msgs/include/roar_gokart_msgs/roar_gokart_msgs/msg
[4.816s] -- Up-to-date: /home/curro/ROAR/ros2_ws/install/roar_gokart_msgs/include/roar_gokart_msgs/roar_gokart_msgs/msg/detail
[4.816s] -- Up-to-date: /home/curro/ROAR/ros2_ws/install/roar_gokart_msgs/include/roar_gokart_msgs/roar_gokart_msgs/msg/detail/vehicle_status__rosidl_typesupport_fastrtps_c.h
[4.816s] -- Up-to-date: /home/curro/ROAR/ros2_ws/install/roar_gokart_msgs/include/roar_gokart_msgs/roar_gokart_msgs/msg/detail/ego_vehicle_control__rosidl_typesupport_fastrtps_c.h
[4.816s] -- Up-to-date: /home/curro/ROAR/ros2_ws/install/roar_gokart_msgs/include/roar_gokart_msgs/roar_gokart_msgs/msg/detail/actuation__rosidl_typesupport_fastrtps_c.h
[4.816s] -- Up-to-date: /home/curro/ROAR/ros2_ws/install/roar_gokart_msgs/include/roar_gokart_msgs/roar_gokart_msgs/msg/rosidl_typesupport_fastrtps_c__visibility_control.h
[4.816s] -- Installing: /home/curro/ROAR/ros2_ws/install/roar_gokart_msgs/lib/libroar_gokart_msgs__rosidl_typesupport_fastrtps_c.so
[4.816s] -- Set runtime path of "/home/curro/ROAR/ros2_ws/install/roar_gokart_msgs/lib/libroar_gokart_msgs__rosidl_typesupport_fastrtps_c.so" to ""
[4.816s] -- Up-to-date: /home/curro/ROAR/ros2_ws/install/roar_gokart_msgs/include/roar_gokart_msgs/roar_gokart_msgs
[4.817s] -- Up-to-date: /home/curro/ROAR/ros2_ws/install/roar_gokart_msgs/include/roar_gokart_msgs/roar_gokart_msgs/msg
[4.817s] -- Up-to-date: /home/curro/ROAR/ros2_ws/install/roar_gokart_msgs/include/roar_gokart_msgs/roar_gokart_msgs/msg/vehicle_status.hpp
[4.817s] -- Up-to-date: /home/curro/ROAR/ros2_ws/install/roar_gokart_msgs/include/roar_gokart_msgs/roar_gokart_msgs/msg/detail
[4.817s] -- Up-to-date: /home/curro/ROAR/ros2_ws/install/roar_gokart_msgs/include/roar_gokart_msgs/roar_gokart_msgs/msg/detail/actuation__traits.hpp
[4.817s] -- Up-to-date: /home/curro/ROAR/ros2_ws/install/roar_gokart_msgs/include/roar_gokart_msgs/roar_gokart_msgs/msg/detail/actuation__struct.hpp
[4.817s] -- Up-to-date: /home/curro/ROAR/ros2_ws/install/roar_gokart_msgs/include/roar_gokart_msgs/roar_gokart_msgs/msg/detail/vehicle_status__struct.hpp
[4.817s] -- Up-to-date: /home/curro/ROAR/ros2_ws/install/roar_gokart_msgs/include/roar_gokart_msgs/roar_gokart_msgs/msg/detail/vehicle_status__traits.hpp
[4.818s] -- Up-to-date: /home/curro/ROAR/ros2_ws/install/roar_gokart_msgs/include/roar_gokart_msgs/roar_gokart_msgs/msg/detail/actuation__builder.hpp
[4.818s] -- Up-to-date: /home/curro/ROAR/ros2_ws/install/roar_gokart_msgs/include/roar_gokart_msgs/roar_gokart_msgs/msg/detail/ego_vehicle_control__builder.hpp
[4.818s] -- Up-to-date: /home/curro/ROAR/ros2_ws/install/roar_gokart_msgs/include/roar_gokart_msgs/roar_gokart_msgs/msg/detail/vehicle_status__builder.hpp
[4.818s] -- Up-to-date: /home/curro/ROAR/ros2_ws/install/roar_gokart_msgs/include/roar_gokart_msgs/roar_gokart_msgs/msg/detail/ego_vehicle_control__traits.hpp
[4.819s] -- Up-to-date: /home/curro/ROAR/ros2_ws/install/roar_gokart_msgs/include/roar_gokart_msgs/roar_gokart_msgs/msg/detail/ego_vehicle_control__struct.hpp
[4.819s] -- Up-to-date: /home/curro/ROAR/ros2_ws/install/roar_gokart_msgs/include/roar_gokart_msgs/roar_gokart_msgs/msg/ego_vehicle_control.hpp
[4.819s] -- Up-to-date: /home/curro/ROAR/ros2_ws/install/roar_gokart_msgs/include/roar_gokart_msgs/roar_gokart_msgs/msg/actuation.hpp
[4.819s] -- Up-to-date: /home/curro/ROAR/ros2_ws/install/roar_gokart_msgs/include/roar_gokart_msgs/roar_gokart_msgs
[4.819s] -- Up-to-date: /home/curro/ROAR/ros2_ws/install/roar_gokart_msgs/include/roar_gokart_msgs/roar_gokart_msgs/msg
[4.819s] -- Up-to-date: /home/curro/ROAR/ros2_ws/install/roar_gokart_msgs/include/roar_gokart_msgs/roar_gokart_msgs/msg/rosidl_typesupport_fastrtps_cpp__visibility_control.h
[4.819s] -- Up-to-date: /home/curro/ROAR/ros2_ws/install/roar_gokart_msgs/include/roar_gokart_msgs/roar_gokart_msgs/msg/detail
[4.819s] -- Up-to-date: /home/curro/ROAR/ros2_ws/install/roar_gokart_msgs/include/roar_gokart_msgs/roar_gokart_msgs/msg/detail/actuation__rosidl_typesupport_fastrtps_cpp.hpp
[4.819s] -- Up-to-date: /home/curro/ROAR/ros2_ws/install/roar_gokart_msgs/include/roar_gokart_msgs/roar_gokart_msgs/msg/detail/vehicle_status__rosidl_typesupport_fastrtps_cpp.hpp
[4.820s] -- Installing: /home/curro/ROAR/ros2_ws/install/roar_gokart_msgs/include/roar_gokart_msgs/roar_gokart_msgs/msg/detail/dds_fastrtps
[4.820s] -- Up-to-date: /home/curro/ROAR/ros2_ws/install/roar_gokart_msgs/include/roar_gokart_msgs/roar_gokart_msgs/msg/detail/ego_vehicle_control__rosidl_typesupport_fastrtps_cpp.hpp
[4.820s] -- Installing: /home/curro/ROAR/ros2_ws/install/roar_gokart_msgs/lib/libroar_gokart_msgs__rosidl_typesupport_fastrtps_cpp.so
[4.820s] -- Set runtime path of "/home/curro/ROAR/ros2_ws/install/roar_gokart_msgs/lib/libroar_gokart_msgs__rosidl_typesupport_fastrtps_cpp.so" to ""
[4.820s] -- Up-to-date: /home/curro/ROAR/ros2_ws/install/roar_gokart_msgs/include/roar_gokart_msgs/roar_gokart_msgs
[4.820s] -- Up-to-date: /home/curro/ROAR/ros2_ws/install/roar_gokart_msgs/include/roar_gokart_msgs/roar_gokart_msgs/msg
[4.820s] -- Up-to-date: /home/curro/ROAR/ros2_ws/install/roar_gokart_msgs/include/roar_gokart_msgs/roar_gokart_msgs/msg/rosidl_typesupport_introspection_c__visibility_control.h
[4.820s] -- Up-to-date: /home/curro/ROAR/ros2_ws/install/roar_gokart_msgs/include/roar_gokart_msgs/roar_gokart_msgs/msg/detail
[4.820s] -- Up-to-date: /home/curro/ROAR/ros2_ws/install/roar_gokart_msgs/include/roar_gokart_msgs/roar_gokart_msgs/msg/detail/vehicle_status__type_support.c
[4.820s] -- Up-to-date: /home/curro/ROAR/ros2_ws/install/roar_gokart_msgs/include/roar_gokart_msgs/roar_gokart_msgs/msg/detail/actuation__type_support.c
[4.821s] -- Up-to-date: /home/curro/ROAR/ros2_ws/install/roar_gokart_msgs/include/roar_gokart_msgs/roar_gokart_msgs/msg/detail/vehicle_status__rosidl_typesupport_introspection_c.h
[4.821s] -- Up-to-date: /home/curro/ROAR/ros2_ws/install/roar_gokart_msgs/include/roar_gokart_msgs/roar_gokart_msgs/msg/detail/ego_vehicle_control__type_support.c
[4.821s] -- Up-to-date: /home/curro/ROAR/ros2_ws/install/roar_gokart_msgs/include/roar_gokart_msgs/roar_gokart_msgs/msg/detail/actuation__rosidl_typesupport_introspection_c.h
[4.821s] -- Up-to-date: /home/curro/ROAR/ros2_ws/install/roar_gokart_msgs/include/roar_gokart_msgs/roar_gokart_msgs/msg/detail/ego_vehicle_control__rosidl_typesupport_introspection_c.h
[4.821s] -- Installing: /home/curro/ROAR/ros2_ws/install/roar_gokart_msgs/lib/libroar_gokart_msgs__rosidl_typesupport_introspection_c.so
[4.821s] -- Set runtime path of "/home/curro/ROAR/ros2_ws/install/roar_gokart_msgs/lib/libroar_gokart_msgs__rosidl_typesupport_introspection_c.so" to ""
[4.821s] -- Installing: /home/curro/ROAR/ros2_ws/install/roar_gokart_msgs/lib/libroar_gokart_msgs__rosidl_typesupport_c.so
[4.821s] -- Set runtime path of "/home/curro/ROAR/ros2_ws/install/roar_gokart_msgs/lib/libroar_gokart_msgs__rosidl_typesupport_c.so" to ""
[4.821s] -- Up-to-date: /home/curro/ROAR/ros2_ws/install/roar_gokart_msgs/include/roar_gokart_msgs/roar_gokart_msgs
[4.822s] -- Up-to-date: /home/curro/ROAR/ros2_ws/install/roar_gokart_msgs/include/roar_gokart_msgs/roar_gokart_msgs/msg
[4.822s] -- Up-to-date: /home/curro/ROAR/ros2_ws/install/roar_gokart_msgs/include/roar_gokart_msgs/roar_gokart_msgs/msg/detail
[4.822s] -- Up-to-date: /home/curro/ROAR/ros2_ws/install/roar_gokart_msgs/include/roar_gokart_msgs/roar_gokart_msgs/msg/detail/ego_vehicle_control__type_support.cpp
[4.822s] -- Up-to-date: /home/curro/ROAR/ros2_ws/install/roar_gokart_msgs/include/roar_gokart_msgs/roar_gokart_msgs/msg/detail/ego_vehicle_control__rosidl_typesupport_introspection_cpp.hpp
[4.822s] -- Up-to-date: /home/curro/ROAR/ros2_ws/install/roar_gokart_msgs/include/roar_gokart_msgs/roar_gokart_msgs/msg/detail/vehicle_status__type_support.cpp
[4.822s] -- Up-to-date: /home/curro/ROAR/ros2_ws/install/roar_gokart_msgs/include/roar_gokart_msgs/roar_gokart_msgs/msg/detail/actuation__type_support.cpp
[4.822s] -- Up-to-date: /home/curro/ROAR/ros2_ws/install/roar_gokart_msgs/include/roar_gokart_msgs/roar_gokart_msgs/msg/detail/actuation__rosidl_typesupport_introspection_cpp.hpp
[4.822s] -- Up-to-date: /home/curro/ROAR/ros2_ws/install/roar_gokart_msgs/include/roar_gokart_msgs/roar_gokart_msgs/msg/detail/vehicle_status__rosidl_typesupport_introspection_cpp.hpp
[4.822s] -- Installing: /home/curro/ROAR/ros2_ws/install/roar_gokart_msgs/lib/libroar_gokart_msgs__rosidl_typesupport_introspection_cpp.so
[4.822s] -- Set runtime path of "/home/curro/ROAR/ros2_ws/install/roar_gokart_msgs/lib/libroar_gokart_msgs__rosidl_typesupport_introspection_cpp.so" to ""
[4.823s] -- Installing: /home/curro/ROAR/ros2_ws/install/roar_gokart_msgs/lib/libroar_gokart_msgs__rosidl_typesupport_cpp.so
[4.823s] -- Set runtime path of "/home/curro/ROAR/ros2_ws/install/roar_gokart_msgs/lib/libroar_gokart_msgs__rosidl_typesupport_cpp.so" to ""
[4.823s] -- Up-to-date: /home/curro/ROAR/ros2_ws/install/roar_gokart_msgs/share/roar_gokart_msgs/environment/pythonpath.sh
[4.823s] -- Up-to-date: /home/curro/ROAR/ros2_ws/install/roar_gokart_msgs/share/roar_gokart_msgs/environment/pythonpath.dsv
[4.823s] -- Up-to-date: /home/curro/ROAR/ros2_ws/install/roar_gokart_msgs/lib/python3.11/site-packages/roar_gokart_msgs-0.0.0-py3.11.egg-info
[4.823s] -- Installing: /home/curro/ROAR/ros2_ws/install/roar_gokart_msgs/lib/python3.11/site-packages/roar_gokart_msgs-0.0.0-py3.11.egg-info/top_level.txt
[4.823s] -- Installing: /home/curro/ROAR/ros2_ws/install/roar_gokart_msgs/lib/python3.11/site-packages/roar_gokart_msgs-0.0.0-py3.11.egg-info/dependency_links.txt
[4.823s] -- Installing: /home/curro/ROAR/ros2_ws/install/roar_gokart_msgs/lib/python3.11/site-packages/roar_gokart_msgs-0.0.0-py3.11.egg-info/SOURCES.txt
[4.823s] -- Installing: /home/curro/ROAR/ros2_ws/install/roar_gokart_msgs/lib/python3.11/site-packages/roar_gokart_msgs-0.0.0-py3.11.egg-info/PKG-INFO
[4.823s] -- Up-to-date: /home/curro/ROAR/ros2_ws/install/roar_gokart_msgs/lib/python3.11/site-packages/roar_gokart_msgs
[4.824s] -- Installing: /home/curro/ROAR/ros2_ws/install/roar_gokart_msgs/lib/python3.11/site-packages/roar_gokart_msgs/libroar_gokart_msgs__rosidl_generator_py.so
[4.824s] -- Installing: /home/curro/ROAR/ros2_ws/install/roar_gokart_msgs/lib/python3.11/site-packages/roar_gokart_msgs/__init__.py
[4.824s] -- Up-to-date: /home/curro/ROAR/ros2_ws/install/roar_gokart_msgs/lib/python3.11/site-packages/roar_gokart_msgs/_roar_gokart_msgs_s.ep.rosidl_typesupport_c.c
[4.824s] -- Installing: /home/curro/ROAR/ros2_ws/install/roar_gokart_msgs/lib/python3.11/site-packages/roar_gokart_msgs/roar_gokart_msgs_s__rosidl_typesupport_c.cpython-311-x86_64-linux-gnu.so
[4.824s] -- Up-to-date: /home/curro/ROAR/ros2_ws/install/roar_gokart_msgs/lib/python3.11/site-packages/roar_gokart_msgs/msg
[4.824s] -- Up-to-date: /home/curro/ROAR/ros2_ws/install/roar_gokart_msgs/lib/python3.11/site-packages/roar_gokart_msgs/msg/__init__.py
[4.824s] -- Up-to-date: /home/curro/ROAR/ros2_ws/install/roar_gokart_msgs/lib/python3.11/site-packages/roar_gokart_msgs/msg/_ego_vehicle_control.py
[4.824s] -- Up-to-date: /home/curro/ROAR/ros2_ws/install/roar_gokart_msgs/lib/python3.11/site-packages/roar_gokart_msgs/msg/_actuation_s.c
[4.824s] -- Up-to-date: /home/curro/ROAR/ros2_ws/install/roar_gokart_msgs/lib/python3.11/site-packages/roar_gokart_msgs/msg/_vehicle_status.py
[4.825s] -- Up-to-date: /home/curro/ROAR/ros2_ws/install/roar_gokart_msgs/lib/python3.11/site-packages/roar_gokart_msgs/msg/_actuation.py
[4.825s] -- Up-to-date: /home/curro/ROAR/ros2_ws/install/roar_gokart_msgs/lib/python3.11/site-packages/roar_gokart_msgs/msg/_vehicle_status_s.c
[4.825s] -- Up-to-date: /home/curro/ROAR/ros2_ws/install/roar_gokart_msgs/lib/python3.11/site-packages/roar_gokart_msgs/msg/_ego_vehicle_control_s.c
[4.825s] -- Installing: /home/curro/ROAR/ros2_ws/install/roar_gokart_msgs/lib/python3.11/site-packages/roar_gokart_msgs/roar_gokart_msgs_s__rosidl_typesupport_fastrtps_c.cpython-311-x86_64-linux-gnu.so
[4.825s] -- Up-to-date: /home/curro/ROAR/ros2_ws/install/roar_gokart_msgs/lib/python3.11/site-packages/roar_gokart_msgs/_roar_gokart_msgs_s.ep.rosidl_typesupport_fastrtps_c.c
[4.825s] -- Installing: /home/curro/ROAR/ros2_ws/install/roar_gokart_msgs/lib/python3.11/site-packages/roar_gokart_msgs/roar_gokart_msgs_s__rosidl_typesupport_introspection_c.cpython-311-x86_64-linux-gnu.so
[4.825s] -- Up-to-date: /home/curro/ROAR/ros2_ws/install/roar_gokart_msgs/lib/python3.11/site-packages/roar_gokart_msgs/_roar_gokart_msgs_s.ep.rosidl_typesupport_introspection_c.c
[4.850s] Listing '/home/curro/ROAR/ros2_ws/install/roar_gokart_msgs/lib/python3.11/site-packages/roar_gokart_msgs'...
[4.850s] Compiling '/home/curro/ROAR/ros2_ws/install/roar_gokart_msgs/lib/python3.11/site-packages/roar_gokart_msgs/__init__.py'...
[4.850s] Listing '/home/curro/ROAR/ros2_ws/install/roar_gokart_msgs/lib/python3.11/site-packages/roar_gokart_msgs/msg'...
[4.850s] Compiling '/home/curro/ROAR/ros2_ws/install/roar_gokart_msgs/lib/python3.11/site-packages/roar_gokart_msgs/msg/__init__.py'...
[4.850s] Compiling '/home/curro/ROAR/ros2_ws/install/roar_gokart_msgs/lib/python3.11/site-packages/roar_gokart_msgs/msg/_actuation.py'...
[4.850s] Compiling '/home/curro/ROAR/ros2_ws/install/roar_gokart_msgs/lib/python3.11/site-packages/roar_gokart_msgs/msg/_ego_vehicle_control.py'...
[4.850s] Compiling '/home/curro/ROAR/ros2_ws/install/roar_gokart_msgs/lib/python3.11/site-packages/roar_gokart_msgs/msg/_vehicle_status.py'...
[4.855s] -- Installing: /home/curro/ROAR/ros2_ws/install/roar_gokart_msgs/lib/python3.11/site-packages/roar_gokart_msgs/roar_gokart_msgs_s__rosidl_typesupport_fastrtps_c.cpython-311-x86_64-linux-gnu.so
[4.855s] -- Set runtime path of "/home/curro/ROAR/ros2_ws/install/roar_gokart_msgs/lib/python3.11/site-packages/roar_gokart_msgs/roar_gokart_msgs_s__rosidl_typesupport_fastrtps_c.cpython-311-x86_64-linux-gnu.so" to ""
[4.856s] -- Installing: /home/curro/ROAR/ros2_ws/install/roar_gokart_msgs/lib/python3.11/site-packages/roar_gokart_msgs/roar_gokart_msgs_s__rosidl_typesupport_introspection_c.cpython-311-x86_64-linux-gnu.so
[4.856s] -- Set runtime path of "/home/curro/ROAR/ros2_ws/install/roar_gokart_msgs/lib/python3.11/site-packages/roar_gokart_msgs/roar_gokart_msgs_s__rosidl_typesupport_introspection_c.cpython-311-x86_64-linux-gnu.so" to ""
[4.856s] -- Installing: /home/curro/ROAR/ros2_ws/install/roar_gokart_msgs/lib/python3.11/site-packages/roar_gokart_msgs/roar_gokart_msgs_s__rosidl_typesupport_c.cpython-311-x86_64-linux-gnu.so
[4.857s] -- Set runtime path of "/home/curro/ROAR/ros2_ws/install/roar_gokart_msgs/lib/python3.11/site-packages/roar_gokart_msgs/roar_gokart_msgs_s__rosidl_typesupport_c.cpython-311-x86_64-linux-gnu.so" to ""
[4.857s] -- Installing: /home/curro/ROAR/ros2_ws/install/roar_gokart_msgs/lib/libroar_gokart_msgs__rosidl_generator_py.so
[4.857s] -- Set runtime path of "/home/curro/ROAR/ros2_ws/install/roar_gokart_msgs/lib/libroar_gokart_msgs__rosidl_generator_py.so" to ""
[4.857s] -- Up-to-date: /home/curro/ROAR/ros2_ws/install/roar_gokart_msgs/share/roar_gokart_msgs/msg/EgoVehicleControl.idl
[4.857s] -- Up-to-date: /home/curro/ROAR/ros2_ws/install/roar_gokart_msgs/share/roar_gokart_msgs/msg/VehicleStatus.idl
[4.857s] -- Up-to-date: /home/curro/ROAR/ros2_ws/install/roar_gokart_msgs/share/roar_gokart_msgs/msg/Actuation.idl
[4.857s] -- Installing: /home/curro/ROAR/ros2_ws/install/roar_gokart_msgs/share/roar_gokart_msgs/msg/EgoVehicleControl.msg
[4.857s] -- Installing: /home/curro/ROAR/ros2_ws/install/roar_gokart_msgs/share/roar_gokart_msgs/msg/VehicleStatus.msg
[4.857s] -- Installing: /home/curro/ROAR/ros2_ws/install/roar_gokart_msgs/share/roar_gokart_msgs/msg/Actuation.msg
[4.857s] -- Up-to-date: /home/curro/ROAR/ros2_ws/install/roar_gokart_msgs/share/ament_index/resource_index/package_run_dependencies/roar_gokart_msgs
[4.857s] -- Installing: /home/curro/ROAR/ros2_ws/install/roar_gokart_msgs/share/ament_index/resource_index/parent_prefix_path/roar_gokart_msgs
[4.857s] -- Installing: /home/curro/ROAR/ros2_ws/install/roar_gokart_msgs/share/roar_gokart_msgs/environment/ament_prefix_path.sh
[4.858s] -- Up-to-date: /home/curro/ROAR/ros2_ws/install/roar_gokart_msgs/share/roar_gokart_msgs/environment/ament_prefix_path.dsv
[4.858s] -- Installing: /home/curro/ROAR/ros2_ws/install/roar_gokart_msgs/share/roar_gokart_msgs/environment/path.sh
[4.858s] -- Up-to-date: /home/curro/ROAR/ros2_ws/install/roar_gokart_msgs/share/roar_gokart_msgs/environment/path.dsv
[4.858s] -- Up-to-date: /home/curro/ROAR/ros2_ws/install/roar_gokart_msgs/share/roar_gokart_msgs/local_setup.bash
[4.858s] -- Up-to-date: /home/curro/ROAR/ros2_ws/install/roar_gokart_msgs/share/roar_gokart_msgs/local_setup.sh
[4.858s] -- Up-to-date: /home/curro/ROAR/ros2_ws/install/roar_gokart_msgs/share/roar_gokart_msgs/local_setup.zsh
[4.858s] -- Up-to-date: /home/curro/ROAR/ros2_ws/install/roar_gokart_msgs/share/roar_gokart_msgs/local_setup.dsv
[4.858s] -- Up-to-date: /home/curro/ROAR/ros2_ws/install/roar_gokart_msgs/share/roar_gokart_msgs/package.dsv
[4.858s] -- Up-to-date: /home/curro/ROAR/ros2_ws/install/roar_gokart_msgs/share/ament_index/resource_index/packages/roar_gokart_msgs
[4.858s] -- Up-to-date: /home/curro/ROAR/ros2_ws/install/roar_gokart_msgs/share/roar_gokart_msgs/cmake/export_roar_gokart_msgs__rosidl_generator_cExport.cmake
[4.858s] -- Up-to-date: /home/curro/ROAR/ros2_ws/install/roar_gokart_msgs/share/roar_gokart_msgs/cmake/export_roar_gokart_msgs__rosidl_generator_cExport-noconfig.cmake
[4.858s] -- Up-to-date: /home/curro/ROAR/ros2_ws/install/roar_gokart_msgs/share/roar_gokart_msgs/cmake/export_roar_gokart_msgs__rosidl_typesupport_fastrtps_cExport.cmake
[4.858s] -- Up-to-date: /home/curro/ROAR/ros2_ws/install/roar_gokart_msgs/share/roar_gokart_msgs/cmake/export_roar_gokart_msgs__rosidl_typesupport_fastrtps_cExport-noconfig.cmake
[4.858s] -- Up-to-date: /home/curro/ROAR/ros2_ws/install/roar_gokart_msgs/share/roar_gokart_msgs/cmake/export_roar_gokart_msgs__rosidl_generator_cppExport.cmake
[4.859s] -- Up-to-date: /home/curro/ROAR/ros2_ws/install/roar_gokart_msgs/share/roar_gokart_msgs/cmake/export_roar_gokart_msgs__rosidl_typesupport_fastrtps_cppExport.cmake
[4.859s] -- Up-to-date: /home/curro/ROAR/ros2_ws/install/roar_gokart_msgs/share/roar_gokart_msgs/cmake/export_roar_gokart_msgs__rosidl_typesupport_fastrtps_cppExport-noconfig.cmake
[4.859s] -- Up-to-date: /home/curro/ROAR/ros2_ws/install/roar_gokart_msgs/share/roar_gokart_msgs/cmake/roar_gokart_msgs__rosidl_typesupport_introspection_cExport.cmake
[4.859s] -- Up-to-date: /home/curro/ROAR/ros2_ws/install/roar_gokart_msgs/share/roar_gokart_msgs/cmake/roar_gokart_msgs__rosidl_typesupport_introspection_cExport-noconfig.cmake
[4.859s] -- Up-to-date: /home/curro/ROAR/ros2_ws/install/roar_gokart_msgs/share/roar_gokart_msgs/cmake/roar_gokart_msgs__rosidl_typesupport_cExport.cmake
[4.859s] -- Up-to-date: /home/curro/ROAR/ros2_ws/install/roar_gokart_msgs/share/roar_gokart_msgs/cmake/roar_gokart_msgs__rosidl_typesupport_cExport-noconfig.cmake
[4.859s] -- Up-to-date: /home/curro/ROAR/ros2_ws/install/roar_gokart_msgs/share/roar_gokart_msgs/cmake/roar_gokart_msgs__rosidl_typesupport_introspection_cppExport.cmake
[4.859s] -- Up-to-date: /home/curro/ROAR/ros2_ws/install/roar_gokart_msgs/share/roar_gokart_msgs/cmake/roar_gokart_msgs__rosidl_typesupport_introspection_cppExport-noconfig.cmake
[4.859s] -- Up-to-date: /home/curro/ROAR/ros2_ws/install/roar_gokart_msgs/share/roar_gokart_msgs/cmake/roar_gokart_msgs__rosidl_typesupport_cppExport.cmake
[4.859s] -- Up-to-date: /home/curro/ROAR/ros2_ws/install/roar_gokart_msgs/share/roar_gokart_msgs/cmake/roar_gokart_msgs__rosidl_typesupport_cppExport-noconfig.cmake
[4.859s] -- Up-to-date: /home/curro/ROAR/ros2_ws/install/roar_gokart_msgs/share/roar_gokart_msgs/cmake/export_roar_gokart_msgs__rosidl_generator_pyExport.cmake
[4.859s] -- Up-to-date: /home/curro/ROAR/ros2_ws/install/roar_gokart_msgs/share/roar_gokart_msgs/cmake/export_roar_gokart_msgs__rosidl_generator_pyExport-noconfig.cmake
[4.859s] -- Up-to-date: /home/curro/ROAR/ros2_ws/install/roar_gokart_msgs/share/roar_gokart_msgs/cmake/rosidl_cmake-extras.cmake
[4.859s] -- Up-to-date: /home/curro/ROAR/ros2_ws/install/roar_gokart_msgs/share/roar_gokart_msgs/cmake/ament_cmake_export_dependencies-extras.cmake
[4.859s] -- Up-to-date: /home/curro/ROAR/ros2_ws/install/roar_gokart_msgs/share/roar_gokart_msgs/cmake/ament_cmake_export_include_directories-extras.cmake
[4.859s] -- Up-to-date: /home/curro/ROAR/ros2_ws/install/roar_gokart_msgs/share/roar_gokart_msgs/cmake/ament_cmake_export_libraries-extras.cmake
[4.860s] -- Up-to-date: /home/curro/ROAR/ros2_ws/install/roar_gokart_msgs/share/roar_gokart_msgs/cmake/ament_cmake_export_targets-extras.cmake
[4.860s] -- Up-to-date: /home/curro/ROAR/ros2_ws/install/roar_gokart_msgs/share/roar_gokart_msgs/cmake/rosidl_cmake_export_typesupport_targets-extras.cmake
[4.860s] -- Up-to-date: /home/curro/ROAR/ros2_ws/install/roar_gokart_msgs/share/roar_gokart_msgs/cmake/rosidl_cmake_export_typesupport_libraries-extras.cmake
[4.860s] -- Up-to-date: /home/curro/ROAR/ros2_ws/install/roar_gokart_msgs/share/roar_gokart_msgs/cmake/roar_gokart_msgsConfig.cmake
[4.860s] -- Up-to-date: /home/curro/ROAR/ros2_ws/install/roar_gokart_msgs/share/roar_gokart_msgs/cmake/roar_gokart_msgsConfig-version.cmake
[4.860s] -- Installing: /home/curro/ROAR/ros2_ws/install/roar_gokart_msgs/share/roar_gokart_msgs/package.xml
[4.865s] Invoked command in '/home/curro/ROAR/ros2_ws/build/roar_gokart_msgs' returned '0': CMAKE_PREFIX_PATH=/opt/ros/iron CONDA_PROMPT_MODIFIER=(base) /home/curro/anaconda3/bin/cmake --install /home/curro/ROAR/ros2_ws/build/roar_gokart_msgs
