[0.009s] Invoking command in '/home/curro/ROAR/ros2_ws/build/arduino_comm_cpp': CMAKE_PREFIX_PATH=/home/curro/ROAR/ros2_ws/install/roar_gokart_msgs:/home/curro/ROAR/ros2_ws/install/cpp_hello_udp:/home/curro/ROAR/ros2_ws/install/cpp_arduino_comm_usb:/home/curro/ROAR/ros2_ws/install/cpp_arduino_comm:/home/curro/ROAR/ros2_ws/install/arduino_comm_cpp:/home/curro/ROAR/ros2_ws/install/arduino_comm:/opt/ros/iron CONDA_PROMPT_MODIFIER=(base) /home/curro/anaconda3/bin/cmake --build /home/curro/ROAR/ros2_ws/build/arduino_comm_cpp -- -j8 -l8
[0.064s] [ 50%] [32mBuilding CXX object CMakeFiles/arduino_comm_node.dir/src/arduino_comm_node.cpp.o[0m
[6.665s] [100%] [32m[1mLinking CXX executable arduino_comm_node[0m
[7.062s] [100%] Built target arduino_comm_node
[7.079s] Invoked command in '/home/curro/ROAR/ros2_ws/build/arduino_comm_cpp' returned '0': CMAKE_PREFIX_PATH=/home/curro/ROAR/ros2_ws/install/roar_gokart_msgs:/home/curro/ROAR/ros2_ws/install/cpp_hello_udp:/home/curro/ROAR/ros2_ws/install/cpp_arduino_comm_usb:/home/curro/ROAR/ros2_ws/install/cpp_arduino_comm:/home/curro/ROAR/ros2_ws/install/arduino_comm_cpp:/home/curro/ROAR/ros2_ws/install/arduino_comm:/opt/ros/iron CONDA_PROMPT_MODIFIER=(base) /home/curro/anaconda3/bin/cmake --build /home/curro/ROAR/ros2_ws/build/arduino_comm_cpp -- -j8 -l8
[7.152s] Invoking command in '/home/curro/ROAR/ros2_ws/build/arduino_comm_cpp': CMAKE_PREFIX_PATH=/home/curro/ROAR/ros2_ws/install/roar_gokart_msgs:/home/curro/ROAR/ros2_ws/install/cpp_hello_udp:/home/curro/ROAR/ros2_ws/install/cpp_arduino_comm_usb:/home/curro/ROAR/ros2_ws/install/cpp_arduino_comm:/home/curro/ROAR/ros2_ws/install/arduino_comm_cpp:/home/curro/ROAR/ros2_ws/install/arduino_comm:/opt/ros/iron CONDA_PROMPT_MODIFIER=(base) /home/curro/anaconda3/bin/cmake --install /home/curro/ROAR/ros2_ws/build/arduino_comm_cpp
[7.176s] -- Install configuration: ""
[7.176s] -- Installing: /home/curro/ROAR/ros2_ws/install/arduino_comm_cpp/lib/arduino_comm_cpp/arduino_comm_node
[7.182s] -- Set runtime path of "/home/curro/ROAR/ros2_ws/install/arduino_comm_cpp/lib/arduino_comm_cpp/arduino_comm_node" to ""
[7.182s] -- Up-to-date: /home/curro/ROAR/ros2_ws/install/arduino_comm_cpp/share/ament_index/resource_index/package_run_dependencies/arduino_comm_cpp
[7.182s] -- Up-to-date: /home/curro/ROAR/ros2_ws/install/arduino_comm_cpp/share/ament_index/resource_index/parent_prefix_path/arduino_comm_cpp
[7.182s] -- Up-to-date: /home/curro/ROAR/ros2_ws/install/arduino_comm_cpp/share/arduino_comm_cpp/environment/ament_prefix_path.sh
[7.182s] -- Up-to-date: /home/curro/ROAR/ros2_ws/install/arduino_comm_cpp/share/arduino_comm_cpp/environment/ament_prefix_path.dsv
[7.182s] -- Up-to-date: /home/curro/ROAR/ros2_ws/install/arduino_comm_cpp/share/arduino_comm_cpp/environment/path.sh
[7.182s] -- Up-to-date: /home/curro/ROAR/ros2_ws/install/arduino_comm_cpp/share/arduino_comm_cpp/environment/path.dsv
[7.182s] -- Up-to-date: /home/curro/ROAR/ros2_ws/install/arduino_comm_cpp/share/arduino_comm_cpp/local_setup.bash
[7.182s] -- Up-to-date: /home/curro/ROAR/ros2_ws/install/arduino_comm_cpp/share/arduino_comm_cpp/local_setup.sh
[7.182s] -- Up-to-date: /home/curro/ROAR/ros2_ws/install/arduino_comm_cpp/share/arduino_comm_cpp/local_setup.zsh
[7.182s] -- Up-to-date: /home/curro/ROAR/ros2_ws/install/arduino_comm_cpp/share/arduino_comm_cpp/local_setup.dsv
[7.182s] -- Installing: /home/curro/ROAR/ros2_ws/install/arduino_comm_cpp/share/arduino_comm_cpp/package.dsv
[7.182s] -- Up-to-date: /home/curro/ROAR/ros2_ws/install/arduino_comm_cpp/share/ament_index/resource_index/packages/arduino_comm_cpp
[7.183s] -- Up-to-date: /home/curro/ROAR/ros2_ws/install/arduino_comm_cpp/share/arduino_comm_cpp/cmake/arduino_comm_cppConfig.cmake
[7.183s] -- Up-to-date: /home/curro/ROAR/ros2_ws/install/arduino_comm_cpp/share/arduino_comm_cpp/cmake/arduino_comm_cppConfig-version.cmake
[7.183s] -- Up-to-date: /home/curro/ROAR/ros2_ws/install/arduino_comm_cpp/share/arduino_comm_cpp/package.xml
[7.189s] Invoked command in '/home/curro/ROAR/ros2_ws/build/arduino_comm_cpp' returned '0': CMAKE_PREFIX_PATH=/home/curro/ROAR/ros2_ws/install/roar_gokart_msgs:/home/curro/ROAR/ros2_ws/install/cpp_hello_udp:/home/curro/ROAR/ros2_ws/install/cpp_arduino_comm_usb:/home/curro/ROAR/ros2_ws/install/cpp_arduino_comm:/home/curro/ROAR/ros2_ws/install/arduino_comm_cpp:/home/curro/ROAR/ros2_ws/install/arduino_comm:/opt/ros/iron CONDA_PROMPT_MODIFIER=(base) /home/curro/anaconda3/bin/cmake --install /home/curro/ROAR/ros2_ws/build/arduino_comm_cpp
