[0.021s] Invoking command in '/home/curro/ROAR/ros2_ws/build/roar_gokart_msgs': CMAKE_PREFIX_PATH=${CMAKE_PREFIX_PATH}:/opt/ros/iron CONDA_PROMPT_MODIFIER=(base) /home/curro/anaconda3/bin/cmake --build /home/curro/ROAR/ros2_ws/build/roar_gokart_msgs -- -j8 -l8
[0.117s] [  1%] Built target roar_gokart_msgs__rosidl_generator_type_description
[0.125s] [  1%] Built target ament_cmake_python_copy_roar_gokart_msgs
[0.135s] [  3%] Built target roar_gokart_msgs__cpp
[0.136s] [ 24%] Built target roar_gokart_msgs__rosidl_generator_c
[0.153s] [ 33%] Built target roar_gokart_msgs__rosidl_typesupport_introspection_c
[0.154s] [ 42%] Built target roar_gokart_msgs__rosidl_typesupport_c
[0.155s] [ 51%] Built target roar_gokart_msgs__rosidl_typesupport_cpp
[0.159s] [ 61%] Built target roar_gokart_msgs__rosidl_typesupport_fastrtps_c
[0.159s] [ 70%] Built target roar_gokart_msgs__rosidl_typesupport_introspection_cpp
[0.165s] [ 79%] Built target roar_gokart_msgs__rosidl_typesupport_fastrtps_cpp
[0.181s] [ 79%] Built target roar_gokart_msgs
[0.200s] [ 81%] Built target roar_gokart_msgs__py
[0.226s] [ 88%] Built target roar_gokart_msgs__rosidl_generator_py
[0.245s] [ 94%] Built target roar_gokart_msgs__rosidl_typesupport_c__pyext
[0.245s] [ 96%] Built target roar_gokart_msgs__rosidl_typesupport_fastrtps_c__pyext
[0.249s] [100%] Built target roar_gokart_msgs__rosidl_typesupport_introspection_c__pyext
[0.498s] running egg_info
[0.498s] writing roar_gokart_msgs.egg-info/PKG-INFO
[0.499s] writing dependency_links to roar_gokart_msgs.egg-info/dependency_links.txt
[0.499s] writing top-level names to roar_gokart_msgs.egg-info/top_level.txt
[0.516s] reading manifest file 'roar_gokart_msgs.egg-info/SOURCES.txt'
[0.517s] writing manifest file 'roar_gokart_msgs.egg-info/SOURCES.txt'
[0.558s] [100%] Built target ament_cmake_python_build_roar_gokart_msgs_egg
[0.572s] Invoked command in '/home/curro/ROAR/ros2_ws/build/roar_gokart_msgs' returned '0': CMAKE_PREFIX_PATH=${CMAKE_PREFIX_PATH}:/opt/ros/iron CONDA_PROMPT_MODIFIER=(base) /home/curro/anaconda3/bin/cmake --build /home/curro/ROAR/ros2_ws/build/roar_gokart_msgs -- -j8 -l8
[0.827s] Invoking command in '/home/curro/ROAR/ros2_ws/build/roar_gokart_msgs': CMAKE_PREFIX_PATH=${CMAKE_PREFIX_PATH}:/opt/ros/iron CONDA_PROMPT_MODIFIER=(base) /home/curro/anaconda3/bin/cmake --install /home/curro/ROAR/ros2_ws/build/roar_gokart_msgs
[0.885s] -- Install configuration: ""
[0.885s] -- Up-to-date: /home/curro/ROAR/ros2_ws/install/roar_gokart_msgs/share/ament_index/resource_index/rosidl_interfaces/roar_gokart_msgs
[0.885s] -- Up-to-date: /home/curro/ROAR/ros2_ws/install/roar_gokart_msgs/share/roar_gokart_msgs/msg/EgoVehicleControl.json
[0.886s] -- Up-to-date: /home/curro/ROAR/ros2_ws/install/roar_gokart_msgs/share/roar_gokart_msgs/msg/VehicleStatus.json
[0.886s] -- Up-to-date: /home/curro/ROAR/ros2_ws/install/roar_gokart_msgs/share/roar_gokart_msgs/msg/Actuation.json
[0.886s] -- Up-to-date: /home/curro/ROAR/ros2_ws/install/roar_gokart_msgs/include/roar_gokart_msgs/roar_gokart_msgs
[0.886s] -- Up-to-date: /home/curro/ROAR/ros2_ws/install/roar_gokart_msgs/include/roar_gokart_msgs/roar_gokart_msgs/msg
[0.886s] -- Up-to-date: /home/curro/ROAR/ros2_ws/install/roar_gokart_msgs/include/roar_gokart_msgs/roar_gokart_msgs/msg/ego_vehicle_control.h
[0.887s] -- Up-to-date: /home/curro/ROAR/ros2_ws/install/roar_gokart_msgs/include/roar_gokart_msgs/roar_gokart_msgs/msg/actuation.h
[0.887s] -- Up-to-date: /home/curro/ROAR/ros2_ws/install/roar_gokart_msgs/include/roar_gokart_msgs/roar_gokart_msgs/msg/vehicle_status.h
[0.887s] -- Up-to-date: /home/curro/ROAR/ros2_ws/install/roar_gokart_msgs/include/roar_gokart_msgs/roar_gokart_msgs/msg/detail
[0.887s] -- Up-to-date: /home/curro/ROAR/ros2_ws/install/roar_gokart_msgs/include/roar_gokart_msgs/roar_gokart_msgs/msg/detail/ego_vehicle_control__struct.h
[0.888s] -- Up-to-date: /home/curro/ROAR/ros2_ws/install/roar_gokart_msgs/include/roar_gokart_msgs/roar_gokart_msgs/msg/detail/vehicle_status__type_support.h
[0.888s] -- Up-to-date: /home/curro/ROAR/ros2_ws/install/roar_gokart_msgs/include/roar_gokart_msgs/roar_gokart_msgs/msg/detail/vehicle_status__functions.c
[0.888s] -- Up-to-date: /home/curro/ROAR/ros2_ws/install/roar_gokart_msgs/include/roar_gokart_msgs/roar_gokart_msgs/msg/detail/ego_vehicle_control__functions.c
[0.888s] -- Up-to-date: /home/curro/ROAR/ros2_ws/install/roar_gokart_msgs/include/roar_gokart_msgs/roar_gokart_msgs/msg/detail/vehicle_status__type_support.c
[0.888s] -- Up-to-date: /home/curro/ROAR/ros2_ws/install/roar_gokart_msgs/include/roar_gokart_msgs/roar_gokart_msgs/msg/detail/vehicle_status__description.c
[0.889s] -- Up-to-date: /home/curro/ROAR/ros2_ws/install/roar_gokart_msgs/include/roar_gokart_msgs/roar_gokart_msgs/msg/detail/ego_vehicle_control__functions.h
[0.889s] -- Up-to-date: /home/curro/ROAR/ros2_ws/install/roar_gokart_msgs/include/roar_gokart_msgs/roar_gokart_msgs/msg/detail/ego_vehicle_control__description.c
[0.889s] -- Up-to-date: /home/curro/ROAR/ros2_ws/install/roar_gokart_msgs/include/roar_gokart_msgs/roar_gokart_msgs/msg/detail/vehicle_status__struct.h
[0.889s] -- Up-to-date: /home/curro/ROAR/ros2_ws/install/roar_gokart_msgs/include/roar_gokart_msgs/roar_gokart_msgs/msg/detail/actuation__description.c
[0.889s] -- Up-to-date: /home/curro/ROAR/ros2_ws/install/roar_gokart_msgs/include/roar_gokart_msgs/roar_gokart_msgs/msg/detail/actuation__type_support.c
[0.889s] -- Up-to-date: /home/curro/ROAR/ros2_ws/install/roar_gokart_msgs/include/roar_gokart_msgs/roar_gokart_msgs/msg/detail/ego_vehicle_control__type_support.c
[0.889s] -- Up-to-date: /home/curro/ROAR/ros2_ws/install/roar_gokart_msgs/include/roar_gokart_msgs/roar_gokart_msgs/msg/detail/actuation__functions.c
[0.890s] -- Up-to-date: /home/curro/ROAR/ros2_ws/install/roar_gokart_msgs/include/roar_gokart_msgs/roar_gokart_msgs/msg/detail/vehicle_status__functions.h
[0.890s] -- Up-to-date: /home/curro/ROAR/ros2_ws/install/roar_gokart_msgs/include/roar_gokart_msgs/roar_gokart_msgs/msg/detail/actuation__type_support.h
[0.890s] -- Up-to-date: /home/curro/ROAR/ros2_ws/install/roar_gokart_msgs/include/roar_gokart_msgs/roar_gokart_msgs/msg/detail/actuation__struct.h
[0.890s] -- Up-to-date: /home/curro/ROAR/ros2_ws/install/roar_gokart_msgs/include/roar_gokart_msgs/roar_gokart_msgs/msg/detail/actuation__functions.h
[0.890s] -- Up-to-date: /home/curro/ROAR/ros2_ws/install/roar_gokart_msgs/include/roar_gokart_msgs/roar_gokart_msgs/msg/detail/ego_vehicle_control__type_support.h
[0.890s] -- Up-to-date: /home/curro/ROAR/ros2_ws/install/roar_gokart_msgs/include/roar_gokart_msgs/roar_gokart_msgs/msg/rosidl_generator_c__visibility_control.h
[0.891s] -- Up-to-date: /home/curro/ROAR/ros2_ws/install/roar_gokart_msgs/share/roar_gokart_msgs/environment/library_path.sh
[0.891s] -- Up-to-date: /home/curro/ROAR/ros2_ws/install/roar_gokart_msgs/share/roar_gokart_msgs/environment/library_path.dsv
[0.891s] -- Up-to-date: /home/curro/ROAR/ros2_ws/install/roar_gokart_msgs/lib/libroar_gokart_msgs__rosidl_generator_c.so
[0.891s] -- Up-to-date: /home/curro/ROAR/ros2_ws/install/roar_gokart_msgs/include/roar_gokart_msgs/roar_gokart_msgs
[0.891s] -- Up-to-date: /home/curro/ROAR/ros2_ws/install/roar_gokart_msgs/include/roar_gokart_msgs/roar_gokart_msgs/msg
[0.891s] -- Up-to-date: /home/curro/ROAR/ros2_ws/install/roar_gokart_msgs/include/roar_gokart_msgs/roar_gokart_msgs/msg/detail
[0.892s] -- Up-to-date: /home/curro/ROAR/ros2_ws/install/roar_gokart_msgs/include/roar_gokart_msgs/roar_gokart_msgs/msg/detail/vehicle_status__rosidl_typesupport_fastrtps_c.h
[0.892s] -- Up-to-date: /home/curro/ROAR/ros2_ws/install/roar_gokart_msgs/include/roar_gokart_msgs/roar_gokart_msgs/msg/detail/ego_vehicle_control__rosidl_typesupport_fastrtps_c.h
[0.892s] -- Up-to-date: /home/curro/ROAR/ros2_ws/install/roar_gokart_msgs/include/roar_gokart_msgs/roar_gokart_msgs/msg/detail/actuation__rosidl_typesupport_fastrtps_c.h
[0.892s] -- Up-to-date: /home/curro/ROAR/ros2_ws/install/roar_gokart_msgs/include/roar_gokart_msgs/roar_gokart_msgs/msg/rosidl_typesupport_fastrtps_c__visibility_control.h
[0.892s] -- Up-to-date: /home/curro/ROAR/ros2_ws/install/roar_gokart_msgs/lib/libroar_gokart_msgs__rosidl_typesupport_fastrtps_c.so
[0.892s] -- Up-to-date: /home/curro/ROAR/ros2_ws/install/roar_gokart_msgs/include/roar_gokart_msgs/roar_gokart_msgs
[0.893s] -- Up-to-date: /home/curro/ROAR/ros2_ws/install/roar_gokart_msgs/include/roar_gokart_msgs/roar_gokart_msgs/msg
[0.893s] -- Up-to-date: /home/curro/ROAR/ros2_ws/install/roar_gokart_msgs/include/roar_gokart_msgs/roar_gokart_msgs/msg/vehicle_status.hpp
[0.893s] -- Up-to-date: /home/curro/ROAR/ros2_ws/install/roar_gokart_msgs/include/roar_gokart_msgs/roar_gokart_msgs/msg/detail
[0.893s] -- Up-to-date: /home/curro/ROAR/ros2_ws/install/roar_gokart_msgs/include/roar_gokart_msgs/roar_gokart_msgs/msg/detail/actuation__traits.hpp
[0.893s] -- Up-to-date: /home/curro/ROAR/ros2_ws/install/roar_gokart_msgs/include/roar_gokart_msgs/roar_gokart_msgs/msg/detail/actuation__struct.hpp
[0.893s] -- Up-to-date: /home/curro/ROAR/ros2_ws/install/roar_gokart_msgs/include/roar_gokart_msgs/roar_gokart_msgs/msg/detail/vehicle_status__struct.hpp
[0.894s] -- Up-to-date: /home/curro/ROAR/ros2_ws/install/roar_gokart_msgs/include/roar_gokart_msgs/roar_gokart_msgs/msg/detail/vehicle_status__traits.hpp
[0.894s] -- Up-to-date: /home/curro/ROAR/ros2_ws/install/roar_gokart_msgs/include/roar_gokart_msgs/roar_gokart_msgs/msg/detail/actuation__builder.hpp
[0.894s] -- Up-to-date: /home/curro/ROAR/ros2_ws/install/roar_gokart_msgs/include/roar_gokart_msgs/roar_gokart_msgs/msg/detail/ego_vehicle_control__builder.hpp
[0.894s] -- Up-to-date: /home/curro/ROAR/ros2_ws/install/roar_gokart_msgs/include/roar_gokart_msgs/roar_gokart_msgs/msg/detail/vehicle_status__builder.hpp
[0.894s] -- Up-to-date: /home/curro/ROAR/ros2_ws/install/roar_gokart_msgs/include/roar_gokart_msgs/roar_gokart_msgs/msg/detail/ego_vehicle_control__traits.hpp
[0.894s] -- Up-to-date: /home/curro/ROAR/ros2_ws/install/roar_gokart_msgs/include/roar_gokart_msgs/roar_gokart_msgs/msg/detail/ego_vehicle_control__struct.hpp
[0.895s] -- Up-to-date: /home/curro/ROAR/ros2_ws/install/roar_gokart_msgs/include/roar_gokart_msgs/roar_gokart_msgs/msg/ego_vehicle_control.hpp
[0.895s] -- Up-to-date: /home/curro/ROAR/ros2_ws/install/roar_gokart_msgs/include/roar_gokart_msgs/roar_gokart_msgs/msg/actuation.hpp
[0.895s] -- Up-to-date: /home/curro/ROAR/ros2_ws/install/roar_gokart_msgs/include/roar_gokart_msgs/roar_gokart_msgs
[0.895s] -- Up-to-date: /home/curro/ROAR/ros2_ws/install/roar_gokart_msgs/include/roar_gokart_msgs/roar_gokart_msgs/msg
[0.895s] -- Up-to-date: /home/curro/ROAR/ros2_ws/install/roar_gokart_msgs/include/roar_gokart_msgs/roar_gokart_msgs/msg/rosidl_typesupport_fastrtps_cpp__visibility_control.h
[0.895s] -- Up-to-date: /home/curro/ROAR/ros2_ws/install/roar_gokart_msgs/include/roar_gokart_msgs/roar_gokart_msgs/msg/detail
[0.895s] -- Up-to-date: /home/curro/ROAR/ros2_ws/install/roar_gokart_msgs/include/roar_gokart_msgs/roar_gokart_msgs/msg/detail/actuation__rosidl_typesupport_fastrtps_cpp.hpp
[0.896s] -- Up-to-date: /home/curro/ROAR/ros2_ws/install/roar_gokart_msgs/include/roar_gokart_msgs/roar_gokart_msgs/msg/detail/vehicle_status__rosidl_typesupport_fastrtps_cpp.hpp
[0.896s] -- Up-to-date: /home/curro/ROAR/ros2_ws/install/roar_gokart_msgs/include/roar_gokart_msgs/roar_gokart_msgs/msg/detail/dds_fastrtps
[0.896s] -- Up-to-date: /home/curro/ROAR/ros2_ws/install/roar_gokart_msgs/include/roar_gokart_msgs/roar_gokart_msgs/msg/detail/ego_vehicle_control__rosidl_typesupport_fastrtps_cpp.hpp
[0.896s] -- Up-to-date: /home/curro/ROAR/ros2_ws/install/roar_gokart_msgs/lib/libroar_gokart_msgs__rosidl_typesupport_fastrtps_cpp.so
[0.896s] -- Up-to-date: /home/curro/ROAR/ros2_ws/install/roar_gokart_msgs/include/roar_gokart_msgs/roar_gokart_msgs
[0.897s] -- Up-to-date: /home/curro/ROAR/ros2_ws/install/roar_gokart_msgs/include/roar_gokart_msgs/roar_gokart_msgs/msg
[0.897s] -- Up-to-date: /home/curro/ROAR/ros2_ws/install/roar_gokart_msgs/include/roar_gokart_msgs/roar_gokart_msgs/msg/rosidl_typesupport_introspection_c__visibility_control.h
[0.897s] -- Up-to-date: /home/curro/ROAR/ros2_ws/install/roar_gokart_msgs/include/roar_gokart_msgs/roar_gokart_msgs/msg/detail
[0.897s] -- Up-to-date: /home/curro/ROAR/ros2_ws/install/roar_gokart_msgs/include/roar_gokart_msgs/roar_gokart_msgs/msg/detail/vehicle_status__type_support.c
[0.897s] -- Up-to-date: /home/curro/ROAR/ros2_ws/install/roar_gokart_msgs/include/roar_gokart_msgs/roar_gokart_msgs/msg/detail/actuation__type_support.c
[0.897s] -- Up-to-date: /home/curro/ROAR/ros2_ws/install/roar_gokart_msgs/include/roar_gokart_msgs/roar_gokart_msgs/msg/detail/vehicle_status__rosidl_typesupport_introspection_c.h
[0.898s] -- Up-to-date: /home/curro/ROAR/ros2_ws/install/roar_gokart_msgs/include/roar_gokart_msgs/roar_gokart_msgs/msg/detail/ego_vehicle_control__type_support.c
[0.898s] -- Up-to-date: /home/curro/ROAR/ros2_ws/install/roar_gokart_msgs/include/roar_gokart_msgs/roar_gokart_msgs/msg/detail/actuation__rosidl_typesupport_introspection_c.h
[0.898s] -- Up-to-date: /home/curro/ROAR/ros2_ws/install/roar_gokart_msgs/include/roar_gokart_msgs/roar_gokart_msgs/msg/detail/ego_vehicle_control__rosidl_typesupport_introspection_c.h
[0.898s] -- Up-to-date: /home/curro/ROAR/ros2_ws/install/roar_gokart_msgs/lib/libroar_gokart_msgs__rosidl_typesupport_introspection_c.so
[0.898s] -- Up-to-date: /home/curro/ROAR/ros2_ws/install/roar_gokart_msgs/lib/libroar_gokart_msgs__rosidl_typesupport_c.so
[0.898s] -- Up-to-date: /home/curro/ROAR/ros2_ws/install/roar_gokart_msgs/include/roar_gokart_msgs/roar_gokart_msgs
[0.898s] -- Up-to-date: /home/curro/ROAR/ros2_ws/install/roar_gokart_msgs/include/roar_gokart_msgs/roar_gokart_msgs/msg
[0.899s] -- Up-to-date: /home/curro/ROAR/ros2_ws/install/roar_gokart_msgs/include/roar_gokart_msgs/roar_gokart_msgs/msg/detail
[0.899s] -- Up-to-date: /home/curro/ROAR/ros2_ws/install/roar_gokart_msgs/include/roar_gokart_msgs/roar_gokart_msgs/msg/detail/ego_vehicle_control__type_support.cpp
[0.899s] -- Up-to-date: /home/curro/ROAR/ros2_ws/install/roar_gokart_msgs/include/roar_gokart_msgs/roar_gokart_msgs/msg/detail/ego_vehicle_control__rosidl_typesupport_introspection_cpp.hpp
[0.899s] -- Up-to-date: /home/curro/ROAR/ros2_ws/install/roar_gokart_msgs/include/roar_gokart_msgs/roar_gokart_msgs/msg/detail/vehicle_status__type_support.cpp
[0.899s] -- Up-to-date: /home/curro/ROAR/ros2_ws/install/roar_gokart_msgs/include/roar_gokart_msgs/roar_gokart_msgs/msg/detail/actuation__type_support.cpp
[0.899s] -- Up-to-date: /home/curro/ROAR/ros2_ws/install/roar_gokart_msgs/include/roar_gokart_msgs/roar_gokart_msgs/msg/detail/actuation__rosidl_typesupport_introspection_cpp.hpp
[0.900s] -- Up-to-date: /home/curro/ROAR/ros2_ws/install/roar_gokart_msgs/include/roar_gokart_msgs/roar_gokart_msgs/msg/detail/vehicle_status__rosidl_typesupport_introspection_cpp.hpp
[0.900s] -- Up-to-date: /home/curro/ROAR/ros2_ws/install/roar_gokart_msgs/lib/libroar_gokart_msgs__rosidl_typesupport_introspection_cpp.so
[0.900s] -- Up-to-date: /home/curro/ROAR/ros2_ws/install/roar_gokart_msgs/lib/libroar_gokart_msgs__rosidl_typesupport_cpp.so
[0.900s] -- Up-to-date: /home/curro/ROAR/ros2_ws/install/roar_gokart_msgs/share/roar_gokart_msgs/environment/pythonpath.sh
[0.900s] -- Up-to-date: /home/curro/ROAR/ros2_ws/install/roar_gokart_msgs/share/roar_gokart_msgs/environment/pythonpath.dsv
[0.901s] -- Up-to-date: /home/curro/ROAR/ros2_ws/install/roar_gokart_msgs/lib/python3.11/site-packages/roar_gokart_msgs-0.0.0-py3.11.egg-info
[0.901s] -- Installing: /home/curro/ROAR/ros2_ws/install/roar_gokart_msgs/lib/python3.11/site-packages/roar_gokart_msgs-0.0.0-py3.11.egg-info/top_level.txt
[0.901s] -- Installing: /home/curro/ROAR/ros2_ws/install/roar_gokart_msgs/lib/python3.11/site-packages/roar_gokart_msgs-0.0.0-py3.11.egg-info/dependency_links.txt
[0.901s] -- Installing: /home/curro/ROAR/ros2_ws/install/roar_gokart_msgs/lib/python3.11/site-packages/roar_gokart_msgs-0.0.0-py3.11.egg-info/SOURCES.txt
[0.901s] -- Installing: /home/curro/ROAR/ros2_ws/install/roar_gokart_msgs/lib/python3.11/site-packages/roar_gokart_msgs-0.0.0-py3.11.egg-info/PKG-INFO
[0.901s] -- Up-to-date: /home/curro/ROAR/ros2_ws/install/roar_gokart_msgs/lib/python3.11/site-packages/roar_gokart_msgs
[0.902s] -- Up-to-date: /home/curro/ROAR/ros2_ws/install/roar_gokart_msgs/lib/python3.11/site-packages/roar_gokart_msgs/libroar_gokart_msgs__rosidl_generator_py.so
[0.902s] -- Up-to-date: /home/curro/ROAR/ros2_ws/install/roar_gokart_msgs/lib/python3.11/site-packages/roar_gokart_msgs/__init__.py
[0.902s] -- Up-to-date: /home/curro/ROAR/ros2_ws/install/roar_gokart_msgs/lib/python3.11/site-packages/roar_gokart_msgs/_roar_gokart_msgs_s.ep.rosidl_typesupport_c.c
[0.902s] -- Up-to-date: /home/curro/ROAR/ros2_ws/install/roar_gokart_msgs/lib/python3.11/site-packages/roar_gokart_msgs/roar_gokart_msgs_s__rosidl_typesupport_c.cpython-311-x86_64-linux-gnu.so
[0.902s] -- Up-to-date: /home/curro/ROAR/ros2_ws/install/roar_gokart_msgs/lib/python3.11/site-packages/roar_gokart_msgs/msg
[0.902s] -- Up-to-date: /home/curro/ROAR/ros2_ws/install/roar_gokart_msgs/lib/python3.11/site-packages/roar_gokart_msgs/msg/__init__.py
[0.903s] -- Up-to-date: /home/curro/ROAR/ros2_ws/install/roar_gokart_msgs/lib/python3.11/site-packages/roar_gokart_msgs/msg/_ego_vehicle_control.py
[0.903s] -- Up-to-date: /home/curro/ROAR/ros2_ws/install/roar_gokart_msgs/lib/python3.11/site-packages/roar_gokart_msgs/msg/_actuation_s.c
[0.903s] -- Up-to-date: /home/curro/ROAR/ros2_ws/install/roar_gokart_msgs/lib/python3.11/site-packages/roar_gokart_msgs/msg/_vehicle_status.py
[0.903s] -- Up-to-date: /home/curro/ROAR/ros2_ws/install/roar_gokart_msgs/lib/python3.11/site-packages/roar_gokart_msgs/msg/_actuation.py
[0.903s] -- Up-to-date: /home/curro/ROAR/ros2_ws/install/roar_gokart_msgs/lib/python3.11/site-packages/roar_gokart_msgs/msg/_vehicle_status_s.c
[0.903s] -- Up-to-date: /home/curro/ROAR/ros2_ws/install/roar_gokart_msgs/lib/python3.11/site-packages/roar_gokart_msgs/msg/_ego_vehicle_control_s.c
[0.903s] -- Up-to-date: /home/curro/ROAR/ros2_ws/install/roar_gokart_msgs/lib/python3.11/site-packages/roar_gokart_msgs/roar_gokart_msgs_s__rosidl_typesupport_fastrtps_c.cpython-311-x86_64-linux-gnu.so
[0.904s] -- Up-to-date: /home/curro/ROAR/ros2_ws/install/roar_gokart_msgs/lib/python3.11/site-packages/roar_gokart_msgs/_roar_gokart_msgs_s.ep.rosidl_typesupport_fastrtps_c.c
[0.904s] -- Up-to-date: /home/curro/ROAR/ros2_ws/install/roar_gokart_msgs/lib/python3.11/site-packages/roar_gokart_msgs/roar_gokart_msgs_s__rosidl_typesupport_introspection_c.cpython-311-x86_64-linux-gnu.so
[0.904s] -- Up-to-date: /home/curro/ROAR/ros2_ws/install/roar_gokart_msgs/lib/python3.11/site-packages/roar_gokart_msgs/_roar_gokart_msgs_s.ep.rosidl_typesupport_introspection_c.c
[0.940s] Listing '/home/curro/ROAR/ros2_ws/install/roar_gokart_msgs/lib/python3.11/site-packages/roar_gokart_msgs'...
[0.940s] Listing '/home/curro/ROAR/ros2_ws/install/roar_gokart_msgs/lib/python3.11/site-packages/roar_gokart_msgs/msg'...
[0.947s] -- Up-to-date: /home/curro/ROAR/ros2_ws/install/roar_gokart_msgs/lib/python3.11/site-packages/roar_gokart_msgs/roar_gokart_msgs_s__rosidl_typesupport_fastrtps_c.cpython-311-x86_64-linux-gnu.so
[0.947s] -- Up-to-date: /home/curro/ROAR/ros2_ws/install/roar_gokart_msgs/lib/python3.11/site-packages/roar_gokart_msgs/roar_gokart_msgs_s__rosidl_typesupport_introspection_c.cpython-311-x86_64-linux-gnu.so
[0.948s] -- Up-to-date: /home/curro/ROAR/ros2_ws/install/roar_gokart_msgs/lib/python3.11/site-packages/roar_gokart_msgs/roar_gokart_msgs_s__rosidl_typesupport_c.cpython-311-x86_64-linux-gnu.so
[0.948s] -- Up-to-date: /home/curro/ROAR/ros2_ws/install/roar_gokart_msgs/lib/libroar_gokart_msgs__rosidl_generator_py.so
[0.949s] -- Up-to-date: /home/curro/ROAR/ros2_ws/install/roar_gokart_msgs/share/roar_gokart_msgs/msg/EgoVehicleControl.idl
[0.949s] -- Up-to-date: /home/curro/ROAR/ros2_ws/install/roar_gokart_msgs/share/roar_gokart_msgs/msg/VehicleStatus.idl
[0.949s] -- Up-to-date: /home/curro/ROAR/ros2_ws/install/roar_gokart_msgs/share/roar_gokart_msgs/msg/Actuation.idl
[0.950s] -- Up-to-date: /home/curro/ROAR/ros2_ws/install/roar_gokart_msgs/share/roar_gokart_msgs/msg/EgoVehicleControl.msg
[0.950s] -- Up-to-date: /home/curro/ROAR/ros2_ws/install/roar_gokart_msgs/share/roar_gokart_msgs/msg/VehicleStatus.msg
[0.950s] -- Up-to-date: /home/curro/ROAR/ros2_ws/install/roar_gokart_msgs/share/roar_gokart_msgs/msg/Actuation.msg
[0.950s] -- Up-to-date: /home/curro/ROAR/ros2_ws/install/roar_gokart_msgs/share/ament_index/resource_index/package_run_dependencies/roar_gokart_msgs
[0.950s] -- Up-to-date: /home/curro/ROAR/ros2_ws/install/roar_gokart_msgs/share/ament_index/resource_index/parent_prefix_path/roar_gokart_msgs
[0.951s] -- Up-to-date: /home/curro/ROAR/ros2_ws/install/roar_gokart_msgs/share/roar_gokart_msgs/environment/ament_prefix_path.sh
[0.951s] -- Up-to-date: /home/curro/ROAR/ros2_ws/install/roar_gokart_msgs/share/roar_gokart_msgs/environment/ament_prefix_path.dsv
[0.951s] -- Up-to-date: /home/curro/ROAR/ros2_ws/install/roar_gokart_msgs/share/roar_gokart_msgs/environment/path.sh
[0.951s] -- Up-to-date: /home/curro/ROAR/ros2_ws/install/roar_gokart_msgs/share/roar_gokart_msgs/environment/path.dsv
[0.951s] -- Up-to-date: /home/curro/ROAR/ros2_ws/install/roar_gokart_msgs/share/roar_gokart_msgs/local_setup.bash
[0.952s] -- Up-to-date: /home/curro/ROAR/ros2_ws/install/roar_gokart_msgs/share/roar_gokart_msgs/local_setup.sh
[0.952s] -- Up-to-date: /home/curro/ROAR/ros2_ws/install/roar_gokart_msgs/share/roar_gokart_msgs/local_setup.zsh
[0.952s] -- Up-to-date: /home/curro/ROAR/ros2_ws/install/roar_gokart_msgs/share/roar_gokart_msgs/local_setup.dsv
[0.952s] -- Installing: /home/curro/ROAR/ros2_ws/install/roar_gokart_msgs/share/roar_gokart_msgs/package.dsv
[0.952s] -- Up-to-date: /home/curro/ROAR/ros2_ws/install/roar_gokart_msgs/share/ament_index/resource_index/packages/roar_gokart_msgs
[0.953s] -- Up-to-date: /home/curro/ROAR/ros2_ws/install/roar_gokart_msgs/share/roar_gokart_msgs/cmake/export_roar_gokart_msgs__rosidl_generator_cExport.cmake
[0.953s] -- Up-to-date: /home/curro/ROAR/ros2_ws/install/roar_gokart_msgs/share/roar_gokart_msgs/cmake/export_roar_gokart_msgs__rosidl_generator_cExport-noconfig.cmake
[0.954s] -- Up-to-date: /home/curro/ROAR/ros2_ws/install/roar_gokart_msgs/share/roar_gokart_msgs/cmake/export_roar_gokart_msgs__rosidl_typesupport_fastrtps_cExport.cmake
[0.954s] -- Up-to-date: /home/curro/ROAR/ros2_ws/install/roar_gokart_msgs/share/roar_gokart_msgs/cmake/export_roar_gokart_msgs__rosidl_typesupport_fastrtps_cExport-noconfig.cmake
[0.954s] -- Up-to-date: /home/curro/ROAR/ros2_ws/install/roar_gokart_msgs/share/roar_gokart_msgs/cmake/export_roar_gokart_msgs__rosidl_generator_cppExport.cmake
[0.955s] -- Up-to-date: /home/curro/ROAR/ros2_ws/install/roar_gokart_msgs/share/roar_gokart_msgs/cmake/export_roar_gokart_msgs__rosidl_typesupport_fastrtps_cppExport.cmake
[0.955s] -- Up-to-date: /home/curro/ROAR/ros2_ws/install/roar_gokart_msgs/share/roar_gokart_msgs/cmake/export_roar_gokart_msgs__rosidl_typesupport_fastrtps_cppExport-noconfig.cmake
[0.955s] -- Up-to-date: /home/curro/ROAR/ros2_ws/install/roar_gokart_msgs/share/roar_gokart_msgs/cmake/roar_gokart_msgs__rosidl_typesupport_introspection_cExport.cmake
[0.955s] -- Up-to-date: /home/curro/ROAR/ros2_ws/install/roar_gokart_msgs/share/roar_gokart_msgs/cmake/roar_gokart_msgs__rosidl_typesupport_introspection_cExport-noconfig.cmake
[0.955s] -- Up-to-date: /home/curro/ROAR/ros2_ws/install/roar_gokart_msgs/share/roar_gokart_msgs/cmake/roar_gokart_msgs__rosidl_typesupport_cExport.cmake
[0.955s] -- Up-to-date: /home/curro/ROAR/ros2_ws/install/roar_gokart_msgs/share/roar_gokart_msgs/cmake/roar_gokart_msgs__rosidl_typesupport_cExport-noconfig.cmake
[0.956s] -- Up-to-date: /home/curro/ROAR/ros2_ws/install/roar_gokart_msgs/share/roar_gokart_msgs/cmake/roar_gokart_msgs__rosidl_typesupport_introspection_cppExport.cmake
[0.956s] -- Up-to-date: /home/curro/ROAR/ros2_ws/install/roar_gokart_msgs/share/roar_gokart_msgs/cmake/roar_gokart_msgs__rosidl_typesupport_introspection_cppExport-noconfig.cmake
[0.956s] -- Up-to-date: /home/curro/ROAR/ros2_ws/install/roar_gokart_msgs/share/roar_gokart_msgs/cmake/roar_gokart_msgs__rosidl_typesupport_cppExport.cmake
[0.956s] -- Up-to-date: /home/curro/ROAR/ros2_ws/install/roar_gokart_msgs/share/roar_gokart_msgs/cmake/roar_gokart_msgs__rosidl_typesupport_cppExport-noconfig.cmake
[0.956s] -- Up-to-date: /home/curro/ROAR/ros2_ws/install/roar_gokart_msgs/share/roar_gokart_msgs/cmake/export_roar_gokart_msgs__rosidl_generator_pyExport.cmake
[0.956s] -- Up-to-date: /home/curro/ROAR/ros2_ws/install/roar_gokart_msgs/share/roar_gokart_msgs/cmake/export_roar_gokart_msgs__rosidl_generator_pyExport-noconfig.cmake
[0.956s] -- Up-to-date: /home/curro/ROAR/ros2_ws/install/roar_gokart_msgs/share/roar_gokart_msgs/cmake/rosidl_cmake-extras.cmake
[0.957s] -- Up-to-date: /home/curro/ROAR/ros2_ws/install/roar_gokart_msgs/share/roar_gokart_msgs/cmake/ament_cmake_export_dependencies-extras.cmake
[0.957s] -- Up-to-date: /home/curro/ROAR/ros2_ws/install/roar_gokart_msgs/share/roar_gokart_msgs/cmake/ament_cmake_export_include_directories-extras.cmake
[0.957s] -- Up-to-date: /home/curro/ROAR/ros2_ws/install/roar_gokart_msgs/share/roar_gokart_msgs/cmake/ament_cmake_export_libraries-extras.cmake
[0.957s] -- Up-to-date: /home/curro/ROAR/ros2_ws/install/roar_gokart_msgs/share/roar_gokart_msgs/cmake/ament_cmake_export_targets-extras.cmake
[0.957s] -- Up-to-date: /home/curro/ROAR/ros2_ws/install/roar_gokart_msgs/share/roar_gokart_msgs/cmake/rosidl_cmake_export_typesupport_targets-extras.cmake
[0.957s] -- Up-to-date: /home/curro/ROAR/ros2_ws/install/roar_gokart_msgs/share/roar_gokart_msgs/cmake/rosidl_cmake_export_typesupport_libraries-extras.cmake
[0.957s] -- Up-to-date: /home/curro/ROAR/ros2_ws/install/roar_gokart_msgs/share/roar_gokart_msgs/cmake/roar_gokart_msgsConfig.cmake
[0.958s] -- Up-to-date: /home/curro/ROAR/ros2_ws/install/roar_gokart_msgs/share/roar_gokart_msgs/cmake/roar_gokart_msgsConfig-version.cmake
[0.958s] -- Up-to-date: /home/curro/ROAR/ros2_ws/install/roar_gokart_msgs/share/roar_gokart_msgs/package.xml
[0.964s] Invoked command in '/home/curro/ROAR/ros2_ws/build/roar_gokart_msgs' returned '0': CMAKE_PREFIX_PATH=${CMAKE_PREFIX_PATH}:/opt/ros/iron CONDA_PROMPT_MODIFIER=(base) /home/curro/anaconda3/bin/cmake --install /home/curro/ROAR/ros2_ws/build/roar_gokart_msgs
